{"C:\\Users\\Ash.Davies\\Sites\\personal\\FairShare\\src\\core\\Constants.js":{"path":"C:\\Users\\Ash.Davies\\Sites\\personal\\FairShare\\src\\core\\Constants.js","statementMap":{"0":{"start":{"line":10,"column":26},"end":{"line":32,"column":1}},"1":{"start":{"line":38,"column":21},"end":{"line":75,"column":1}},"2":{"start":{"line":80,"column":16},"end":{"line":90,"column":1}},"3":{"start":{"line":95,"column":20},"end":{"line":95,"column":123}},"4":{"start":{"line":100,"column":20},"end":{"line":120,"column":1}},"5":{"start":{"line":125,"column":19},"end":{"line":133,"column":1}}},"fnMap":{},"branchMap":{},"s":{"0":1,"1":1,"2":1,"3":1,"4":1,"5":1},"f":{},"b":{},"_coverageSchema":"1a1c01bbd47fc00a2c39e90264f33305004495a9","hash":"7b56db91bc21400cd8bcabf22f36df71ead9b936"},"C:\\Users\\Ash.Davies\\Sites\\personal\\FairShare\\src\\core\\FinanceEngine.js":{"path":"C:\\Users\\Ash.Davies\\Sites\\personal\\FairShare\\src\\core\\FinanceEngine.js","statementMap":{"0":{"start":{"line":9,"column":22},"end":{"line":136,"column":1}},"1":{"start":{"line":17,"column":18},"end":{"line":17,"column":19}},"2":{"start":{"line":18,"column":24},"end":{"line":18,"column":25}},"3":{"start":{"line":19,"column":8},"end":{"line":27,"column":9}},"4":{"start":{"line":20,"column":12},"end":{"line":26,"column":13}},"5":{"start":{"line":21,"column":30},"end":{"line":21,"column":54}},"6":{"start":{"line":22,"column":38},"end":{"line":22,"column":72}},"7":{"start":{"line":23,"column":16},"end":{"line":23,"column":52}},"8":{"start":{"line":24,"column":16},"end":{"line":24,"column":42}},"9":{"start":{"line":24,"column":36},"end":{"line":24,"column":42}},"10":{"start":{"line":25,"column":16},"end":{"line":25,"column":34}},"11":{"start":{"line":28,"column":8},"end":{"line":28,"column":19}},"12":{"start":{"line":38,"column":8},"end":{"line":38,"column":82}},"13":{"start":{"line":38,"column":25},"end":{"line":38,"column":82}},"14":{"start":{"line":40,"column":23},"end":{"line":40,"column":72}},"15":{"start":{"line":43,"column":30},"end":{"line":43,"column":54}},"16":{"start":{"line":44,"column":8},"end":{"line":46,"column":9}},"17":{"start":{"line":45,"column":12},"end":{"line":45,"column":109}},"18":{"start":{"line":49,"column":29},"end":{"line":52,"column":9}},"19":{"start":{"line":54,"column":24},"end":{"line":54,"column":25}},"20":{"start":{"line":55,"column":24},"end":{"line":55,"column":25}},"21":{"start":{"line":56,"column":29},"end":{"line":56,"column":49}},"22":{"start":{"line":58,"column":8},"end":{"line":70,"column":9}},"23":{"start":{"line":59,"column":26},"end":{"line":59,"column":47}},"24":{"start":{"line":60,"column":12},"end":{"line":60,"column":45}},"25":{"start":{"line":60,"column":36},"end":{"line":60,"column":45}},"26":{"start":{"line":62,"column":12},"end":{"line":68,"column":13}},"27":{"start":{"line":63,"column":42},"end":{"line":63,"column":77}},"28":{"start":{"line":64,"column":16},"end":{"line":64,"column":59}},"29":{"start":{"line":65,"column":16},"end":{"line":67,"column":17}},"30":{"start":{"line":66,"column":20},"end":{"line":66,"column":47}},"31":{"start":{"line":69,"column":12},"end":{"line":69,"column":30}},"32":{"start":{"line":74,"column":17},"end":{"line":74,"column":18}},"33":{"start":{"line":75,"column":8},"end":{"line":79,"column":9}},"34":{"start":{"line":76,"column":12},"end":{"line":76,"column":70}},"35":{"start":{"line":77,"column":15},"end":{"line":79,"column":9}},"36":{"start":{"line":78,"column":12},"end":{"line":78,"column":41}},"37":{"start":{"line":81,"column":8},"end":{"line":84,"column":10}},"38":{"start":{"line":96,"column":8},"end":{"line":96,"column":33}},"39":{"start":{"line":96,"column":24},"end":{"line":96,"column":33}},"40":{"start":{"line":97,"column":31},"end":{"line":97,"column":70}},"41":{"start":{"line":98,"column":29},"end":{"line":98,"column":50}},"42":{"start":{"line":100,"column":8},"end":{"line":108,"column":9}},"43":{"start":{"line":101,"column":12},"end":{"line":103,"column":13}},"44":{"start":{"line":102,"column":16},"end":{"line":102,"column":74}},"45":{"start":{"line":104,"column":12},"end":{"line":107,"column":13}},"46":{"start":{"line":105,"column":36},"end":{"line":105,"column":91}},"47":{"start":{"line":106,"column":16},"end":{"line":106,"column":75}},"48":{"start":{"line":110,"column":18},"end":{"line":110,"column":73}},"49":{"start":{"line":111,"column":8},"end":{"line":113,"column":9}},"50":{"start":{"line":112,"column":12},"end":{"line":112,"column":62}},"51":{"start":{"line":114,"column":8},"end":{"line":114,"column":31}},"52":{"start":{"line":125,"column":8},"end":{"line":127,"column":9}},"53":{"start":{"line":126,"column":12},"end":{"line":126,"column":60}},"54":{"start":{"line":128,"column":28},"end":{"line":128,"column":51}},"55":{"start":{"line":129,"column":33},"end":{"line":129,"column":47}},"56":{"start":{"line":130,"column":31},"end":{"line":130,"column":154}},"57":{"start":{"line":131,"column":8},"end":{"line":134,"column":10}}},"fnMap":{"0":{"name":"(anonymous_0)","decl":{"start":{"line":16,"column":4},"end":{"line":16,"column":5}},"loc":{"start":{"line":16,"column":47},"end":{"line":29,"column":5}},"line":16},"1":{"name":"(anonymous_1)","decl":{"start":{"line":37,"column":4},"end":{"line":37,"column":5}},"loc":{"start":{"line":37,"column":52},"end":{"line":85,"column":5}},"line":37},"2":{"name":"(anonymous_2)","decl":{"start":{"line":95,"column":4},"end":{"line":95,"column":5}},"loc":{"start":{"line":95,"column":62},"end":{"line":115,"column":5}},"line":95},"3":{"name":"(anonymous_3)","decl":{"start":{"line":124,"column":4},"end":{"line":124,"column":5}},"loc":{"start":{"line":124,"column":63},"end":{"line":135,"column":5}},"line":124}},"branchMap":{"0":{"loc":{"start":{"line":20,"column":12},"end":{"line":26,"column":13}},"type":"if","locations":[{"start":{"line":20,"column":12},"end":{"line":26,"column":13}},{"start":{},"end":{}}],"line":20},"1":{"loc":{"start":{"line":21,"column":30},"end":{"line":21,"column":54}},"type":"binary-expr","locations":[{"start":{"line":21,"column":30},"end":{"line":21,"column":42}},{"start":{"line":21,"column":46},"end":{"line":21,"column":54}}],"line":21},"2":{"loc":{"start":{"line":24,"column":16},"end":{"line":24,"column":42}},"type":"if","locations":[{"start":{"line":24,"column":16},"end":{"line":24,"column":42}},{"start":{},"end":{}}],"line":24},"3":{"loc":{"start":{"line":37,"column":37},"end":{"line":37,"column":50}},"type":"default-arg","locations":[{"start":{"line":37,"column":46},"end":{"line":37,"column":50}}],"line":37},"4":{"loc":{"start":{"line":38,"column":8},"end":{"line":38,"column":82}},"type":"if","locations":[{"start":{"line":38,"column":8},"end":{"line":38,"column":82}},{"start":{},"end":{}}],"line":38},"5":{"loc":{"start":{"line":40,"column":23},"end":{"line":40,"column":72}},"type":"binary-expr","locations":[{"start":{"line":40,"column":23},"end":{"line":40,"column":48}},{"start":{"line":40,"column":52},"end":{"line":40,"column":72}}],"line":40},"6":{"loc":{"start":{"line":44,"column":8},"end":{"line":46,"column":9}},"type":"if","locations":[{"start":{"line":44,"column":8},"end":{"line":46,"column":9}},{"start":{},"end":{}}],"line":44},"7":{"loc":{"start":{"line":59,"column":26},"end":{"line":59,"column":47}},"type":"binary-expr","locations":[{"start":{"line":59,"column":26},"end":{"line":59,"column":35}},{"start":{"line":59,"column":39},"end":{"line":59,"column":47}}],"line":59},"8":{"loc":{"start":{"line":60,"column":12},"end":{"line":60,"column":45}},"type":"if","locations":[{"start":{"line":60,"column":12},"end":{"line":60,"column":45}},{"start":{},"end":{}}],"line":60},"9":{"loc":{"start":{"line":62,"column":12},"end":{"line":68,"column":13}},"type":"if","locations":[{"start":{"line":62,"column":12},"end":{"line":68,"column":13}},{"start":{},"end":{}}],"line":62},"10":{"loc":{"start":{"line":65,"column":16},"end":{"line":67,"column":17}},"type":"if","locations":[{"start":{"line":65,"column":16},"end":{"line":67,"column":17}},{"start":{},"end":{}}],"line":65},"11":{"loc":{"start":{"line":75,"column":8},"end":{"line":79,"column":9}},"type":"if","locations":[{"start":{"line":75,"column":8},"end":{"line":79,"column":9}},{"start":{"line":77,"column":15},"end":{"line":79,"column":9}}],"line":75},"12":{"loc":{"start":{"line":77,"column":15},"end":{"line":79,"column":9}},"type":"if","locations":[{"start":{"line":77,"column":15},"end":{"line":79,"column":9}},{"start":{},"end":{}}],"line":77},"13":{"loc":{"start":{"line":96,"column":8},"end":{"line":96,"column":33}},"type":"if","locations":[{"start":{"line":96,"column":8},"end":{"line":96,"column":33}},{"start":{},"end":{}}],"line":96},"14":{"loc":{"start":{"line":97,"column":31},"end":{"line":97,"column":70}},"type":"binary-expr","locations":[{"start":{"line":97,"column":31},"end":{"line":97,"column":51}},{"start":{"line":97,"column":55},"end":{"line":97,"column":70}}],"line":97},"15":{"loc":{"start":{"line":100,"column":8},"end":{"line":108,"column":9}},"type":"if","locations":[{"start":{"line":100,"column":8},"end":{"line":108,"column":9}},{"start":{},"end":{}}],"line":100},"16":{"loc":{"start":{"line":100,"column":12},"end":{"line":100,"column":34}},"type":"binary-expr","locations":[{"start":{"line":100,"column":12},"end":{"line":100,"column":17}},{"start":{"line":100,"column":21},"end":{"line":100,"column":34}}],"line":100},"17":{"loc":{"start":{"line":101,"column":12},"end":{"line":103,"column":13}},"type":"if","locations":[{"start":{"line":101,"column":12},"end":{"line":103,"column":13}},{"start":{},"end":{}}],"line":101},"18":{"loc":{"start":{"line":101,"column":16},"end":{"line":101,"column":50}},"type":"binary-expr","locations":[{"start":{"line":101,"column":16},"end":{"line":101,"column":31}},{"start":{"line":101,"column":35},"end":{"line":101,"column":50}}],"line":101},"19":{"loc":{"start":{"line":104,"column":12},"end":{"line":107,"column":13}},"type":"if","locations":[{"start":{"line":104,"column":12},"end":{"line":107,"column":13}},{"start":{},"end":{}}],"line":104},"20":{"loc":{"start":{"line":111,"column":8},"end":{"line":113,"column":9}},"type":"if","locations":[{"start":{"line":111,"column":8},"end":{"line":113,"column":9}},{"start":{},"end":{}}],"line":111},"21":{"loc":{"start":{"line":111,"column":12},"end":{"line":111,"column":42}},"type":"binary-expr","locations":[{"start":{"line":111,"column":12},"end":{"line":111,"column":24}},{"start":{"line":111,"column":28},"end":{"line":111,"column":42}}],"line":111},"22":{"loc":{"start":{"line":125,"column":8},"end":{"line":127,"column":9}},"type":"if","locations":[{"start":{"line":125,"column":8},"end":{"line":127,"column":9}},{"start":{},"end":{}}],"line":125},"23":{"loc":{"start":{"line":125,"column":12},"end":{"line":125,"column":63}},"type":"binary-expr","locations":[{"start":{"line":125,"column":12},"end":{"line":125,"column":26}},{"start":{"line":125,"column":30},"end":{"line":125,"column":45}},{"start":{"line":125,"column":49},"end":{"line":125,"column":63}}],"line":125}},"s":{"0":1,"1":6,"2":6,"3":6,"4":17,"5":12,"6":12,"7":12,"8":12,"9":5,"10":7,"11":6,"12":3,"13":0,"14":3,"15":3,"16":3,"17":1,"18":3,"19":3,"20":3,"21":3,"22":3,"23":15,"24":15,"25":1,"26":14,"27":9,"28":9,"29":9,"30":3,"31":14,"32":3,"33":3,"34":1,"35":2,"36":2,"37":3,"38":4,"39":0,"40":4,"41":4,"42":4,"43":1,"44":1,"45":0,"46":0,"47":0,"48":3,"49":3,"50":1,"51":3,"52":1,"53":1,"54":0,"55":0,"56":0,"57":0},"f":{"0":6,"1":3,"2":4,"3":1},"b":{"0":[12,5],"1":[12,0],"2":[5,7],"3":[0],"4":[0,3],"5":[3,0],"6":[1,2],"7":[15,0],"8":[1,14],"9":[9,5],"10":[3,6],"11":[1,2],"12":[2,0],"13":[0,4],"14":[4,0],"15":[1,3],"16":[4,1],"17":[1,0],"18":[1,1],"19":[0,0],"20":[1,2],"21":[3,1],"22":[1,0],"23":[1,1,0]},"_coverageSchema":"1a1c01bbd47fc00a2c39e90264f33305004495a9","hash":"01199420606a4c1feae8d83f463fbda7a289093c"},"C:\\Users\\Ash.Davies\\Sites\\personal\\FairShare\\src\\core\\State.js":{"path":"C:\\Users\\Ash.Davies\\Sites\\personal\\FairShare\\src\\core\\State.js","statementMap":{"0":{"start":{"line":6,"column":22},"end":{"line":50,"column":1}},"1":{"start":{"line":52,"column":14},"end":{"line":154,"column":1}},"2":{"start":{"line":56,"column":17},"end":{"line":56,"column":34}},"3":{"start":{"line":63,"column":8},"end":{"line":63,"column":42}},"4":{"start":{"line":65,"column":8},"end":{"line":65,"column":41}},"5":{"start":{"line":67,"column":21},"end":{"line":67,"column":25}},"6":{"start":{"line":69,"column":24},"end":{"line":83,"column":9}},"7":{"start":{"line":71,"column":16},"end":{"line":71,"column":56}},"8":{"start":{"line":71,"column":44},"end":{"line":71,"column":56}},"9":{"start":{"line":72,"column":16},"end":{"line":72,"column":37}},"10":{"start":{"line":73,"column":16},"end":{"line":73,"column":31}},"11":{"start":{"line":74,"column":16},"end":{"line":74,"column":63}},"12":{"start":{"line":74,"column":36},"end":{"line":74,"column":63}},"13":{"start":{"line":75,"column":16},"end":{"line":75,"column":28}},"14":{"start":{"line":78,"column":16},"end":{"line":80,"column":17}},"15":{"start":{"line":79,"column":20},"end":{"line":79,"column":60}},"16":{"start":{"line":81,"column":16},"end":{"line":81,"column":36}},"17":{"start":{"line":86,"column":8},"end":{"line":86,"column":52}},"18":{"start":{"line":95,"column":8},"end":{"line":95,"column":43}},"19":{"start":{"line":96,"column":8},"end":{"line":96,"column":23}},"20":{"start":{"line":97,"column":8},"end":{"line":97,"column":55}},"21":{"start":{"line":97,"column":28},"end":{"line":97,"column":55}},"22":{"start":{"line":105,"column":8},"end":{"line":105,"column":68}},"23":{"start":{"line":105,"column":61},"end":{"line":105,"column":68}},"24":{"start":{"line":107,"column":8},"end":{"line":107,"column":41}},"25":{"start":{"line":107,"column":34},"end":{"line":107,"column":41}},"26":{"start":{"line":109,"column":8},"end":{"line":112,"column":16}},"27":{"start":{"line":110,"column":12},"end":{"line":110,"column":78}},"28":{"start":{"line":111,"column":12},"end":{"line":111,"column":40}},"29":{"start":{"line":120,"column":8},"end":{"line":120,"column":79}},"30":{"start":{"line":120,"column":61},"end":{"line":120,"column":79}},"31":{"start":{"line":122,"column":23},"end":{"line":122,"column":60}},"32":{"start":{"line":123,"column":8},"end":{"line":130,"column":9}},"33":{"start":{"line":124,"column":12},"end":{"line":129,"column":13}},"34":{"start":{"line":125,"column":31},"end":{"line":125,"column":49}},"35":{"start":{"line":126,"column":16},"end":{"line":126,"column":36}},"36":{"start":{"line":128,"column":16},"end":{"line":128,"column":61}},"37":{"start":{"line":131,"column":8},"end":{"line":131,"column":26}},"38":{"start":{"line":139,"column":8},"end":{"line":142,"column":9}},"39":{"start":{"line":140,"column":12},"end":{"line":140,"column":47}},"40":{"start":{"line":141,"column":12},"end":{"line":141,"column":40}},"41":{"start":{"line":143,"column":8},"end":{"line":143,"column":49}},"42":{"start":{"line":144,"column":8},"end":{"line":144,"column":35}},"43":{"start":{"line":152,"column":8},"end":{"line":152,"column":26}}},"fnMap":{"0":{"name":"(anonymous_0)","decl":{"start":{"line":62,"column":4},"end":{"line":62,"column":5}},"loc":{"start":{"line":62,"column":71},"end":{"line":87,"column":5}},"line":62},"1":{"name":"(anonymous_1)","decl":{"start":{"line":70,"column":17},"end":{"line":70,"column":18}},"loc":{"start":{"line":70,"column":42},"end":{"line":76,"column":13}},"line":70},"2":{"name":"(anonymous_2)","decl":{"start":{"line":77,"column":17},"end":{"line":77,"column":18}},"loc":{"start":{"line":77,"column":35},"end":{"line":82,"column":13}},"line":77},"3":{"name":"(anonymous_3)","decl":{"start":{"line":93,"column":4},"end":{"line":93,"column":5}},"loc":{"start":{"line":93,"column":20},"end":{"line":98,"column":5}},"line":93},"4":{"name":"(anonymous_4)","decl":{"start":{"line":104,"column":4},"end":{"line":104,"column":5}},"loc":{"start":{"line":104,"column":14},"end":{"line":113,"column":5}},"line":104},"5":{"name":"(anonymous_5)","decl":{"start":{"line":109,"column":42},"end":{"line":109,"column":43}},"loc":{"start":{"line":109,"column":48},"end":{"line":112,"column":9}},"line":109},"6":{"name":"(anonymous_6)","decl":{"start":{"line":119,"column":4},"end":{"line":119,"column":5}},"loc":{"start":{"line":119,"column":14},"end":{"line":132,"column":5}},"line":119},"7":{"name":"(anonymous_7)","decl":{"start":{"line":138,"column":4},"end":{"line":138,"column":5}},"loc":{"start":{"line":138,"column":12},"end":{"line":145,"column":5}},"line":138},"8":{"name":"(anonymous_8)","decl":{"start":{"line":151,"column":4},"end":{"line":151,"column":5}},"loc":{"start":{"line":151,"column":15},"end":{"line":153,"column":5}},"line":151}},"branchMap":{"0":{"loc":{"start":{"line":62,"column":16},"end":{"line":62,"column":44}},"type":"default-arg","locations":[{"start":{"line":62,"column":31},"end":{"line":62,"column":44}}],"line":62},"1":{"loc":{"start":{"line":62,"column":46},"end":{"line":62,"column":69}},"type":"default-arg","locations":[{"start":{"line":62,"column":65},"end":{"line":62,"column":69}}],"line":62},"2":{"loc":{"start":{"line":71,"column":16},"end":{"line":71,"column":56}},"type":"if","locations":[{"start":{"line":71,"column":16},"end":{"line":71,"column":56}},{"start":{},"end":{}}],"line":71},"3":{"loc":{"start":{"line":74,"column":16},"end":{"line":74,"column":63}},"type":"if","locations":[{"start":{"line":74,"column":16},"end":{"line":74,"column":63}},{"start":{},"end":{}}],"line":74},"4":{"loc":{"start":{"line":78,"column":16},"end":{"line":80,"column":17}},"type":"if","locations":[{"start":{"line":78,"column":16},"end":{"line":80,"column":17}},{"start":{},"end":{}}],"line":78},"5":{"loc":{"start":{"line":78,"column":20},"end":{"line":78,"column":77}},"type":"binary-expr","locations":[{"start":{"line":78,"column":20},"end":{"line":78,"column":52}},{"start":{"line":78,"column":56},"end":{"line":78,"column":77}}],"line":78},"6":{"loc":{"start":{"line":97,"column":8},"end":{"line":97,"column":55}},"type":"if","locations":[{"start":{"line":97,"column":8},"end":{"line":97,"column":55}},{"start":{},"end":{}}],"line":97},"7":{"loc":{"start":{"line":105,"column":8},"end":{"line":105,"column":68}},"type":"if","locations":[{"start":{"line":105,"column":8},"end":{"line":105,"column":68}},{"start":{},"end":{}}],"line":105},"8":{"loc":{"start":{"line":105,"column":12},"end":{"line":105,"column":59}},"type":"binary-expr","locations":[{"start":{"line":105,"column":12},"end":{"line":105,"column":41}},{"start":{"line":105,"column":45},"end":{"line":105,"column":59}}],"line":105},"9":{"loc":{"start":{"line":107,"column":8},"end":{"line":107,"column":41}},"type":"if","locations":[{"start":{"line":107,"column":8},"end":{"line":107,"column":41}},{"start":{},"end":{}}],"line":107},"10":{"loc":{"start":{"line":120,"column":8},"end":{"line":120,"column":79}},"type":"if","locations":[{"start":{"line":120,"column":8},"end":{"line":120,"column":79}},{"start":{},"end":{}}],"line":120},"11":{"loc":{"start":{"line":120,"column":12},"end":{"line":120,"column":59}},"type":"binary-expr","locations":[{"start":{"line":120,"column":12},"end":{"line":120,"column":41}},{"start":{"line":120,"column":45},"end":{"line":120,"column":59}}],"line":120},"12":{"loc":{"start":{"line":123,"column":8},"end":{"line":130,"column":9}},"type":"if","locations":[{"start":{"line":123,"column":8},"end":{"line":130,"column":9}},{"start":{},"end":{}}],"line":123},"13":{"loc":{"start":{"line":139,"column":8},"end":{"line":142,"column":9}},"type":"if","locations":[{"start":{"line":139,"column":8},"end":{"line":142,"column":9}},{"start":{},"end":{}}],"line":139}},"s":{"0":1,"1":1,"2":5,"3":5,"4":5,"5":5,"6":5,"7":38,"8":0,"9":38,"10":38,"11":38,"12":3,"13":38,"14":7,"15":0,"16":7,"17":5,"18":3,"19":3,"20":3,"21":1,"22":41,"23":0,"24":41,"25":37,"26":4,"27":0,"28":0,"29":1,"30":0,"31":1,"32":1,"33":1,"34":1,"35":1,"36":0,"37":1,"38":1,"39":0,"40":0,"41":1,"42":1,"43":8},"f":{"0":5,"1":38,"2":7,"3":3,"4":41,"5":0,"6":1,"7":1,"8":8},"b":{"0":[0],"1":[3],"2":[0,38],"3":[3,35],"4":[0,7],"5":[7,0],"6":[1,2],"7":[0,41],"8":[41,41],"9":[37,4],"10":[0,1],"11":[1,1],"12":[1,0],"13":[0,1]},"_coverageSchema":"1a1c01bbd47fc00a2c39e90264f33305004495a9","hash":"848e3d5ed987ff599e7b634b9e9e2d4dce51e052"},"C:\\Users\\Ash.Davies\\Sites\\personal\\FairShare\\src\\core\\Validator.js":{"path":"C:\\Users\\Ash.Davies\\Sites\\personal\\FairShare\\src\\core\\Validator.js","statementMap":{"0":{"start":{"line":7,"column":15},"end":{"line":25,"column":1}},"1":{"start":{"line":27,"column":18},"end":{"line":115,"column":1}},"2":{"start":{"line":35,"column":21},"end":{"line":35,"column":34}},"3":{"start":{"line":36,"column":8},"end":{"line":36,"column":31}},"4":{"start":{"line":36,"column":19},"end":{"line":36,"column":31}},"5":{"start":{"line":38,"column":8},"end":{"line":38,"column":99}},"6":{"start":{"line":38,"column":86},"end":{"line":38,"column":99}},"7":{"start":{"line":40,"column":8},"end":{"line":45,"column":9}},"8":{"start":{"line":41,"column":24},"end":{"line":41,"column":41}},"9":{"start":{"line":42,"column":12},"end":{"line":42,"column":41}},"10":{"start":{"line":42,"column":28},"end":{"line":42,"column":41}},"11":{"start":{"line":43,"column":12},"end":{"line":43,"column":71}},"12":{"start":{"line":43,"column":58},"end":{"line":43,"column":71}},"13":{"start":{"line":44,"column":12},"end":{"line":44,"column":71}},"14":{"start":{"line":44,"column":58},"end":{"line":44,"column":71}},"15":{"start":{"line":47,"column":8},"end":{"line":49,"column":9}},"16":{"start":{"line":48,"column":12},"end":{"line":48,"column":25}},"17":{"start":{"line":51,"column":8},"end":{"line":53,"column":9}},"18":{"start":{"line":52,"column":12},"end":{"line":52,"column":25}},"19":{"start":{"line":55,"column":8},"end":{"line":55,"column":20}},"20":{"start":{"line":65,"column":23},"end":{"line":65,"column":25}},"21":{"start":{"line":66,"column":22},"end":{"line":66,"column":26}},"22":{"start":{"line":68,"column":25},"end":{"line":71,"column":9}},"23":{"start":{"line":69,"column":12},"end":{"line":69,"column":28}},"24":{"start":{"line":70,"column":12},"end":{"line":70,"column":31}},"25":{"start":{"line":73,"column":8},"end":{"line":111,"column":9}},"26":{"start":{"line":75,"column":16},"end":{"line":75,"column":89}},"27":{"start":{"line":75,"column":68},"end":{"line":75,"column":89}},"28":{"start":{"line":76,"column":16},"end":{"line":76,"column":89}},"29":{"start":{"line":76,"column":68},"end":{"line":76,"column":89}},"30":{"start":{"line":78,"column":16},"end":{"line":81,"column":17}},"31":{"start":{"line":79,"column":20},"end":{"line":79,"column":41}},"32":{"start":{"line":80,"column":20},"end":{"line":80,"column":41}},"33":{"start":{"line":82,"column":16},"end":{"line":82,"column":22}},"34":{"start":{"line":85,"column":16},"end":{"line":85,"column":89}},"35":{"start":{"line":85,"column":68},"end":{"line":85,"column":89}},"36":{"start":{"line":86,"column":16},"end":{"line":86,"column":104}},"37":{"start":{"line":86,"column":78},"end":{"line":86,"column":104}},"38":{"start":{"line":87,"column":16},"end":{"line":87,"column":86}},"39":{"start":{"line":87,"column":66},"end":{"line":87,"column":86}},"40":{"start":{"line":88,"column":16},"end":{"line":88,"column":22}},"41":{"start":{"line":91,"column":16},"end":{"line":95,"column":17}},"42":{"start":{"line":92,"column":20},"end":{"line":92,"column":120}},"43":{"start":{"line":92,"column":90},"end":{"line":92,"column":120}},"44":{"start":{"line":94,"column":20},"end":{"line":94,"column":108}},"45":{"start":{"line":94,"column":82},"end":{"line":94,"column":108}},"46":{"start":{"line":96,"column":16},"end":{"line":96,"column":125}},"47":{"start":{"line":96,"column":92},"end":{"line":96,"column":125}},"48":{"start":{"line":97,"column":16},"end":{"line":97,"column":101}},"49":{"start":{"line":97,"column":76},"end":{"line":97,"column":101}},"50":{"start":{"line":98,"column":16},"end":{"line":98,"column":22}},"51":{"start":{"line":101,"column":16},"end":{"line":103,"column":19}},"52":{"start":{"line":102,"column":20},"end":{"line":102,"column":69}},"53":{"start":{"line":102,"column":57},"end":{"line":102,"column":69}},"54":{"start":{"line":104,"column":16},"end":{"line":104,"column":22}},"55":{"start":{"line":107,"column":16},"end":{"line":109,"column":19}},"56":{"start":{"line":108,"column":20},"end":{"line":108,"column":69}},"57":{"start":{"line":108,"column":57},"end":{"line":108,"column":69}},"58":{"start":{"line":110,"column":16},"end":{"line":110,"column":22}},"59":{"start":{"line":113,"column":8},"end":{"line":113,"column":35}}},"fnMap":{"0":{"name":"(anonymous_0)","decl":{"start":{"line":34,"column":4},"end":{"line":34,"column":5}},"loc":{"start":{"line":34,"column":39},"end":{"line":56,"column":5}},"line":34},"1":{"name":"(anonymous_1)","decl":{"start":{"line":64,"column":4},"end":{"line":64,"column":5}},"loc":{"start":{"line":64,"column":42},"end":{"line":114,"column":5}},"line":64},"2":{"name":"(anonymous_2)","decl":{"start":{"line":68,"column":25},"end":{"line":68,"column":26}},"loc":{"start":{"line":68,"column":36},"end":{"line":71,"column":9}},"line":68},"3":{"name":"(anonymous_3)","decl":{"start":{"line":101,"column":87},"end":{"line":101,"column":88}},"loc":{"start":{"line":101,"column":92},"end":{"line":103,"column":17}},"line":101},"4":{"name":"(anonymous_4)","decl":{"start":{"line":107,"column":96},"end":{"line":107,"column":97}},"loc":{"start":{"line":107,"column":101},"end":{"line":109,"column":17}},"line":107}},"branchMap":{"0":{"loc":{"start":{"line":36,"column":8},"end":{"line":36,"column":31}},"type":"if","locations":[{"start":{"line":36,"column":8},"end":{"line":36,"column":31}},{"start":{},"end":{}}],"line":36},"1":{"loc":{"start":{"line":38,"column":8},"end":{"line":38,"column":99}},"type":"if","locations":[{"start":{"line":38,"column":8},"end":{"line":38,"column":99}},{"start":{},"end":{}}],"line":38},"2":{"loc":{"start":{"line":38,"column":12},"end":{"line":38,"column":84}},"type":"binary-expr","locations":[{"start":{"line":38,"column":12},"end":{"line":38,"column":25}},{"start":{"line":38,"column":30},"end":{"line":38,"column":49}},{"start":{"line":38,"column":53},"end":{"line":38,"column":67}},{"start":{"line":38,"column":71},"end":{"line":38,"column":83}}],"line":38},"3":{"loc":{"start":{"line":40,"column":8},"end":{"line":45,"column":9}},"type":"if","locations":[{"start":{"line":40,"column":8},"end":{"line":45,"column":9}},{"start":{},"end":{}}],"line":40},"4":{"loc":{"start":{"line":42,"column":12},"end":{"line":42,"column":41}},"type":"if","locations":[{"start":{"line":42,"column":12},"end":{"line":42,"column":41}},{"start":{},"end":{}}],"line":42},"5":{"loc":{"start":{"line":43,"column":12},"end":{"line":43,"column":71}},"type":"if","locations":[{"start":{"line":43,"column":12},"end":{"line":43,"column":71}},{"start":{},"end":{}}],"line":43},"6":{"loc":{"start":{"line":43,"column":16},"end":{"line":43,"column":56}},"type":"binary-expr","locations":[{"start":{"line":43,"column":16},"end":{"line":43,"column":38}},{"start":{"line":43,"column":42},"end":{"line":43,"column":56}}],"line":43},"7":{"loc":{"start":{"line":44,"column":12},"end":{"line":44,"column":71}},"type":"if","locations":[{"start":{"line":44,"column":12},"end":{"line":44,"column":71}},{"start":{},"end":{}}],"line":44},"8":{"loc":{"start":{"line":44,"column":16},"end":{"line":44,"column":56}},"type":"binary-expr","locations":[{"start":{"line":44,"column":16},"end":{"line":44,"column":38}},{"start":{"line":44,"column":42},"end":{"line":44,"column":56}}],"line":44},"9":{"loc":{"start":{"line":47,"column":8},"end":{"line":49,"column":9}},"type":"if","locations":[{"start":{"line":47,"column":8},"end":{"line":49,"column":9}},{"start":{},"end":{}}],"line":47},"10":{"loc":{"start":{"line":47,"column":12},"end":{"line":47,"column":79}},"type":"binary-expr","locations":[{"start":{"line":47,"column":12},"end":{"line":47,"column":34}},{"start":{"line":47,"column":38},"end":{"line":47,"column":50}},{"start":{"line":47,"column":54},"end":{"line":47,"column":79}}],"line":47},"11":{"loc":{"start":{"line":51,"column":8},"end":{"line":53,"column":9}},"type":"if","locations":[{"start":{"line":51,"column":8},"end":{"line":53,"column":9}},{"start":{},"end":{}}],"line":51},"12":{"loc":{"start":{"line":51,"column":12},"end":{"line":51,"column":51}},"type":"binary-expr","locations":[{"start":{"line":51,"column":12},"end":{"line":51,"column":21}},{"start":{"line":51,"column":25},"end":{"line":51,"column":51}}],"line":51},"13":{"loc":{"start":{"line":73,"column":8},"end":{"line":111,"column":9}},"type":"switch","locations":[{"start":{"line":74,"column":12},"end":{"line":82,"column":22}},{"start":{"line":84,"column":12},"end":{"line":88,"column":22}},{"start":{"line":90,"column":12},"end":{"line":98,"column":22}},{"start":{"line":100,"column":12},"end":{"line":104,"column":22}},{"start":{"line":106,"column":12},"end":{"line":110,"column":22}}],"line":73},"14":{"loc":{"start":{"line":75,"column":16},"end":{"line":75,"column":89}},"type":"if","locations":[{"start":{"line":75,"column":16},"end":{"line":75,"column":89}},{"start":{},"end":{}}],"line":75},"15":{"loc":{"start":{"line":76,"column":16},"end":{"line":76,"column":89}},"type":"if","locations":[{"start":{"line":76,"column":16},"end":{"line":76,"column":89}},{"start":{},"end":{}}],"line":76},"16":{"loc":{"start":{"line":78,"column":16},"end":{"line":81,"column":17}},"type":"if","locations":[{"start":{"line":78,"column":16},"end":{"line":81,"column":17}},{"start":{},"end":{}}],"line":78},"17":{"loc":{"start":{"line":78,"column":21},"end":{"line":78,"column":51}},"type":"binary-expr","locations":[{"start":{"line":78,"column":21},"end":{"line":78,"column":46}},{"start":{"line":78,"column":50},"end":{"line":78,"column":51}}],"line":78},"18":{"loc":{"start":{"line":78,"column":56},"end":{"line":78,"column":86}},"type":"binary-expr","locations":[{"start":{"line":78,"column":56},"end":{"line":78,"column":81}},{"start":{"line":78,"column":85},"end":{"line":78,"column":86}}],"line":78},"19":{"loc":{"start":{"line":85,"column":16},"end":{"line":85,"column":89}},"type":"if","locations":[{"start":{"line":85,"column":16},"end":{"line":85,"column":89}},{"start":{},"end":{}}],"line":85},"20":{"loc":{"start":{"line":86,"column":16},"end":{"line":86,"column":104}},"type":"if","locations":[{"start":{"line":86,"column":16},"end":{"line":86,"column":104}},{"start":{},"end":{}}],"line":86},"21":{"loc":{"start":{"line":87,"column":16},"end":{"line":87,"column":86}},"type":"if","locations":[{"start":{"line":87,"column":16},"end":{"line":87,"column":86}},{"start":{},"end":{}}],"line":87},"22":{"loc":{"start":{"line":91,"column":16},"end":{"line":95,"column":17}},"type":"if","locations":[{"start":{"line":91,"column":16},"end":{"line":95,"column":17}},{"start":{"line":93,"column":23},"end":{"line":95,"column":17}}],"line":91},"23":{"loc":{"start":{"line":92,"column":20},"end":{"line":92,"column":120}},"type":"if","locations":[{"start":{"line":92,"column":20},"end":{"line":92,"column":120}},{"start":{},"end":{}}],"line":92},"24":{"loc":{"start":{"line":94,"column":20},"end":{"line":94,"column":108}},"type":"if","locations":[{"start":{"line":94,"column":20},"end":{"line":94,"column":108}},{"start":{},"end":{}}],"line":94},"25":{"loc":{"start":{"line":96,"column":16},"end":{"line":96,"column":125}},"type":"if","locations":[{"start":{"line":96,"column":16},"end":{"line":96,"column":125}},{"start":{},"end":{}}],"line":96},"26":{"loc":{"start":{"line":97,"column":16},"end":{"line":97,"column":101}},"type":"if","locations":[{"start":{"line":97,"column":16},"end":{"line":97,"column":101}},{"start":{},"end":{}}],"line":97},"27":{"loc":{"start":{"line":102,"column":20},"end":{"line":102,"column":69}},"type":"if","locations":[{"start":{"line":102,"column":20},"end":{"line":102,"column":69}},{"start":{},"end":{}}],"line":102},"28":{"loc":{"start":{"line":108,"column":20},"end":{"line":108,"column":69}},"type":"if","locations":[{"start":{"line":108,"column":20},"end":{"line":108,"column":69}},{"start":{},"end":{}}],"line":108}},"s":{"0":1,"1":1,"2":23,"3":23,"4":0,"5":23,"6":1,"7":22,"8":11,"9":11,"10":1,"11":10,"12":2,"13":8,"14":1,"15":18,"16":2,"17":16,"18":1,"19":15,"20":4,"21":4,"22":4,"23":5,"24":5,"25":4,"26":2,"27":0,"28":2,"29":0,"30":2,"31":1,"32":1,"33":2,"34":2,"35":1,"36":2,"37":1,"38":2,"39":1,"40":2,"41":0,"42":0,"43":0,"44":0,"45":0,"46":0,"47":0,"48":0,"49":0,"50":0,"51":0,"52":0,"53":0,"54":0,"55":0,"56":0,"57":0,"58":0,"59":4},"f":{"0":23,"1":4,"2":5,"3":0,"4":0},"b":{"0":[0,23],"1":[1,22],"2":[23,21,21,21],"3":[11,11],"4":[1,10],"5":[2,8],"6":[10,10],"7":[1,7],"8":[8,2],"9":[2,16],"10":[18,11,8],"11":[1,15],"12":[16,3],"13":[2,2,0,0,0],"14":[0,2],"15":[0,2],"16":[1,1],"17":[2,1],"18":[2,2],"19":[1,1],"20":[1,1],"21":[1,1],"22":[0,0],"23":[0,0],"24":[0,0],"25":[0,0],"26":[0,0],"27":[0,0],"28":[0,0]},"_coverageSchema":"1a1c01bbd47fc00a2c39e90264f33305004495a9","hash":"2507debef6d9e5299cb6aa89ee2f47f50efd7e4c"},"C:\\Users\\Ash.Davies\\Sites\\personal\\FairShare\\src\\ui\\Components.js":{"path":"C:\\Users\\Ash.Davies\\Sites\\personal\\FairShare\\src\\ui\\Components.js","statementMap":{"0":{"start":{"line":6,"column":26},"end":{"line":11,"column":2}},"1":{"start":{"line":13,"column":34},"end":{"line":18,"column":2}},"2":{"start":{"line":26,"column":23},"end":{"line":28,"column":1}},"3":{"start":{"line":27,"column":4},"end":{"line":27,"column":98}},"4":{"start":{"line":39,"column":24},"end":{"line":48,"column":1}},"5":{"start":{"line":40,"column":19},"end":{"line":40,"column":41}},"6":{"start":{"line":41,"column":23},"end":{"line":41,"column":45}},"7":{"start":{"line":42,"column":4},"end":{"line":47,"column":6}}},"fnMap":{"0":{"name":"(anonymous_0)","decl":{"start":{"line":26,"column":47},"end":{"line":26,"column":48}},"loc":{"start":{"line":26,"column":70},"end":{"line":28,"column":1}},"line":26},"1":{"name":"(anonymous_1)","decl":{"start":{"line":39,"column":49},"end":{"line":39,"column":50}},"loc":{"start":{"line":39,"column":103},"end":{"line":48,"column":1}},"line":39}},"branchMap":{"0":{"loc":{"start":{"line":26,"column":53},"end":{"line":26,"column":65}},"type":"default-arg","locations":[{"start":{"line":26,"column":64},"end":{"line":26,"column":65}}],"line":26},"1":{"loc":{"start":{"line":27,"column":11},"end":{"line":27,"column":97}},"type":"cond-expr","locations":[{"start":{"line":27,"column":28},"end":{"line":27,"column":57}},{"start":{"line":27,"column":60},"end":{"line":27,"column":97}}],"line":27},"2":{"loc":{"start":{"line":39,"column":75},"end":{"line":39,"column":82}},"type":"default-arg","locations":[{"start":{"line":39,"column":80},"end":{"line":39,"column":82}}],"line":39},"3":{"loc":{"start":{"line":39,"column":84},"end":{"line":39,"column":98}},"type":"default-arg","locations":[{"start":{"line":39,"column":93},"end":{"line":39,"column":98}}],"line":39},"4":{"loc":{"start":{"line":40,"column":19},"end":{"line":40,"column":41}},"type":"cond-expr","locations":[{"start":{"line":40,"column":24},"end":{"line":40,"column":36}},{"start":{"line":40,"column":39},"end":{"line":40,"column":41}}],"line":40},"5":{"loc":{"start":{"line":41,"column":23},"end":{"line":41,"column":45}},"type":"cond-expr","locations":[{"start":{"line":41,"column":32},"end":{"line":41,"column":40}},{"start":{"line":41,"column":43},"end":{"line":41,"column":45}}],"line":41}},"s":{"0":1,"1":1,"2":1,"3":9,"4":1,"5":2,"6":2,"7":2},"f":{"0":9,"1":2},"b":{"0":[7],"1":[7,2],"2":[0],"3":[0],"4":[2,0],"5":[1,1]},"_coverageSchema":"1a1c01bbd47fc00a2c39e90264f33305004495a9","hash":"71a16cf39b8d3f69d3a76699fe900ada3b77192c"},"C:\\Users\\Ash.Davies\\Sites\\personal\\FairShare\\src\\services\\ApiService.js":{"path":"C:\\Users\\Ash.Davies\\Sites\\personal\\FairShare\\src\\services\\ApiService.js","statementMap":{"0":{"start":{"line":9,"column":19},"end":{"line":88,"column":1}},"1":{"start":{"line":16,"column":19},"end":{"line":16,"column":48}},"2":{"start":{"line":17,"column":8},"end":{"line":17,"column":29}},"3":{"start":{"line":17,"column":17},"end":{"line":17,"column":29}},"4":{"start":{"line":18,"column":26},"end":{"line":18,"column":45}},"5":{"start":{"line":19,"column":8},"end":{"line":19,"column":36}},"6":{"start":{"line":19,"column":24},"end":{"line":19,"column":36}},"7":{"start":{"line":20,"column":21},"end":{"line":20,"column":33}},"8":{"start":{"line":21,"column":8},"end":{"line":25,"column":9}},"9":{"start":{"line":22,"column":12},"end":{"line":24,"column":13}},"10":{"start":{"line":23,"column":16},"end":{"line":23,"column":65}},"11":{"start":{"line":26,"column":8},"end":{"line":26,"column":20}},"12":{"start":{"line":36,"column":23},"end":{"line":36,"column":59}},"13":{"start":{"line":37,"column":25},"end":{"line":37,"column":50}},"14":{"start":{"line":38,"column":8},"end":{"line":38,"column":59}},"15":{"start":{"line":49,"column":28},"end":{"line":57,"column":9}},"16":{"start":{"line":58,"column":28},"end":{"line":58,"column":81}},"17":{"start":{"line":59,"column":20},"end":{"line":59,"column":77}},"18":{"start":{"line":61,"column":8},"end":{"line":86,"column":9}},"19":{"start":{"line":62,"column":29},"end":{"line":65,"column":14}},"20":{"start":{"line":66,"column":12},"end":{"line":66,"column":88}},"21":{"start":{"line":66,"column":30},"end":{"line":66,"column":88}},"22":{"start":{"line":67,"column":25},"end":{"line":67,"column":46}},"23":{"start":{"line":68,"column":29},"end":{"line":68,"column":50}},"24":{"start":{"line":70,"column":12},"end":{"line":70,"column":72}},"25":{"start":{"line":70,"column":39},"end":{"line":70,"column":72}},"26":{"start":{"line":72,"column":26},"end":{"line":72,"column":94}},"27":{"start":{"line":72,"column":57},"end":{"line":72,"column":90}},"28":{"start":{"line":73,"column":28},"end":{"line":73,"column":51}},"29":{"start":{"line":74,"column":12},"end":{"line":74,"column":53}},"30":{"start":{"line":77,"column":35},"end":{"line":77,"column":53}},"31":{"start":{"line":78,"column":28},"end":{"line":78,"column":34}},"32":{"start":{"line":79,"column":12},"end":{"line":80,"column":135}},"33":{"start":{"line":79,"column":73},"end":{"line":79,"column":92}},"34":{"start":{"line":80,"column":17},"end":{"line":80,"column":135}},"35":{"start":{"line":80,"column":116},"end":{"line":80,"column":135}},"36":{"start":{"line":81,"column":12},"end":{"line":81,"column":50}},"37":{"start":{"line":82,"column":12},"end":{"line":85,"column":14}}},"fnMap":{"0":{"name":"(anonymous_0)","decl":{"start":{"line":15,"column":4},"end":{"line":15,"column":5}},"loc":{"start":{"line":15,"column":43},"end":{"line":27,"column":5}},"line":15},"1":{"name":"(anonymous_1)","decl":{"start":{"line":35,"column":4},"end":{"line":35,"column":5}},"loc":{"start":{"line":35,"column":50},"end":{"line":39,"column":5}},"line":35},"2":{"name":"(anonymous_2)","decl":{"start":{"line":48,"column":4},"end":{"line":48,"column":5}},"loc":{"start":{"line":48,"column":63},"end":{"line":87,"column":5}},"line":48},"3":{"name":"(anonymous_3)","decl":{"start":{"line":72,"column":42},"end":{"line":72,"column":43}},"loc":{"start":{"line":72,"column":57},"end":{"line":72,"column":90}},"line":72}},"branchMap":{"0":{"loc":{"start":{"line":17,"column":8},"end":{"line":17,"column":29}},"type":"if","locations":[{"start":{"line":17,"column":8},"end":{"line":17,"column":29}},{"start":{},"end":{}}],"line":17},"1":{"loc":{"start":{"line":19,"column":8},"end":{"line":19,"column":36}},"type":"if","locations":[{"start":{"line":19,"column":8},"end":{"line":19,"column":36}},{"start":{},"end":{}}],"line":19},"2":{"loc":{"start":{"line":22,"column":12},"end":{"line":24,"column":13}},"type":"if","locations":[{"start":{"line":22,"column":12},"end":{"line":24,"column":13}},{"start":{},"end":{}}],"line":22},"3":{"loc":{"start":{"line":37,"column":25},"end":{"line":37,"column":50}},"type":"cond-expr","locations":[{"start":{"line":37,"column":34},"end":{"line":37,"column":45}},{"start":{"line":37,"column":48},"end":{"line":37,"column":50}}],"line":37},"4":{"loc":{"start":{"line":66,"column":12},"end":{"line":66,"column":88}},"type":"if","locations":[{"start":{"line":66,"column":12},"end":{"line":66,"column":88}},{"start":{},"end":{}}],"line":66},"5":{"loc":{"start":{"line":70,"column":12},"end":{"line":70,"column":72}},"type":"if","locations":[{"start":{"line":70,"column":12},"end":{"line":70,"column":72}},{"start":{},"end":{}}],"line":70},"6":{"loc":{"start":{"line":79,"column":12},"end":{"line":80,"column":135}},"type":"if","locations":[{"start":{"line":79,"column":12},"end":{"line":80,"column":135}},{"start":{"line":80,"column":17},"end":{"line":80,"column":135}}],"line":79},"7":{"loc":{"start":{"line":80,"column":17},"end":{"line":80,"column":135}},"type":"if","locations":[{"start":{"line":80,"column":17},"end":{"line":80,"column":135}},{"start":{},"end":{}}],"line":80},"8":{"loc":{"start":{"line":80,"column":21},"end":{"line":80,"column":114}},"type":"binary-expr","locations":[{"start":{"line":80,"column":21},"end":{"line":80,"column":56}},{"start":{"line":80,"column":60},"end":{"line":80,"column":85}},{"start":{"line":80,"column":89},"end":{"line":80,"column":114}}],"line":80}},"s":{"0":1,"1":7,"2":7,"3":0,"4":7,"5":7,"6":0,"7":7,"8":7,"9":33,"10":6,"11":1,"12":2,"13":2,"14":2,"15":0,"16":0,"17":0,"18":0,"19":0,"20":0,"21":0,"22":0,"23":0,"24":0,"25":0,"26":0,"27":0,"28":0,"29":0,"30":0,"31":0,"32":0,"33":0,"34":0,"35":0,"36":0,"37":0},"f":{"0":7,"1":2,"2":0,"3":0},"b":{"0":[0,7],"1":[0,7],"2":[6,27],"3":[2,0],"4":[0,0],"5":[0,0],"6":[0,0],"7":[0,0],"8":[0,0,0]},"_coverageSchema":"1a1c01bbd47fc00a2c39e90264f33305004495a9","hash":"76318c301db5a7e01294b06726a537204eb713f5"},"C:\\Users\\Ash.Davies\\Sites\\personal\\FairShare\\src\\ui\\UIManager.js":{"path":"C:\\Users\\Ash.Davies\\Sites\\personal\\FairShare\\src\\ui\\UIManager.js","statementMap":{"0":{"start":{"line":9,"column":18},"end":{"line":204,"column":1}},"1":{"start":{"line":10,"column":14},"end":{"line":10,"column":24}},"2":{"start":{"line":17,"column":8},"end":{"line":17,"column":33}},"3":{"start":{"line":18,"column":8},"end":{"line":18,"column":37}},"4":{"start":{"line":27,"column":8},"end":{"line":27,"column":60}},"5":{"start":{"line":28,"column":23},"end":{"line":28,"column":50}},"6":{"start":{"line":29,"column":8},"end":{"line":32,"column":9}},"7":{"start":{"line":30,"column":12},"end":{"line":30,"column":60}},"8":{"start":{"line":31,"column":12},"end":{"line":31,"column":19}},"9":{"start":{"line":34,"column":24},"end":{"line":34,"column":50}},"10":{"start":{"line":38,"column":8},"end":{"line":41,"column":9}},"11":{"start":{"line":39,"column":12},"end":{"line":39,"column":53}},"12":{"start":{"line":40,"column":12},"end":{"line":40,"column":60}},"13":{"start":{"line":44,"column":8},"end":{"line":46,"column":11}},"14":{"start":{"line":45,"column":12},"end":{"line":45,"column":42}},"15":{"start":{"line":49,"column":8},"end":{"line":49,"column":41}},"16":{"start":{"line":50,"column":8},"end":{"line":50,"column":101}},"17":{"start":{"line":52,"column":8},"end":{"line":52,"column":43}},"18":{"start":{"line":52,"column":28},"end":{"line":52,"column":43}},"19":{"start":{"line":54,"column":8},"end":{"line":54,"column":32}},"20":{"start":{"line":55,"column":8},"end":{"line":55,"column":38}},"21":{"start":{"line":56,"column":8},"end":{"line":56,"column":39}},"22":{"start":{"line":59,"column":8},"end":{"line":61,"column":9}},"23":{"start":{"line":60,"column":12},"end":{"line":60,"column":44}},"24":{"start":{"line":69,"column":28},"end":{"line":77,"column":9}},"25":{"start":{"line":79,"column":25},"end":{"line":79,"column":62}},"26":{"start":{"line":80,"column":8},"end":{"line":84,"column":9}},"27":{"start":{"line":81,"column":12},"end":{"line":81,"column":69}},"28":{"start":{"line":82,"column":12},"end":{"line":82,"column":80}},"29":{"start":{"line":83,"column":12},"end":{"line":83,"column":84}},"30":{"start":{"line":85,"column":8},"end":{"line":87,"column":9}},"31":{"start":{"line":86,"column":12},"end":{"line":86,"column":66}},"32":{"start":{"line":95,"column":21},"end":{"line":95,"column":84}},"33":{"start":{"line":96,"column":8},"end":{"line":96,"column":26}},"34":{"start":{"line":96,"column":19},"end":{"line":96,"column":26}},"35":{"start":{"line":98,"column":8},"end":{"line":104,"column":9}},"36":{"start":{"line":99,"column":12},"end":{"line":99,"column":43}},"37":{"start":{"line":100,"column":12},"end":{"line":100,"column":66}},"38":{"start":{"line":102,"column":12},"end":{"line":102,"column":44}},"39":{"start":{"line":103,"column":12},"end":{"line":103,"column":66}},"40":{"start":{"line":112,"column":33},"end":{"line":120,"column":9}},"41":{"start":{"line":122,"column":25},"end":{"line":122,"column":51}},"42":{"start":{"line":123,"column":8},"end":{"line":125,"column":9}},"43":{"start":{"line":124,"column":12},"end":{"line":124,"column":87}},"44":{"start":{"line":134,"column":20},"end":{"line":134,"column":45}},"45":{"start":{"line":135,"column":20},"end":{"line":135,"column":45}},"46":{"start":{"line":136,"column":8},"end":{"line":139,"column":9}},"47":{"start":{"line":137,"column":12},"end":{"line":137,"column":56}},"48":{"start":{"line":138,"column":12},"end":{"line":138,"column":54}},"49":{"start":{"line":140,"column":8},"end":{"line":143,"column":9}},"50":{"start":{"line":141,"column":12},"end":{"line":141,"column":56}},"51":{"start":{"line":142,"column":12},"end":{"line":142,"column":54}},"52":{"start":{"line":144,"column":8},"end":{"line":146,"column":9}},"53":{"start":{"line":145,"column":12},"end":{"line":145,"column":108}},"54":{"start":{"line":154,"column":21},"end":{"line":154,"column":42}},"55":{"start":{"line":155,"column":24},"end":{"line":155,"column":54}},"56":{"start":{"line":156,"column":8},"end":{"line":160,"column":9}},"57":{"start":{"line":157,"column":12},"end":{"line":157,"column":172}},"58":{"start":{"line":159,"column":12},"end":{"line":159,"column":91}},"59":{"start":{"line":171,"column":8},"end":{"line":171,"column":112}},"60":{"start":{"line":171,"column":44},"end":{"line":171,"column":112}},"61":{"start":{"line":172,"column":8},"end":{"line":172,"column":103}},"62":{"start":{"line":172,"column":41},"end":{"line":172,"column":103}},"63":{"start":{"line":173,"column":8},"end":{"line":173,"column":103}},"64":{"start":{"line":173,"column":41},"end":{"line":173,"column":103}},"65":{"start":{"line":182,"column":24},"end":{"line":182,"column":78}},"66":{"start":{"line":183,"column":8},"end":{"line":183,"column":29}},"67":{"start":{"line":183,"column":22},"end":{"line":183,"column":29}},"68":{"start":{"line":184,"column":8},"end":{"line":184,"column":116}},"69":{"start":{"line":192,"column":24},"end":{"line":192,"column":78}},"70":{"start":{"line":193,"column":8},"end":{"line":193,"column":56}},"71":{"start":{"line":193,"column":21},"end":{"line":193,"column":56}},"72":{"start":{"line":201,"column":8},"end":{"line":201,"column":58}}},"fnMap":{"0":{"name":"(anonymous_0)","decl":{"start":{"line":16,"column":4},"end":{"line":16,"column":5}},"loc":{"start":{"line":16,"column":38},"end":{"line":19,"column":5}},"line":16},"1":{"name":"(anonymous_1)","decl":{"start":{"line":26,"column":4},"end":{"line":26,"column":5}},"loc":{"start":{"line":26,"column":44},"end":{"line":62,"column":5}},"line":26},"2":{"name":"(anonymous_2)","decl":{"start":{"line":44,"column":65},"end":{"line":44,"column":66}},"loc":{"start":{"line":44,"column":71},"end":{"line":46,"column":9}},"line":44},"3":{"name":"(anonymous_3)","decl":{"start":{"line":68,"column":4},"end":{"line":68,"column":5}},"loc":{"start":{"line":68,"column":23},"end":{"line":88,"column":5}},"line":68},"4":{"name":"(anonymous_4)","decl":{"start":{"line":94,"column":4},"end":{"line":94,"column":5}},"loc":{"start":{"line":94,"column":29},"end":{"line":105,"column":5}},"line":94},"5":{"name":"(anonymous_5)","decl":{"start":{"line":111,"column":4},"end":{"line":111,"column":5}},"loc":{"start":{"line":111,"column":36},"end":{"line":126,"column":5}},"line":111},"6":{"name":"(anonymous_6)","decl":{"start":{"line":133,"column":4},"end":{"line":133,"column":5}},"loc":{"start":{"line":133,"column":37},"end":{"line":147,"column":5}},"line":133},"7":{"name":"(anonymous_7)","decl":{"start":{"line":153,"column":4},"end":{"line":153,"column":5}},"loc":{"start":{"line":153,"column":29},"end":{"line":161,"column":5}},"line":153},"8":{"name":"(anonymous_8)","decl":{"start":{"line":170,"column":4},"end":{"line":170,"column":5}},"loc":{"start":{"line":170,"column":43},"end":{"line":174,"column":5}},"line":170},"9":{"name":"(anonymous_9)","decl":{"start":{"line":181,"column":4},"end":{"line":181,"column":5}},"loc":{"start":{"line":181,"column":32},"end":{"line":185,"column":5}},"line":181},"10":{"name":"(anonymous_10)","decl":{"start":{"line":191,"column":4},"end":{"line":191,"column":5}},"loc":{"start":{"line":191,"column":27},"end":{"line":194,"column":5}},"line":191},"11":{"name":"(anonymous_11)","decl":{"start":{"line":200,"column":4},"end":{"line":200,"column":5}},"loc":{"start":{"line":200,"column":18},"end":{"line":203,"column":5}},"line":200}},"branchMap":{"0":{"loc":{"start":{"line":26,"column":21},"end":{"line":26,"column":42}},"type":"default-arg","locations":[{"start":{"line":26,"column":37},"end":{"line":26,"column":42}}],"line":26},"1":{"loc":{"start":{"line":29,"column":8},"end":{"line":32,"column":9}},"type":"if","locations":[{"start":{"line":29,"column":8},"end":{"line":32,"column":9}},{"start":{},"end":{}}],"line":29},"2":{"loc":{"start":{"line":38,"column":8},"end":{"line":41,"column":9}},"type":"if","locations":[{"start":{"line":38,"column":8},"end":{"line":41,"column":9}},{"start":{},"end":{}}],"line":38},"3":{"loc":{"start":{"line":38,"column":12},"end":{"line":38,"column":45}},"type":"binary-expr","locations":[{"start":{"line":38,"column":12},"end":{"line":38,"column":26}},{"start":{"line":38,"column":30},"end":{"line":38,"column":45}}],"line":38},"4":{"loc":{"start":{"line":39,"column":35},"end":{"line":39,"column":52}},"type":"binary-expr","locations":[{"start":{"line":39,"column":35},"end":{"line":39,"column":46}},{"start":{"line":39,"column":50},"end":{"line":39,"column":52}}],"line":39},"5":{"loc":{"start":{"line":52,"column":8},"end":{"line":52,"column":43}},"type":"if","locations":[{"start":{"line":52,"column":8},"end":{"line":52,"column":43}},{"start":{},"end":{}}],"line":52},"6":{"loc":{"start":{"line":59,"column":8},"end":{"line":61,"column":9}},"type":"if","locations":[{"start":{"line":59,"column":8},"end":{"line":61,"column":9}},{"start":{},"end":{}}],"line":59},"7":{"loc":{"start":{"line":59,"column":12},"end":{"line":59,"column":53}},"type":"binary-expr","locations":[{"start":{"line":59,"column":12},"end":{"line":59,"column":22}},{"start":{"line":59,"column":26},"end":{"line":59,"column":53}}],"line":59},"8":{"loc":{"start":{"line":79,"column":25},"end":{"line":79,"column":62}},"type":"binary-expr","locations":[{"start":{"line":79,"column":25},"end":{"line":79,"column":40}},{"start":{"line":79,"column":44},"end":{"line":79,"column":62}}],"line":79},"9":{"loc":{"start":{"line":80,"column":8},"end":{"line":84,"column":9}},"type":"if","locations":[{"start":{"line":80,"column":8},"end":{"line":84,"column":9}},{"start":{},"end":{}}],"line":80},"10":{"loc":{"start":{"line":85,"column":8},"end":{"line":87,"column":9}},"type":"if","locations":[{"start":{"line":85,"column":8},"end":{"line":87,"column":9}},{"start":{},"end":{}}],"line":85},"11":{"loc":{"start":{"line":96,"column":8},"end":{"line":96,"column":26}},"type":"if","locations":[{"start":{"line":96,"column":8},"end":{"line":96,"column":26}},{"start":{},"end":{}}],"line":96},"12":{"loc":{"start":{"line":98,"column":8},"end":{"line":104,"column":9}},"type":"if","locations":[{"start":{"line":98,"column":8},"end":{"line":104,"column":9}},{"start":{"line":101,"column":15},"end":{"line":104,"column":9}}],"line":98},"13":{"loc":{"start":{"line":123,"column":8},"end":{"line":125,"column":9}},"type":"if","locations":[{"start":{"line":123,"column":8},"end":{"line":125,"column":9}},{"start":{},"end":{}}],"line":123},"14":{"loc":{"start":{"line":136,"column":8},"end":{"line":139,"column":9}},"type":"if","locations":[{"start":{"line":136,"column":8},"end":{"line":139,"column":9}},{"start":{},"end":{}}],"line":136},"15":{"loc":{"start":{"line":140,"column":8},"end":{"line":143,"column":9}},"type":"if","locations":[{"start":{"line":140,"column":8},"end":{"line":143,"column":9}},{"start":{},"end":{}}],"line":140},"16":{"loc":{"start":{"line":144,"column":8},"end":{"line":146,"column":9}},"type":"if","locations":[{"start":{"line":144,"column":8},"end":{"line":146,"column":9}},{"start":{},"end":{}}],"line":144},"17":{"loc":{"start":{"line":156,"column":8},"end":{"line":160,"column":9}},"type":"if","locations":[{"start":{"line":156,"column":8},"end":{"line":160,"column":9}},{"start":{},"end":{}}],"line":156},"18":{"loc":{"start":{"line":171,"column":8},"end":{"line":171,"column":112}},"type":"if","locations":[{"start":{"line":171,"column":8},"end":{"line":171,"column":112}},{"start":{},"end":{}}],"line":171},"19":{"loc":{"start":{"line":172,"column":8},"end":{"line":172,"column":103}},"type":"if","locations":[{"start":{"line":172,"column":8},"end":{"line":172,"column":103}},{"start":{},"end":{}}],"line":172},"20":{"loc":{"start":{"line":173,"column":8},"end":{"line":173,"column":103}},"type":"if","locations":[{"start":{"line":173,"column":8},"end":{"line":173,"column":103}},{"start":{},"end":{}}],"line":173},"21":{"loc":{"start":{"line":183,"column":8},"end":{"line":183,"column":29}},"type":"if","locations":[{"start":{"line":183,"column":8},"end":{"line":183,"column":29}},{"start":{},"end":{}}],"line":183},"22":{"loc":{"start":{"line":193,"column":8},"end":{"line":193,"column":56}},"type":"if","locations":[{"start":{"line":193,"column":8},"end":{"line":193,"column":56}},{"start":{},"end":{}}],"line":193}},"s":{"0":1,"1":1,"2":1,"3":1,"4":0,"5":0,"6":0,"7":0,"8":0,"9":0,"10":0,"11":0,"12":0,"13":0,"14":0,"15":0,"16":0,"17":0,"18":0,"19":0,"20":0,"21":0,"22":0,"23":0,"24":0,"25":0,"26":0,"27":0,"28":0,"29":0,"30":0,"31":0,"32":0,"33":0,"34":0,"35":0,"36":0,"37":0,"38":0,"39":0,"40":0,"41":0,"42":0,"43":0,"44":0,"45":0,"46":0,"47":0,"48":0,"49":0,"50":0,"51":0,"52":0,"53":0,"54":0,"55":0,"56":0,"57":0,"58":0,"59":0,"60":0,"61":0,"62":0,"63":0,"64":0,"65":1,"66":1,"67":0,"68":1,"69":0,"70":0,"71":0,"72":0},"f":{"0":1,"1":0,"2":0,"3":0,"4":0,"5":0,"6":0,"7":0,"8":0,"9":1,"10":0,"11":0},"b":{"0":[0],"1":[0,0],"2":[0,0],"3":[0,0],"4":[0,0],"5":[0,0],"6":[0,0],"7":[0,0],"8":[0,0],"9":[0,0],"10":[0,0],"11":[0,0],"12":[0,0],"13":[0,0],"14":[0,0],"15":[0,0],"16":[0,0],"17":[0,0],"18":[0,0],"19":[0,0],"20":[0,0],"21":[0,1],"22":[0,0]},"_coverageSchema":"1a1c01bbd47fc00a2c39e90264f33305004495a9","hash":"b5ed5e9c54a11efc304b11353a1db6019c410aca"},"C:\\Users\\Ash.Davies\\Sites\\personal\\FairShare\\src\\ui\\Export.js":{"path":"C:\\Users\\Ash.Davies\\Sites\\personal\\FairShare\\src\\ui\\Export.js","statementMap":{"0":{"start":{"line":6,"column":12},"end":{"line":52,"column":1}},"1":{"start":{"line":13,"column":8},"end":{"line":16,"column":9}},"2":{"start":{"line":14,"column":12},"end":{"line":14,"column":66}},"3":{"start":{"line":15,"column":12},"end":{"line":15,"column":19}},"4":{"start":{"line":18,"column":25},"end":{"line":18,"column":55}},"5":{"start":{"line":19,"column":8},"end":{"line":19,"column":58}},"6":{"start":{"line":20,"column":8},"end":{"line":20,"column":123}},"7":{"start":{"line":22,"column":28},"end":{"line":22,"column":104}},"8":{"start":{"line":23,"column":8},"end":{"line":23,"column":51}},"9":{"start":{"line":24,"column":8},"end":{"line":24,"column":64}},"10":{"start":{"line":25,"column":8},"end":{"line":25,"column":67}},"11":{"start":{"line":26,"column":8},"end":{"line":26,"column":76}},"12":{"start":{"line":27,"column":8},"end":{"line":27,"column":81}},"13":{"start":{"line":29,"column":8},"end":{"line":29,"column":47}},"14":{"start":{"line":30,"column":8},"end":{"line":30,"column":64}},"15":{"start":{"line":31,"column":8},"end":{"line":31,"column":64}},"16":{"start":{"line":32,"column":8},"end":{"line":32,"column":87}},"17":{"start":{"line":34,"column":8},"end":{"line":34,"column":49}},"18":{"start":{"line":35,"column":21},"end":{"line":35,"column":49}},"19":{"start":{"line":36,"column":8},"end":{"line":40,"column":11}},"20":{"start":{"line":37,"column":25},"end":{"line":37,"column":55}},"21":{"start":{"line":38,"column":28},"end":{"line":38,"column":98}},"22":{"start":{"line":38,"column":56},"end":{"line":38,"column":97}},"23":{"start":{"line":39,"column":12},"end":{"line":39,"column":51}},"24":{"start":{"line":42,"column":27},"end":{"line":42,"column":48}},"25":{"start":{"line":43,"column":21},"end":{"line":43,"column":48}},"26":{"start":{"line":44,"column":8},"end":{"line":44,"column":46}},"27":{"start":{"line":45,"column":8},"end":{"line":45,"column":103}},"28":{"start":{"line":48,"column":8},"end":{"line":48,"column":40}},"29":{"start":{"line":49,"column":8},"end":{"line":49,"column":21}},"30":{"start":{"line":50,"column":8},"end":{"line":50,"column":40}}},"fnMap":{"0":{"name":"(anonymous_0)","decl":{"start":{"line":12,"column":4},"end":{"line":12,"column":5}},"loc":{"start":{"line":12,"column":34},"end":{"line":51,"column":5}},"line":12},"1":{"name":"(anonymous_1)","decl":{"start":{"line":36,"column":21},"end":{"line":36,"column":22}},"loc":{"start":{"line":36,"column":28},"end":{"line":40,"column":9}},"line":36},"2":{"name":"(anonymous_2)","decl":{"start":{"line":38,"column":49},"end":{"line":38,"column":50}},"loc":{"start":{"line":38,"column":56},"end":{"line":38,"column":97}},"line":38}},"branchMap":{"0":{"loc":{"start":{"line":13,"column":8},"end":{"line":16,"column":9}},"type":"if","locations":[{"start":{"line":13,"column":8},"end":{"line":16,"column":9}},{"start":{},"end":{}}],"line":13},"1":{"loc":{"start":{"line":22,"column":28},"end":{"line":22,"column":104}},"type":"cond-expr","locations":[{"start":{"line":22,"column":59},"end":{"line":22,"column":84}},{"start":{"line":22,"column":87},"end":{"line":22,"column":104}}],"line":22}},"s":{"0":1,"1":0,"2":0,"3":0,"4":0,"5":0,"6":0,"7":0,"8":0,"9":0,"10":0,"11":0,"12":0,"13":0,"14":0,"15":0,"16":0,"17":0,"18":0,"19":0,"20":0,"21":0,"22":0,"23":0,"24":0,"25":0,"26":0,"27":0,"28":0,"29":0,"30":0},"f":{"0":0,"1":0,"2":0},"b":{"0":[0,0],"1":[0,0]},"_coverageSchema":"1a1c01bbd47fc00a2c39e90264f33305004495a9","hash":"5ff5d8c48ef41319c5f8b8c7f72c2420927149a6"},"C:\\Users\\Ash.Davies\\Sites\\personal\\FairShare\\src\\main.js":{"path":"C:\\Users\\Ash.Davies\\Sites\\personal\\FairShare\\src\\main.js","statementMap":{"0":{"start":{"line":15,"column":12},"end":{"line":921,"column":1}},"1":{"start":{"line":20,"column":8},"end":{"line":20,"column":26}},"2":{"start":{"line":21,"column":8},"end":{"line":21,"column":29}},"3":{"start":{"line":22,"column":8},"end":{"line":22,"column":60}},"4":{"start":{"line":23,"column":8},"end":{"line":23,"column":78}},"5":{"start":{"line":23,"column":56},"end":{"line":23,"column":76}},"6":{"start":{"line":25,"column":8},"end":{"line":25,"column":29}},"7":{"start":{"line":26,"column":8},"end":{"line":26,"column":26}},"8":{"start":{"line":27,"column":8},"end":{"line":27,"column":31}},"9":{"start":{"line":30,"column":8},"end":{"line":30,"column":102}},"10":{"start":{"line":30,"column":71},"end":{"line":30,"column":100}},"11":{"start":{"line":33,"column":30},"end":{"line":33,"column":94}},"12":{"start":{"line":34,"column":8},"end":{"line":34,"column":105}},"13":{"start":{"line":41,"column":23},"end":{"line":41,"column":61}},"14":{"start":{"line":42,"column":8},"end":{"line":42,"column":28}},"15":{"start":{"line":42,"column":21},"end":{"line":42,"column":28}},"16":{"start":{"line":44,"column":28},"end":{"line":48,"column":9}},"17":{"start":{"line":45,"column":12},"end":{"line":45,"column":46}},"18":{"start":{"line":47,"column":12},"end":{"line":47,"column":51}},"19":{"start":{"line":47,"column":29},"end":{"line":47,"column":44}},"20":{"start":{"line":50,"column":8},"end":{"line":54,"column":9}},"21":{"start":{"line":51,"column":12},"end":{"line":51,"column":70}},"22":{"start":{"line":53,"column":12},"end":{"line":53,"column":41}},"23":{"start":{"line":57,"column":8},"end":{"line":57,"column":38}},"24":{"start":{"line":65,"column":8},"end":{"line":65,"column":27}},"25":{"start":{"line":66,"column":20},"end":{"line":93,"column":9}},"26":{"start":{"line":95,"column":8},"end":{"line":102,"column":11}},"27":{"start":{"line":96,"column":23},"end":{"line":96,"column":50}},"28":{"start":{"line":97,"column":12},"end":{"line":101,"column":13}},"29":{"start":{"line":99,"column":28},"end":{"line":99,"column":78}},"30":{"start":{"line":99,"column":59},"end":{"line":99,"column":77}},"31":{"start":{"line":100,"column":16},"end":{"line":100,"column":40}},"32":{"start":{"line":104,"column":8},"end":{"line":104,"column":77}},"33":{"start":{"line":105,"column":8},"end":{"line":105,"column":80}},"34":{"start":{"line":113,"column":8},"end":{"line":140,"column":11}},"35":{"start":{"line":114,"column":23},"end":{"line":114,"column":131}},"36":{"start":{"line":114,"column":74},"end":{"line":114,"column":92}},"37":{"start":{"line":115,"column":12},"end":{"line":115,"column":28}},"38":{"start":{"line":115,"column":21},"end":{"line":115,"column":28}},"39":{"start":{"line":117,"column":36},"end":{"line":126,"column":19}},"40":{"start":{"line":118,"column":26},"end":{"line":118,"column":34}},"41":{"start":{"line":119,"column":16},"end":{"line":119,"column":72}},"42":{"start":{"line":119,"column":45},"end":{"line":119,"column":72}},"43":{"start":{"line":120,"column":16},"end":{"line":120,"column":68}},"44":{"start":{"line":123,"column":16},"end":{"line":123,"column":94}},"45":{"start":{"line":123,"column":50},"end":{"line":123,"column":94}},"46":{"start":{"line":124,"column":16},"end":{"line":124,"column":116}},"47":{"start":{"line":124,"column":86},"end":{"line":124,"column":116}},"48":{"start":{"line":125,"column":16},"end":{"line":125,"column":120}},"49":{"start":{"line":125,"column":88},"end":{"line":125,"column":120}},"50":{"start":{"line":128,"column":12},"end":{"line":139,"column":15}},"51":{"start":{"line":129,"column":16},"end":{"line":129,"column":47}},"52":{"start":{"line":130,"column":16},"end":{"line":133,"column":17}},"53":{"start":{"line":131,"column":20},"end":{"line":131,"column":44}},"54":{"start":{"line":132,"column":20},"end":{"line":132,"column":56}},"55":{"start":{"line":134,"column":16},"end":{"line":137,"column":17}},"56":{"start":{"line":135,"column":20},"end":{"line":135,"column":82}},"57":{"start":{"line":136,"column":20},"end":{"line":136,"column":42}},"58":{"start":{"line":138,"column":16},"end":{"line":138,"column":34}},"59":{"start":{"line":143,"column":8},"end":{"line":145,"column":9}},"60":{"start":{"line":144,"column":12},"end":{"line":144,"column":88}},"61":{"start":{"line":144,"column":59},"end":{"line":144,"column":87}},"62":{"start":{"line":147,"column":8},"end":{"line":149,"column":9}},"63":{"start":{"line":148,"column":12},"end":{"line":148,"column":73}},"64":{"start":{"line":148,"column":54},"end":{"line":148,"column":72}},"65":{"start":{"line":151,"column":8},"end":{"line":153,"column":9}},"66":{"start":{"line":152,"column":12},"end":{"line":152,"column":76}},"67":{"start":{"line":152,"column":58},"end":{"line":152,"column":75}},"68":{"start":{"line":155,"column":8},"end":{"line":157,"column":9}},"69":{"start":{"line":156,"column":12},"end":{"line":156,"column":89}},"70":{"start":{"line":156,"column":70},"end":{"line":156,"column":88}},"71":{"start":{"line":160,"column":8},"end":{"line":168,"column":11}},"72":{"start":{"line":161,"column":12},"end":{"line":167,"column":14}},"73":{"start":{"line":162,"column":16},"end":{"line":162,"column":63}},"74":{"start":{"line":163,"column":16},"end":{"line":163,"column":57}},"75":{"start":{"line":164,"column":16},"end":{"line":164,"column":45}},"76":{"start":{"line":165,"column":16},"end":{"line":165,"column":45}},"77":{"start":{"line":166,"column":16},"end":{"line":166,"column":38}},"78":{"start":{"line":170,"column":8},"end":{"line":182,"column":11}},"79":{"start":{"line":171,"column":12},"end":{"line":181,"column":14}},"80":{"start":{"line":172,"column":16},"end":{"line":172,"column":64}},"81":{"start":{"line":173,"column":16},"end":{"line":179,"column":17}},"82":{"start":{"line":174,"column":20},"end":{"line":174,"column":81}},"83":{"start":{"line":175,"column":20},"end":{"line":175,"column":81}},"84":{"start":{"line":177,"column":20},"end":{"line":177,"column":82}},"85":{"start":{"line":178,"column":20},"end":{"line":178,"column":80}},"86":{"start":{"line":180,"column":16},"end":{"line":180,"column":46}},"87":{"start":{"line":184,"column":8},"end":{"line":189,"column":11}},"88":{"start":{"line":185,"column":12},"end":{"line":188,"column":14}},"89":{"start":{"line":186,"column":16},"end":{"line":186,"column":60}},"90":{"start":{"line":187,"column":16},"end":{"line":187,"column":56}},"91":{"start":{"line":191,"column":8},"end":{"line":196,"column":11}},"92":{"start":{"line":192,"column":12},"end":{"line":195,"column":14}},"93":{"start":{"line":193,"column":16},"end":{"line":193,"column":87}},"94":{"start":{"line":194,"column":16},"end":{"line":194,"column":46}},"95":{"start":{"line":198,"column":8},"end":{"line":204,"column":11}},"96":{"start":{"line":199,"column":12},"end":{"line":203,"column":14}},"97":{"start":{"line":200,"column":16},"end":{"line":200,"column":61}},"98":{"start":{"line":201,"column":16},"end":{"line":201,"column":43}},"99":{"start":{"line":202,"column":16},"end":{"line":202,"column":46}},"100":{"start":{"line":206,"column":8},"end":{"line":211,"column":11}},"101":{"start":{"line":207,"column":12},"end":{"line":210,"column":14}},"102":{"start":{"line":208,"column":16},"end":{"line":208,"column":68}},"103":{"start":{"line":209,"column":16},"end":{"line":209,"column":46}},"104":{"start":{"line":214,"column":8},"end":{"line":216,"column":11}},"105":{"start":{"line":215,"column":12},"end":{"line":215,"column":83}},"106":{"start":{"line":215,"column":35},"end":{"line":215,"column":82}},"107":{"start":{"line":218,"column":8},"end":{"line":220,"column":11}},"108":{"start":{"line":219,"column":12},"end":{"line":219,"column":83}},"109":{"start":{"line":219,"column":35},"end":{"line":219,"column":82}},"110":{"start":{"line":223,"column":8},"end":{"line":223,"column":81}},"111":{"start":{"line":223,"column":52},"end":{"line":223,"column":79}},"112":{"start":{"line":230,"column":8},"end":{"line":230,"column":96}},"113":{"start":{"line":230,"column":41},"end":{"line":230,"column":96}},"114":{"start":{"line":231,"column":8},"end":{"line":231,"column":96}},"115":{"start":{"line":231,"column":41},"end":{"line":231,"column":96}},"116":{"start":{"line":233,"column":8},"end":{"line":249,"column":9}},"117":{"start":{"line":234,"column":12},"end":{"line":234,"column":85}},"118":{"start":{"line":235,"column":12},"end":{"line":235,"column":95}},"119":{"start":{"line":236,"column":12},"end":{"line":236,"column":62}},"120":{"start":{"line":237,"column":12},"end":{"line":237,"column":62}},"121":{"start":{"line":238,"column":12},"end":{"line":238,"column":139}},"122":{"start":{"line":238,"column":44},"end":{"line":238,"column":139}},"123":{"start":{"line":239,"column":12},"end":{"line":239,"column":149}},"124":{"start":{"line":239,"column":44},"end":{"line":239,"column":149}},"125":{"start":{"line":240,"column":12},"end":{"line":240,"column":91}},"126":{"start":{"line":242,"column":12},"end":{"line":242,"column":83}},"127":{"start":{"line":243,"column":12},"end":{"line":243,"column":93}},"128":{"start":{"line":244,"column":12},"end":{"line":244,"column":61}},"129":{"start":{"line":245,"column":12},"end":{"line":245,"column":61}},"130":{"start":{"line":246,"column":12},"end":{"line":246,"column":151}},"131":{"start":{"line":246,"column":44},"end":{"line":246,"column":151}},"132":{"start":{"line":247,"column":12},"end":{"line":247,"column":161}},"133":{"start":{"line":247,"column":44},"end":{"line":247,"column":161}},"134":{"start":{"line":248,"column":12},"end":{"line":248,"column":96}},"135":{"start":{"line":256,"column":8},"end":{"line":256,"column":66}},"136":{"start":{"line":263,"column":22},"end":{"line":263,"column":103}},"137":{"start":{"line":264,"column":8},"end":{"line":264,"column":67}},"138":{"start":{"line":265,"column":8},"end":{"line":265,"column":55}},"139":{"start":{"line":267,"column":24},"end":{"line":267,"column":87}},"140":{"start":{"line":268,"column":8},"end":{"line":271,"column":9}},"141":{"start":{"line":269,"column":27},"end":{"line":269,"column":61}},"142":{"start":{"line":270,"column":12},"end":{"line":270,"column":88}},"143":{"start":{"line":278,"column":22},"end":{"line":278,"column":37}},"144":{"start":{"line":281,"column":8},"end":{"line":289,"column":11}},"145":{"start":{"line":282,"column":23},"end":{"line":282,"column":56}},"146":{"start":{"line":283,"column":12},"end":{"line":283,"column":28}},"147":{"start":{"line":283,"column":21},"end":{"line":283,"column":28}},"148":{"start":{"line":284,"column":24},"end":{"line":284,"column":52}},"149":{"start":{"line":286,"column":12},"end":{"line":288,"column":13}},"150":{"start":{"line":287,"column":16},"end":{"line":287,"column":31}},"151":{"start":{"line":292,"column":23},"end":{"line":292,"column":99}},"152":{"start":{"line":293,"column":8},"end":{"line":299,"column":11}},"153":{"start":{"line":294,"column":24},"end":{"line":296,"column":35}},"154":{"start":{"line":297,"column":26},"end":{"line":297,"column":89}},"155":{"start":{"line":298,"column":12},"end":{"line":298,"column":44}},"156":{"start":{"line":298,"column":23},"end":{"line":298,"column":44}},"157":{"start":{"line":302,"column":8},"end":{"line":305,"column":11}},"158":{"start":{"line":303,"column":26},"end":{"line":303,"column":97}},"159":{"start":{"line":304,"column":12},"end":{"line":304,"column":44}},"160":{"start":{"line":304,"column":23},"end":{"line":304,"column":44}},"161":{"start":{"line":307,"column":8},"end":{"line":307,"column":35}},"162":{"start":{"line":308,"column":8},"end":{"line":308,"column":38}},"163":{"start":{"line":309,"column":8},"end":{"line":309,"column":30}},"164":{"start":{"line":318,"column":22},"end":{"line":318,"column":37}},"165":{"start":{"line":319,"column":22},"end":{"line":319,"column":36}},"166":{"start":{"line":320,"column":22},"end":{"line":320,"column":36}},"167":{"start":{"line":322,"column":8},"end":{"line":325,"column":9}},"168":{"start":{"line":323,"column":12},"end":{"line":323,"column":99}},"169":{"start":{"line":324,"column":12},"end":{"line":324,"column":99}},"170":{"start":{"line":327,"column":22},"end":{"line":327,"column":39}},"171":{"start":{"line":328,"column":8},"end":{"line":332,"column":9}},"172":{"start":{"line":329,"column":12},"end":{"line":329,"column":86}},"173":{"start":{"line":331,"column":12},"end":{"line":331,"column":62}},"174":{"start":{"line":339,"column":8},"end":{"line":339,"column":30}},"175":{"start":{"line":340,"column":22},"end":{"line":340,"column":37}},"176":{"start":{"line":341,"column":8},"end":{"line":341,"column":45}},"177":{"start":{"line":341,"column":38},"end":{"line":341,"column":45}},"178":{"start":{"line":343,"column":26},"end":{"line":343,"column":43}},"179":{"start":{"line":344,"column":26},"end":{"line":344,"column":49}},"180":{"start":{"line":345,"column":25},"end":{"line":345,"column":44}},"181":{"start":{"line":347,"column":8},"end":{"line":353,"column":9}},"182":{"start":{"line":348,"column":12},"end":{"line":348,"column":68}},"183":{"start":{"line":349,"column":12},"end":{"line":349,"column":37}},"184":{"start":{"line":351,"column":12},"end":{"line":351,"column":37}},"185":{"start":{"line":352,"column":12},"end":{"line":352,"column":67}},"186":{"start":{"line":355,"column":21},"end":{"line":355,"column":121}},"187":{"start":{"line":356,"column":26},"end":{"line":356,"column":109}},"188":{"start":{"line":358,"column":25},"end":{"line":358,"column":109}},"189":{"start":{"line":359,"column":25},"end":{"line":359,"column":115}},"190":{"start":{"line":361,"column":8},"end":{"line":368,"column":11}},"191":{"start":{"line":371,"column":8},"end":{"line":371,"column":108}},"192":{"start":{"line":371,"column":45},"end":{"line":371,"column":108}},"193":{"start":{"line":372,"column":8},"end":{"line":372,"column":100}},"194":{"start":{"line":372,"column":41},"end":{"line":372,"column":100}},"195":{"start":{"line":374,"column":8},"end":{"line":374,"column":52}},"196":{"start":{"line":375,"column":8},"end":{"line":375,"column":40}},"197":{"start":{"line":384,"column":22},"end":{"line":384,"column":37}},"198":{"start":{"line":385,"column":29},"end":{"line":385,"column":86}},"199":{"start":{"line":387,"column":8},"end":{"line":387,"column":97}},"200":{"start":{"line":387,"column":40},"end":{"line":387,"column":97}},"201":{"start":{"line":388,"column":8},"end":{"line":388,"column":112}},"202":{"start":{"line":388,"column":45},"end":{"line":388,"column":112}},"203":{"start":{"line":389,"column":8},"end":{"line":389,"column":98}},"204":{"start":{"line":389,"column":39},"end":{"line":389,"column":98}},"205":{"start":{"line":390,"column":8},"end":{"line":390,"column":113}},"206":{"start":{"line":390,"column":44},"end":{"line":390,"column":113}},"207":{"start":{"line":391,"column":8},"end":{"line":391,"column":125}},"208":{"start":{"line":391,"column":46},"end":{"line":391,"column":125}},"209":{"start":{"line":392,"column":8},"end":{"line":392,"column":122}},"210":{"start":{"line":392,"column":47},"end":{"line":392,"column":122}},"211":{"start":{"line":399,"column":22},"end":{"line":399,"column":37}},"212":{"start":{"line":400,"column":23},"end":{"line":400,"column":126}},"213":{"start":{"line":402,"column":8},"end":{"line":405,"column":11}},"214":{"start":{"line":407,"column":8},"end":{"line":407,"column":137}},"215":{"start":{"line":407,"column":50},"end":{"line":407,"column":137}},"216":{"start":{"line":408,"column":8},"end":{"line":408,"column":135}},"217":{"start":{"line":408,"column":49},"end":{"line":408,"column":135}},"218":{"start":{"line":415,"column":25},"end":{"line":415,"column":60}},"219":{"start":{"line":416,"column":25},"end":{"line":416,"column":68}},"220":{"start":{"line":417,"column":8},"end":{"line":417,"column":30}},"221":{"start":{"line":417,"column":23},"end":{"line":417,"column":30}},"222":{"start":{"line":419,"column":8},"end":{"line":419,"column":31}},"223":{"start":{"line":420,"column":23},"end":{"line":420,"column":85}},"224":{"start":{"line":422,"column":22},"end":{"line":422,"column":72}},"225":{"start":{"line":423,"column":8},"end":{"line":423,"column":52}},"226":{"start":{"line":424,"column":8},"end":{"line":424,"column":50}},"227":{"start":{"line":425,"column":8},"end":{"line":425,"column":69}},"228":{"start":{"line":426,"column":8},"end":{"line":426,"column":38}},"229":{"start":{"line":439,"column":8},"end":{"line":446,"column":10}},"230":{"start":{"line":440,"column":12},"end":{"line":443,"column":13}},"231":{"start":{"line":442,"column":16},"end":{"line":442,"column":46}},"232":{"start":{"line":444,"column":12},"end":{"line":444,"column":34}},"233":{"start":{"line":445,"column":12},"end":{"line":445,"column":69}},"234":{"start":{"line":445,"column":39},"end":{"line":445,"column":61}},"235":{"start":{"line":454,"column":20},"end":{"line":454,"column":65}},"236":{"start":{"line":455,"column":8},"end":{"line":457,"column":9}},"237":{"start":{"line":456,"column":12},"end":{"line":456,"column":65}},"238":{"start":{"line":465,"column":23},"end":{"line":465,"column":65}},"239":{"start":{"line":466,"column":25},"end":{"line":466,"column":57}},"240":{"start":{"line":467,"column":8},"end":{"line":467,"column":30}},"241":{"start":{"line":467,"column":23},"end":{"line":467,"column":30}},"242":{"start":{"line":469,"column":8},"end":{"line":486,"column":9}},"243":{"start":{"line":470,"column":12},"end":{"line":473,"column":15}},"244":{"start":{"line":475,"column":25},"end":{"line":477,"column":51}},"245":{"start":{"line":479,"column":12},"end":{"line":479,"column":68}},"246":{"start":{"line":480,"column":12},"end":{"line":480,"column":47}},"247":{"start":{"line":483,"column":12},"end":{"line":483,"column":42}},"248":{"start":{"line":485,"column":12},"end":{"line":485,"column":48}},"249":{"start":{"line":493,"column":22},"end":{"line":493,"column":37}},"250":{"start":{"line":494,"column":29},"end":{"line":494,"column":69}},"251":{"start":{"line":495,"column":8},"end":{"line":498,"column":9}},"252":{"start":{"line":496,"column":12},"end":{"line":497,"column":57}},"253":{"start":{"line":496,"column":44},"end":{"line":496,"column":83}},"254":{"start":{"line":497,"column":17},"end":{"line":497,"column":57}},"255":{"start":{"line":507,"column":24},"end":{"line":507,"column":66}},"256":{"start":{"line":508,"column":8},"end":{"line":508,"column":29}},"257":{"start":{"line":508,"column":22},"end":{"line":508,"column":29}},"258":{"start":{"line":509,"column":8},"end":{"line":523,"column":9}},"259":{"start":{"line":510,"column":30},"end":{"line":510,"column":51}},"260":{"start":{"line":511,"column":30},"end":{"line":511,"column":108}},"261":{"start":{"line":512,"column":12},"end":{"line":512,"column":72}},"262":{"start":{"line":513,"column":12},"end":{"line":513,"column":46}},"263":{"start":{"line":514,"column":12},"end":{"line":517,"column":13}},"264":{"start":{"line":516,"column":16},"end":{"line":516,"column":89}},"265":{"start":{"line":519,"column":12},"end":{"line":519,"column":47}},"266":{"start":{"line":520,"column":12},"end":{"line":522,"column":13}},"267":{"start":{"line":521,"column":16},"end":{"line":521,"column":62}},"268":{"start":{"line":531,"column":20},"end":{"line":531,"column":70}},"269":{"start":{"line":532,"column":22},"end":{"line":532,"column":69}},"270":{"start":{"line":533,"column":8},"end":{"line":533,"column":27}},"271":{"start":{"line":533,"column":20},"end":{"line":533,"column":27}},"272":{"start":{"line":535,"column":8},"end":{"line":538,"column":9}},"273":{"start":{"line":536,"column":12},"end":{"line":536,"column":45}},"274":{"start":{"line":537,"column":12},"end":{"line":537,"column":19}},"275":{"start":{"line":540,"column":41},"end":{"line":540,"column":105}},"276":{"start":{"line":541,"column":8},"end":{"line":541,"column":104}},"277":{"start":{"line":542,"column":8},"end":{"line":542,"column":40}},"278":{"start":{"line":551,"column":23},"end":{"line":553,"column":68}},"279":{"start":{"line":555,"column":27},"end":{"line":555,"column":60}},"280":{"start":{"line":556,"column":8},"end":{"line":560,"column":11}},"281":{"start":{"line":557,"column":26},"end":{"line":557,"column":100}},"282":{"start":{"line":558,"column":12},"end":{"line":558,"column":44}},"283":{"start":{"line":558,"column":23},"end":{"line":558,"column":44}},"284":{"start":{"line":559,"column":12},"end":{"line":559,"column":37}},"285":{"start":{"line":561,"column":8},"end":{"line":561,"column":42}},"286":{"start":{"line":568,"column":22},"end":{"line":568,"column":37}},"287":{"start":{"line":569,"column":29},"end":{"line":569,"column":81}},"288":{"start":{"line":572,"column":21},"end":{"line":572,"column":121}},"289":{"start":{"line":573,"column":26},"end":{"line":573,"column":109}},"290":{"start":{"line":574,"column":29},"end":{"line":574,"column":86}},"291":{"start":{"line":576,"column":26},"end":{"line":576,"column":53}},"292":{"start":{"line":577,"column":26},"end":{"line":577,"column":59}},"293":{"start":{"line":579,"column":8},"end":{"line":579,"column":122}},"294":{"start":{"line":579,"column":47},"end":{"line":579,"column":122}},"295":{"start":{"line":580,"column":8},"end":{"line":580,"column":111}},"296":{"start":{"line":580,"column":43},"end":{"line":580,"column":111}},"297":{"start":{"line":581,"column":8},"end":{"line":581,"column":111}},"298":{"start":{"line":581,"column":43},"end":{"line":581,"column":111}},"299":{"start":{"l
[...]
:{"line":585,"column":55}}],"line":585},"90":{"loc":{"start":{"line":586,"column":22},"end":{"line":586,"column":58}},"type":"cond-expr","locations":[{"start":{"line":586,"column":39},"end":{"line":586,"column":52}},{"start":{"line":586,"column":55},"end":{"line":586,"column":58}}],"line":586},"91":{"loc":{"start":{"line":609,"column":8},"end":{"line":609,"column":98}},"type":"if","locations":[{"start":{"line":609,"column":8},"end":{"line":609,"column":98}},{"start":{},"end":{}}],"line":609},"92":{"loc":{"start":{"line":610,"column":8},"end":{"line":610,"column":98}},"type":"if","locations":[{"start":{"line":610,"column":8},"end":{"line":610,"column":98}},{"start":{},"end":{}}],"line":610},"93":{"loc":{"start":{"line":611,"column":8},"end":{"line":611,"column":112}},"type":"if","locations":[{"start":{"line":611,"column":8},"end":{"line":611,"column":112}},{"start":{},"end":{}}],"line":611},"94":{"loc":{"start":{"line":638,"column":8},"end":{"line":643,"column":9}},"type":"if","locations":[{"start":{"line":638,"column":8},"end":{"line":643,"column":9}},{"start":{},"end":{}}],"line":638},"95":{"loc":{"start":{"line":639,"column":26},"end":{"line":639,"column":58}},"type":"cond-expr","locations":[{"start":{"line":639,"column":36},"end":{"line":639,"column":41}},{"start":{"line":639,"column":44},"end":{"line":639,"column":58}}],"line":639},"96":{"loc":{"start":{"line":640,"column":25},"end":{"line":640,"column":57}},"type":"cond-expr","locations":[{"start":{"line":640,"column":43},"end":{"line":640,"column":48}},{"start":{"line":640,"column":51},"end":{"line":640,"column":57}}],"line":640},"97":{"loc":{"start":{"line":641,"column":36},"end":{"line":641,"column":149}},"type":"cond-expr","locations":[{"start":{"line":641,"column":50},"end":{"line":641,"column":85}},{"start":{"line":641,"column":88},"end":{"line":641,"column":149}}],"line":641},"98":{"loc":{"start":{"line":645,"column":8},"end":{"line":650,"column":9}},"type":"if","locations":[{"start":{"line":645,"column":8},"end":{"line":650,"column":9}},{"start":{},"end":{}}],"line":645},"99":{"loc":{"start":{"line":659,"column":8},"end":{"line":659,"column":84}},"type":"if","locations":[{"start":{"line":659,"column":8},"end":{"line":659,"column":84}},{"start":{},"end":{}}],"line":659},"100":{"loc":{"start":{"line":660,"column":8},"end":{"line":660,"column":84}},"type":"if","locations":[{"start":{"line":660,"column":8},"end":{"line":660,"column":84}},{"start":{},"end":{}}],"line":660},"101":{"loc":{"start":{"line":661,"column":8},"end":{"line":661,"column":107}},"type":"if","locations":[{"start":{"line":661,"column":8},"end":{"line":661,"column":107}},{"start":{},"end":{}}],"line":661},"102":{"loc":{"start":{"line":662,"column":8},"end":{"line":662,"column":88}},"type":"if","locations":[{"start":{"line":662,"column":8},"end":{"line":662,"column":88}},{"start":{},"end":{}}],"line":662},"103":{"loc":{"start":{"line":663,"column":8},"end":{"line":663,"column":88}},"type":"if","locations":[{"start":{"line":663,"column":8},"end":{"line":663,"column":88}},{"start":{},"end":{}}],"line":663},"104":{"loc":{"start":{"line":664,"column":8},"end":{"line":664,"column":99}},"type":"if","locations":[{"start":{"line":664,"column":8},"end":{"line":664,"column":99}},{"start":{},"end":{}}],"line":664},"105":{"loc":{"start":{"line":665,"column":8},"end":{"line":665,"column":100}},"type":"if","locations":[{"start":{"line":665,"column":8},"end":{"line":665,"column":100}},{"start":{},"end":{}}],"line":665},"106":{"loc":{"start":{"line":666,"column":8},"end":{"line":666,"column":93}},"type":"if","locations":[{"start":{"line":666,"column":8},"end":{"line":666,"column":93}},{"start":{},"end":{}}],"line":666},"107":{"loc":{"start":{"line":667,"column":8},"end":{"line":667,"column":127}},"type":"if","locations":[{"start":{"line":667,"column":8},"end":{"line":667,"column":127}},{"start":{},"end":{}}],"line":667},"108":{"loc":{"start":{"line":667,"column":69},"end":{"line":667,"column":126}},"type":"cond-expr","locations":[{"start":{"line":667,"column":102},"end":{"line":667,"column":116}},{"start":{"line":667,"column":119},"end":{"line":667,"column":126}}],"line":667},"109":{"loc":{"start":{"line":668,"column":8},"end":{"line":668,"column":108}},"type":"if","locations":[{"start":{"line":668,"column":8},"end":{"line":668,"column":108}},{"start":{},"end":{}}],"line":668},"110":{"loc":{"start":{"line":669,"column":8},"end":{"line":669,"column":94}},"type":"if","locations":[{"start":{"line":669,"column":8},"end":{"line":669,"column":94}},{"start":{},"end":{}}],"line":669},"111":{"loc":{"start":{"line":670,"column":8},"end":{"line":670,"column":80}},"type":"if","locations":[{"start":{"line":670,"column":8},"end":{"line":670,"column":80}},{"start":{},"end":{}}],"line":670},"112":{"loc":{"start":{"line":671,"column":8},"end":{"line":671,"column":113}},"type":"if","locations":[{"start":{"line":671,"column":8},"end":{"line":671,"column":113}},{"start":{},"end":{}}],"line":671},"113":{"loc":{"start":{"line":672,"column":8},"end":{"line":672,"column":105}},"type":"if","locations":[{"start":{"line":672,"column":8},"end":{"line":672,"column":105}},{"start":{},"end":{}}],"line":672},"114":{"loc":{"start":{"line":680,"column":27},"end":{"line":680,"column":55}},"type":"binary-expr","locations":[{"start":{"line":680,"column":27},"end":{"line":680,"column":50}},{"start":{"line":680,"column":54},"end":{"line":680,"column":55}}],"line":680},"115":{"loc":{"start":{"line":682,"column":8},"end":{"line":682,"column":41}},"type":"if","locations":[{"start":{"line":682,"column":8},"end":{"line":682,"column":41}},{"start":{},"end":{}}],"line":682},"116":{"loc":{"start":{"line":683,"column":8},"end":{"line":683,"column":70}},"type":"if","locations":[{"start":{"line":683,"column":8},"end":{"line":683,"column":70}},{"start":{},"end":{}}],"line":683},"117":{"loc":{"start":{"line":693,"column":8},"end":{"line":693,"column":90}},"type":"if","locations":[{"start":{"line":693,"column":8},"end":{"line":693,"column":90}},{"start":{},"end":{}}],"line":693},"118":{"loc":{"start":{"line":694,"column":8},"end":{"line":694,"column":90}},"type":"if","locations":[{"start":{"line":694,"column":8},"end":{"line":694,"column":90}},{"start":{},"end":{}}],"line":694},"119":{"loc":{"start":{"line":695,"column":8},"end":{"line":695,"column":87}},"type":"if","locations":[{"start":{"line":695,"column":8},"end":{"line":695,"column":87}},{"start":{},"end":{}}],"line":695},"120":{"loc":{"start":{"line":704,"column":24},"end":{"line":704,"column":134}},"type":"binary-expr","locations":[{"start":{"line":704,"column":24},"end":{"line":704,"column":67}},{"start":{"line":704,"column":71},"end":{"line":704,"column":134}}],"line":704},"121":{"loc":{"start":{"line":712,"column":8},"end":{"line":714,"column":9}},"type":"if","locations":[{"start":{"line":712,"column":8},"end":{"line":714,"column":9}},{"start":{},"end":{}}],"line":712},"122":{"loc":{"start":{"line":740,"column":28},"end":{"line":740,"column":138}},"type":"binary-expr","locations":[{"start":{"line":740,"column":28},"end":{"line":740,"column":71}},{"start":{"line":740,"column":75},"end":{"line":740,"column":138}}],"line":740},"123":{"loc":{"start":{"line":741,"column":26},"end":{"line":741,"column":90}},"type":"binary-expr","locations":[{"start":{"line":741,"column":26},"end":{"line":741,"column":53}},{"start":{"line":741,"column":57},"end":{"line":741,"column":90}}],"line":741},"124":{"loc":{"start":{"line":743,"column":12},"end":{"line":749,"column":13}},"type":"if","locations":[{"start":{"line":743,"column":12},"end":{"line":749,"column":13}},{"start":{"line":746,"column":19},"end":{"line":749,"column":13}}],"line":743},"125":{"loc":{"start":{"line":753,"column":9},"end":{"line":753,"column":37}},"type":"binary-expr","locations":[{"start":{"line":753,"column":9},"end":{"line":753,"column":31}},{"start":{"line":753,"column":35},"end":{"line":753,"column":37}}],"line":753},"126":{"loc":{"start":{"line":769,"column":12},"end":{"line":773,"column":13}},"type":"if","locations":[{"start":{"line":769,"column":12},"end":{"line":773,"column":13}},{"start":{},"end":{}}],"line":769},"127":{"loc":{"start":{"line":771,"column":16},"end":{"line":771,"column":72}},"type":"if","locations":[{"start":{"line":771,"column":16},"end":{"line":771,"column":72}},{"start":{},"end":{}}],"line":771},"128":{"loc":{"start":{"line":771,"column":51},"end":{"line":771,"column":71}},"type":"binary-expr","locations":[{"start":{"line":771,"column":51},"end":{"line":771,"column":66}},{"start":{"line":771,"column":70},"end":{"line":771,"column":71}}],"line":771},"129":{"loc":{"start":{"line":772,"column":28},"end":{"line":772,"column":49}},"type":"binary-expr","locations":[{"start":{"line":772,"column":28},"end":{"line":772,"column":37}},{"start":{"line":772,"column":41},"end":{"line":772,"column":49}}],"line":772},"130":{"loc":{"start":{"line":783,"column":12},"end":{"line":798,"column":13}},"type":"if","locations":[{"start":{"line":783,"column":12},"end":{"line":798,"column":13}},{"start":{},"end":{}}],"line":783},"131":{"loc":{"start":{"line":785,"column":16},"end":{"line":797,"column":17}},"type":"if","locations":[{"start":{"line":785,"column":16},"end":{"line":797,"column":17}},{"start":{"line":791,"column":21},"end":{"line":797,"column":17}}],"line":785},"132":{"loc":{"start":{"line":786,"column":20},"end":{"line":786,"column":108}},"type":"if","locations":[{"start":{"line":786,"column":20},"end":{"line":786,"column":108}},{"start":{},"end":{}}],"line":786},"133":{"loc":{"start":{"line":791,"column":21},"end":{"line":797,"column":17}},"type":"if","locations":[{"start":{"line":791,"column":21},"end":{"line":797,"column":17}},{"start":{"line":795,"column":21},"end":{"line":797,"column":17}}],"line":791},"134":{"loc":{"start":{"line":813,"column":8},"end":{"line":815,"column":9}},"type":"if","locations":[{"start":{"line":813,"column":8},"end":{"line":815,"column":9}},{"start":{},"end":{}}],"line":813},"135":{"loc":{"start":{"line":816,"column":8},"end":{"line":819,"column":9}},"type":"if","locations":[{"start":{"line":816,"column":8},"end":{"line":819,"column":9}},{"start":{},"end":{}}],"line":816},"136":{"loc":{"start":{"line":820,"column":8},"end":{"line":822,"column":9}},"type":"if","locations":[{"start":{"line":820,"column":8},"end":{"line":822,"column":9}},{"start":{},"end":{}}],"line":820},"137":{"loc":{"start":{"line":823,"column":8},"end":{"line":825,"column":9}},"type":"if","locations":[{"start":{"line":823,"column":8},"end":{"line":825,"column":9}},{"start":{},"end":{}}],"line":823},"138":{"loc":{"start":{"line":830,"column":8},"end":{"line":833,"column":9}},"type":"if","locations":[{"start":{"line":830,"column":8},"end":{"line":833,"column":9}},{"start":{},"end":{}}],"line":830},"139":{"loc":{"start":{"line":846,"column":8},"end":{"line":848,"column":9}},"type":"if","locations":[{"start":{"line":846,"column":8},"end":{"line":848,"column":9}},{"start":{},"end":{}}],"line":846},"140":{"loc":{"start":{"line":868,"column":8},"end":{"line":868,"column":35}},"type":"if","locations":[{"start":{"line":868,"column":8},"end":{"line":868,"column":35}},{"start":{},"end":{}}],"line":868},"141":{"loc":{"start":{"line":868,"column":12},"end":{"line":868,"column":26}},"type":"binary-expr","locations":[{"start":{"line":868,"column":12},"end":{"line":868,"column":17}},{"start":{"line":868,"column":21},"end":{"line":868,"column":26}}],"line":868},"142":{"loc":{"start":{"line":881,"column":8},"end":{"line":886,"column":9}},"type":"if","locations":[{"start":{"line":881,"column":8},"end":{"line":886,"column":9}},{"start":{"line":884,"column":15},"end":{"line":886,"column":9}}],"line":881},"143":{"loc":{"start":{"line":889,"column":25},"end":{"line":889,"column":46}},"type":"binary-expr","locations":[{"start":{"line":889,"column":25},"end":{"line":889,"column":36}},{"start":{"line":889,"column":40},"end":{"line":889,"column":46}}],"line":889},"144":{"loc":{"start":{"line":899,"column":8},"end":{"line":899,"column":66}},"type":"if","locations":[{"start":{"line":899,"column":8},"end":{"line":899,"column":66}},{"start":{},"end":{}}],"line":899},"145":{"loc":{"start":{"line":912,"column":24},"end":{"line":912,"column":87}},"type":"binary-expr","locations":[{"start":{"line":912,"column":24},"end":{"line":912,"column":52}},{"start":{"line":912,"column":56},"end":{"line":912,"column":87}}],"line":912},"146":{"loc":{"start":{"line":913,"column":8},"end":{"line":913,"column":81}},"type":"if","locations":[{"start":{"line":913,"column":8},"end":{"line":913,"column":81}},{"start":{},"end":{}}],"line":913},"147":{"loc":{"start":{"line":913,"column":12},"end":{"line":913,"column":72}},"type":"binary-expr","locations":[{"start":{"line":913,"column":13},"end":{"line":913,"column":34}},{"start":{"line":913,"column":38},"end":{"line":913,"column":60}},{"start":{"line":913,"column":65},"end":{"line":913,"column":72}}],"line":913},"148":{"loc":{"start":{"line":915,"column":8},"end":{"line":919,"column":9}},"type":"if","locations":[{"start":{"line":915,"column":8},"end":{"line":919,"column":9}},{"start":{"line":917,"column":15},"end":{"line":919,"column":9}}],"line":915},"149":{"loc":{"start":{"line":915,"column":12},"end":{"line":915,"column":55}},"type":"binary-expr","locations":[{"start":{"line":915,"column":12},"end":{"line":915,"column":34}},{"start":{"line":915,"column":38},"end":{"line":915,"column":55}}],"line":915},"150":{"loc":{"start":{"line":917,"column":15},"end":{"line":919,"column":9}},"type":"if","locations":[{"start":{"line":917,"column":15},"end":{"line":919,"column":9}},{"start":{},"end":{}}],"line":917}},"s":{"0":1,"1":0,"2":0,"3":0,"4":0,"5":0,"6":0,"7":0,"8":0,"9":0,"10":0,"11":0,"12":0,"13":0,"14":0,"15":0,"16":0,"17":0,"18":0,"19":0,"20":0,"21":0,"22":0,"23":0,"24":0,"25":0,"26":0,"27":0,"28":0,"29":0,"30":0,"31":0,"32":0,"33":0,"34":0,"35":0,"36":0,"37":0,"38":0,"39":0,"40":0,"41":0,"42":0,"43":0,"44":0,"45":0,"46":0,"47":0,"48":0,"49":0,"50":0,"51":0,"52":0,"53":0,"54":0,"55":0,"56":0,"57":0,"58":0,"59":0,"60":0,"61":0,"62":0,"63":0,"64":0,"65":0,"66":0,"67":0,"68":0,"69":0,"70":0,"71":0,"72":0,"73":0,"74":0,"75":0,"76":0,"77":0,"78":0,"79":0,"80":0,"81":0,"82":0,"83":0,"84":0,"85":0,"86":0,"87":0,"88":0,"89":0,"90":0,"91":0,"92":0,"93":0,"94":0,"95":0,"96":0,"97":0,"98":0,"99":0,"100":0,"101":0,"102":0,"103":0,"104":0,"105":0,"106":0,"107":0,"108":0,"109":0,"110":0,"111":0,"112":0,"113":0,"114":0,"115":0,"116":0,"117":0,"118":0,"119":0,"120":0,"121":0,"122":0,"123":0,"124":0,"125":0,"126":0,"127":0,"128":0,"129":0,"130":0,"131":0,"132":0,"133":0,"134":0,"135":0,"136":0,"137":0,"138":0,"139":0,"140":0,"141":0,"142":0,"143":0,"144":0,"145":0,"146":0,"147":0,"148":0,"149":0,"150":0,"151":0,"152":0,"153":0,"154":0,"155":0,"156":0,"157":0,"158":0,"159":0,"160":0,"161":0,"162":0,"163":0,"164":0,"165":0,"166":0,"167":0,"168":0,"169":0,"170":0,"171":0,"172":0,"173":0,"174":0,"175":0,"176":0,"177":0,"178":0,"179":0,"180":0,"181":0,"182":0,"183":0,"184":0,"185":0,"186":0,"187":0,"188":0,"189":0,"190":0,"191":0,"192":0,"193":0,"194":0,"195":0,"196":0,"197":0,"198":0,"199":0,"200":0,"201":0,"202":0,"203":0,"204":0,"205":0,"206":0,"207":0,"208":0,"209":0,"210":0,"211":0,"212":0,"213":0,"214":0,"215":0,"216":0,"217":0,"218":0,"219":0,"220":0,"221":0,"222":0,"223":0,"224":0,"225":0,"226":0,"227":0,"228":0,"229":0,"230":0,"231":0,"232":0,"233":0,"234":0,"235":0,"236":0,"237":0,"238":0,"239":0,"240":0,"241":0,"242":0,"243":0,"244":0,"245":0,"246":0,"247":0,"248":0,"249":0,"250":0,"251":0,"252":0,"253":0,"254":0,"255":0,"256":0,"257":0,"258":0,"259":0,"260":0,"261":0,"262":0,"263":0,"264":0,"265":0,"266":0,"267":0,"268":0,"269":0,"270":0,"271":0,"272":0,"273":0,"274":0,"275":0,"276":0,"277":0,"278":0,"279":0,"280":0,"281":0,"282":0,"283":0,"284":0,"285":0,"286":0,"287":0,"288":0,"289":0,"290":0,"291":0,"292":0,"293":0,"294":0,"295":0,"296":0,"297":0,"298":0,"299":0,"300":0,"301":0,"302":0,"303":0,"304":0,"305":0,"306":0,"307":0,"308":0,"309":0,"310":0,"311":0,"312":0,"313":0,"314":0,"315":0,"316":0,"317":0,"318":0,"319":0,"320":0,"321":0,"322":0,"323":0,"324":0,"325":0,"326":0,"327":0,"328":0,"329":0,"330":0,"331":0,"332":0,"333":0,"334":0,"335":0,"336":0,"337":0,"338":0,"339":0,"340":0,"341":0,"342":0,"343":0,"344":0,"345":0,"346":0,"347":1,"348":1,"349":1,"350":1,"351":1,"352":1,"353":1,"354":1,"355":1,"356":1,"357":1,"358":1,"359":1,"360":1,"361":1,"362":1,"363":1,"364":1,"365":1,"366":1,"367":1,"368":1,"369":1,"370":1,"371":1,"372":1,"373":1,"374":1,"375":1,"376":1,"377":0,"378":0,"379":0,"380":0,"381":0,"382":0,"383":0,"384":0,"385":0,"386":0,"387":0,"388":0,"389":0,"390":0,"391":0,"392":0,"393":0,"394":0,"395":0,"396":0,"397":0,"398":0,"399":0,"400":0,"401":0,"402":0,"403":0,"404":0,"405":0,"406":0,"407":0,"408":0,"409":0,"410":0,"411":0,"412":0,"413":0,"414":0,"415":0,"416":0,"417":0,"418":0,"419":0,"420":0,"421":0,"422":0,"423":0,"424":0,"425":0,"426":0,"427":0,"428":0,"429":0,"430":0,"431":0,"432":0,"433":0,"434":0,"435":0,"436":0,"437":0,"438":0,"439":0,"440":0,"441":0,"442":0,"443":0,"444":0,"445":0,"446":0,"447":0,"448":0,"449":0,"450":0,"451":0,"452":0,"453":0,"454":0,"455":0,"456":0,"457":0,"458":0,"459":0,"460":0,"461":0,"462":0,"463":0,"464":0,"465":0,"466":0,"467":0,"468":0,"469":0,"470":0,"471":0,"472":0,"473":0,"474":0,"475":0,"476":0,"477":0,"478":0,"479":0,"480":0,"481":0,"482":0,"483":0,"484":0,"485":0,"486":0,"487":0,"488":0,"489":0,"490":0,"491":0,"492":0,"493":0,"494":0,"495":0,"496":0,"497":0,"498":0,"499":1,"500":1,"501":0},"f":{"0":0,"1":0,"2":0,"3":0,"4":0,"5":0,"6":0,"7":0,"8":0,"9":0,"10":0,"11":0,"12":0,"13":0,"14":0,"15":0,"16":0,"17":0,"18":0,"19":0,"20":0,"21":0,"22":0,"23":0,"24":0,"25":0,"26":0,"27":0,"28":0,"29":0,"30":0,"31":0,"32":0,"33":0,"34":0,"35":0,"36":0,"37":0,"38":0,"39":0,"40":0,"41":0,"42":0,"43":0,"44":0,"45":0,"46":0,"47":0,"48":0,"49":0,"50":0,"51":0,"52":0,"53":0,"54":0,"55":0,"56":0,"57":0,"58":0,"59":0,"60":1,"61":0,"62":0,"63":0,"64":0,"65":0,"66":0,"67":0,"68":0,"69":0,"70":0,"71":0,"72":0,"73":0,"74":0,"75":0,"76":0,"77":0,"78":0,"79":0,"80":0,"81":0,"82":0,"83":0,"84":0,"85":0,"86":0,"87":0,"88":0,"89":0},"b":{"0":[0,0],"1":[0,0],"2":[0,0],"3":[0,0],"4":[0,0],"5":[0,0],"6":[0,0],"7":[0,0],"8":[0,0],"9":[0,0],"10":[0,0],"11":[0,0],"12":[0,0],"13":[0,0],"14":[0,0],"15":[0,0],"16":[0,0],"17":[0,0],"18":[0,0],"19":[0,0],"20":[0,0],"21":[0,0],"22":[0,0],"23":[0,0],"24":[0,0],"25":[0,0],"26":[0,0],"27":[0,0],"28":[0,0],"29":[0,0],"30":[0,0],"31":[0,0],"32":[0,0],"33":[0,0],"34":[0,0],"35":[0,0],"36":[0,0],"37":[0,0],"38":[0,0],"39":[0,0],"40":[0,0],"41":[0,0],"42":[0,0],"43":[0,0],"44":[0,0],"45":[0,0],"46":[0,0],"47":[0,0],"48":[0,0],"49":[0,0],"50":[0,0],"51":[0,0],"52":[0,0],"53":[0,0],"54":[0,0],"55":[0,0],"56":[0,0],"57":[0,0],"58":[0,0],"59":[0,0],"60":[0,0],"61":[0,0],"62":[0,0],"63":[0,0],"64":[0,0],"65":[0,0],"66":[0,0],"67":[0,0],"68":[0,0],"69":[0,0],"70":[0,0],"71":[0,0],"72":[0,0],"73":[0,0],"74":[0,0],"75":[0,0],"76":[0,0],"77":[0,0],"78":[0,0],"79":[0,0],"80":[0,0],"81":[0,0],"82":[0,0],"83":[0,0],"84":[0,0],"85":[0,0],"86":[0,0],"87":[0,0],"88":[0,0],"89":[0,0],"90":[0,0],"91":[0,0],"92":[0,0],"93":[0,0],"94":[0,0],"95":[0,0],"96":[0,0],"97":[0,0],"98":[0,0],"99":[1,0],"100":[1,0],"101":[1,0],"102":[1,0],"103":[1,0],"104":[1,0],"105":[1,0],"106":[1,0],"107":[1,0],"108":[1,0],"109":[1,0],"110":[1,0],"111":[1,0],"112":[1,0],"113":[1,0],"114":[0,0],"115":[0,0],"116":[0,0],"117":[0,0],"118":[0,0],"119":[0,0],"120":[0,0],"121":[0,0],"122":[0,0],"123":[0,0],"124":[0,0],"125":[0,0],"126":[0,0],"127":[0,0],"128":[0,0],"129":[0,0],"130":[0,0],"131":[0,0],"132":[0,0],"133":[0,0],"134":[0,0],"135":[0,0],"136":[0,0],"137":[0,0],"138":[0,0],"139":[0,0],"140":[0,0],"141":[0,0],"142":[0,0],"143":[0,0],"144":[0,0],"145":[0,0],"146":[0,0],"147":[0,0,0],"148":[0,0],"149":[0,0],"150":[0,0]},"_coverageSchema":"1a1c01bbd47fc00a2c39e90264f33305004495a9","hash":"b00219a7e1e72fde362353c8483eec0cc9a649bb"}}