{"C:\\Users\\Ash.Davies\\Sites\\personal\\FairShare\\src\\core\\Constants.js":{"path":"C:\\Users\\Ash.Davies\\Sites\\personal\\FairShare\\src\\core\\Constants.js","statementMap":{"0":{"start":{"line":10,"column":26},"end":{"line":32,"column":1}},"1":{"start":{"line":38,"column":21},"end":{"line":75,"column":1}},"2":{"start":{"line":80,"column":16},"end":{"line":90,"column":1}},"3":{"start":{"line":95,"column":20},"end":{"line":95,"column":123}},"4":{"start":{"line":100,"column":20},"end":{"line":120,"column":1}},"5":{"start":{"line":125,"column":19},"end":{"line":133,"column":1}}},"fnMap":{},"branchMap":{},"s":{"0":1,"1":1,"2":1,"3":1,"4":1,"5":1},"f":{},"b":{},"_coverageSchema":"1a1c01bbd47fc00a2c39e90264f33305004495a9","hash":"7b56db91bc21400cd8bcabf22f36df71ead9b936"},"C:\\Users\\Ash.Davies\\Sites\\personal\\FairShare\\src\\core\\FinanceEngine.js":{"path":"C:\\Users\\Ash.Davies\\Sites\\personal\\FairShare\\src\\core\\FinanceEngine.js","statementMap":{"0":{"start":{"line":9,"column":22},"end":{"line":136,"column":1}},"1":{"start":{"line":17,"column":18},"end":{"line":17,"column":19}},"2":{"start":{"line":18,"column":24},"end":{"line":18,"column":25}},"3":{"start":{"line":19,"column":8},"end":{"line":27,"column":9}},"4":{"start":{"line":20,"column":12},"end":{"line":26,"column":13}},"5":{"start":{"line":21,"column":30},"end":{"line":21,"column":54}},"6":{"start":{"line":22,"column":38},"end":{"line":22,"column":72}},"7":{"start":{"line":23,"column":16},"end":{"line":23,"column":52}},"8":{"start":{"line":24,"column":16},"end":{"line":24,"column":42}},"9":{"start":{"line":24,"column":36},"end":{"line":24,"column":42}},"10":{"start":{"line":25,"column":16},"end":{"line":25,"column":34}},"11":{"start":{"line":28,"column":8},"end":{"line":28,"column":19}},"12":{"start":{"line":38,"column":8},"end":{"line":38,"column":82}},"13":{"start":{"line":38,"column":25},"end":{"line":38,"column":82}},"14":{"start":{"line":40,"column":23},"end":{"line":40,"column":72}},"15":{"start":{"line":43,"column":30},"end":{"line":43,"column":54}},"16":{"start":{"line":44,"column":8},"end":{"line":46,"column":9}},"17":{"start":{"line":45,"column":12},"end":{"line":45,"column":109}},"18":{"start":{"line":49,"column":29},"end":{"line":52,"column":9}},"19":{"start":{"line":54,"column":24},"end":{"line":54,"column":25}},"20":{"start":{"line":55,"column":24},"end":{"line":55,"column":25}},"21":{"start":{"line":56,"column":29},"end":{"line":56,"column":49}},"22":{"start":{"line":58,"column":8},"end":{"line":70,"column":9}},"23":{"start":{"line":59,"column":26},"end":{"line":59,"column":47}},"24":{"start":{"line":60,"column":12},"end":{"line":60,"column":45}},"25":{"start":{"line":60,"column":36},"end":{"line":60,"column":45}},"26":{"start":{"line":62,"column":12},"end":{"line":68,"column":13}},"27":{"start":{"line":63,"column":42},"end":{"line":63,"column":77}},"28":{"start":{"line":64,"column":16},"end":{"line":64,"column":59}},"29":{"start":{"line":65,"column":16},"end":{"line":67,"column":17}},"30":{"start":{"line":66,"column":20},"end":{"line":66,"column":47}},"31":{"start":{"line":69,"column":12},"end":{"line":69,"column":30}},"32":{"start":{"line":74,"column":17},"end":{"line":74,"column":18}},"33":{"start":{"line":75,"column":8},"end":{"line":79,"column":9}},"34":{"start":{"line":76,"column":12},"end":{"line":76,"column":70}},"35":{"start":{"line":77,"column":15},"end":{"line":79,"column":9}},"36":{"start":{"line":78,"column":12},"end":{"line":78,"column":41}},"37":{"start":{"line":81,"column":8},"end":{"line":84,"column":10}},"38":{"start":{"line":96,"column":8},"end":{"line":96,"column":33}},"39":{"start":{"line":96,"column":24},"end":{"line":96,"column":33}},"40":{"start":{"line":97,"column":31},"end":{"line":97,"column":70}},"41":{"start":{"line":98,"column":29},"end":{"line":98,"column":50}},"42":{"start":{"line":100,"column":8},"end":{"line":108,"column":9}},"43":{"start":{"line":101,"column":12},"end":{"line":103,"column":13}},"44":{"start":{"line":102,"column":16},"end":{"line":102,"column":74}},"45":{"start":{"line":104,"column":12},"end":{"line":107,"column":13}},"46":{"start":{"line":105,"column":36},"end":{"line":105,"column":91}},"47":{"start":{"line":106,"column":16},"end":{"line":106,"column":75}},"48":{"start":{"line":110,"column":18},"end":{"line":110,"column":73}},"49":{"start":{"line":111,"column":8},"end":{"line":113,"column":9}},"50":{"start":{"line":112,"column":12},"end":{"line":112,"column":62}},"51":{"start":{"line":114,"column":8},"end":{"line":114,"column":31}},"52":{"start":{"line":125,"column":8},"end":{"line":127,"column":9}},"53":{"start":{"line":126,"column":12},"end":{"line":126,"column":60}},"54":{"start":{"line":128,"column":28},"end":{"line":128,"column":51}},"55":{"start":{"line":129,"column":33},"end":{"line":129,"column":47}},"56":{"start":{"line":130,"column":31},"end":{"line":130,"column":154}},"57":{"start":{"line":131,"column":8},"end":{"line":134,"column":10}}},"fnMap":{"0":{"name":"(anonymous_0)","decl":{"start":{"line":16,"column":4},"end":{"line":16,"column":5}},"loc":{"start":{"line":16,"column":47},"end":{"line":29,"column":5}},"line":16},"1":{"name":"(anonymous_1)","decl":{"start":{"line":37,"column":4},"end":{"line":37,"column":5}},"loc":{"start":{"line":37,"column":52},"end":{"line":85,"column":5}},"line":37},"2":{"name":"(anonymous_2)","decl":{"start":{"line":95,"column":4},"end":{"line":95,"column":5}},"loc":{"start":{"line":95,"column":62},"end":{"line":115,"column":5}},"line":95},"3":{"name":"(anonymous_3)","decl":{"start":{"line":124,"column":4},"end":{"line":124,"column":5}},"loc":{"start":{"line":124,"column":63},"end":{"line":135,"column":5}},"line":124}},"branchMap":{"0":{"loc":{"start":{"line":20,"column":12},"end":{"line":26,"column":13}},"type":"if","locations":[{"start":{"line":20,"column":12},"end":{"line":26,"column":13}},{"start":{},"end":{}}],"line":20},"1":{"loc":{"start":{"line":21,"column":30},"end":{"line":21,"column":54}},"type":"binary-expr","locations":[{"start":{"line":21,"column":30},"end":{"line":21,"column":42}},{"start":{"line":21,"column":46},"end":{"line":21,"column":54}}],"line":21},"2":{"loc":{"start":{"line":24,"column":16},"end":{"line":24,"column":42}},"type":"if","locations":[{"start":{"line":24,"column":16},"end":{"line":24,"column":42}},{"start":{},"end":{}}],"line":24},"3":{"loc":{"start":{"line":37,"column":37},"end":{"line":37,"column":50}},"type":"default-arg","locations":[{"start":{"line":37,"column":46},"end":{"line":37,"column":50}}],"line":37},"4":{"loc":{"start":{"line":38,"column":8},"end":{"line":38,"column":82}},"type":"if","locations":[{"start":{"line":38,"column":8},"end":{"line":38,"column":82}},{"start":{},"end":{}}],"line":38},"5":{"loc":{"start":{"line":40,"column":23},"end":{"line":40,"column":72}},"type":"binary-expr","locations":[{"start":{"line":40,"column":23},"end":{"line":40,"column":48}},{"start":{"line":40,"column":52},"end":{"line":40,"column":72}}],"line":40},"6":{"loc":{"start":{"line":44,"column":8},"end":{"line":46,"column":9}},"type":"if","locations":[{"start":{"line":44,"column":8},"end":{"line":46,"column":9}},{"start":{},"end":{}}],"line":44},"7":{"loc":{"start":{"line":59,"column":26},"end":{"line":59,"column":47}},"type":"binary-expr","locations":[{"start":{"line":59,"column":26},"end":{"line":59,"column":35}},{"start":{"line":59,"column":39},"end":{"line":59,"column":47}}],"line":59},"8":{"loc":{"start":{"line":60,"column":12},"end":{"line":60,"column":45}},"type":"if","locations":[{"start":{"line":60,"column":12},"end":{"line":60,"column":45}},{"start":{},"end":{}}],"line":60},"9":{"loc":{"start":{"line":62,"column":12},"end":{"line":68,"column":13}},"type":"if","locations":[{"start":{"line":62,"column":12},"end":{"line":68,"column":13}},{"start":{},"end":{}}],"line":62},"10":{"loc":{"start":{"line":65,"column":16},"end":{"line":67,"column":17}},"type":"if","locations":[{"start":{"line":65,"column":16},"end":{"line":67,"column":17}},{"start":{},"end":{}}],"line":65},"11":{"loc":{"start":{"line":75,"column":8},"end":{"line":79,"column":9}},"type":"if","locations":[{"start":{"line":75,"column":8},"end":{"line":79,"column":9}},{"start":{"line":77,"column":15},"end":{"line":79,"column":9}}],"line":75},"12":{"loc":{"start":{"line":77,"column":15},"end":{"line":79,"column":9}},"type":"if","locations":[{"start":{"line":77,"column":15},"end":{"line":79,"column":9}},{"start":{},"end":{}}],"line":77},"13":{"loc":{"start":{"line":96,"column":8},"end":{"line":96,"column":33}},"type":"if","locations":[{"start":{"line":96,"column":8},"end":{"line":96,"column":33}},{"start":{},"end":{}}],"line":96},"14":{"loc":{"start":{"line":97,"column":31},"end":{"line":97,"column":70}},"type":"binary-expr","locations":[{"start":{"line":97,"column":31},"end":{"line":97,"column":51}},{"start":{"line":97,"column":55},"end":{"line":97,"column":70}}],"line":97},"15":{"loc":{"start":{"line":100,"column":8},"end":{"line":108,"column":9}},"type":"if","locations":[{"start":{"line":100,"column":8},"end":{"line":108,"column":9}},{"start":{},"end":{}}],"line":100},"16":{"loc":{"start":{"line":100,"column":12},"end":{"line":100,"column":34}},"type":"binary-expr","locations":[{"start":{"line":100,"column":12},"end":{"line":100,"column":17}},{"start":{"line":100,"column":21},"end":{"line":100,"column":34}}],"line":100},"17":{"loc":{"start":{"line":101,"column":12},"end":{"line":103,"column":13}},"type":"if","locations":[{"start":{"line":101,"column":12},"end":{"line":103,"column":13}},{"start":{},"end":{}}],"line":101},"18":{"loc":{"start":{"line":101,"column":16},"end":{"line":101,"column":50}},"type":"binary-expr","locations":[{"start":{"line":101,"column":16},"end":{"line":101,"column":31}},{"start":{"line":101,"column":35},"end":{"line":101,"column":50}}],"line":101},"19":{"loc":{"start":{"line":104,"column":12},"end":{"line":107,"column":13}},"type":"if","locations":[{"start":{"line":104,"column":12},"end":{"line":107,"column":13}},{"start":{},"end":{}}],"line":104},"20":{"loc":{"start":{"line":111,"column":8},"end":{"line":113,"column":9}},"type":"if","locations":[{"start":{"line":111,"column":8},"end":{"line":113,"column":9}},{"start":{},"end":{}}],"line":111},"21":{"loc":{"start":{"line":111,"column":12},"end":{"line":111,"column":42}},"type":"binary-expr","locations":[{"start":{"line":111,"column":12},"end":{"line":111,"column":24}},{"start":{"line":111,"column":28},"end":{"line":111,"column":42}}],"line":111},"22":{"loc":{"start":{"line":125,"column":8},"end":{"line":127,"column":9}},"type":"if","locations":[{"start":{"line":125,"column":8},"end":{"line":127,"column":9}},{"start":{},"end":{}}],"line":125},"23":{"loc":{"start":{"line":125,"column":12},"end":{"line":125,"column":63}},"type":"binary-expr","locations":[{"start":{"line":125,"column":12},"end":{"line":125,"column":26}},{"start":{"line":125,"column":30},"end":{"line":125,"column":45}},{"start":{"line":125,"column":49},"end":{"line":125,"column":63}}],"line":125}},"s":{"0":1,"1":7,"2":7,"3":7,"4":18,"5":13,"6":13,"7":13,"8":13,"9":6,"10":7,"11":7,"12":3,"13":0,"14":3,"15":3,"16":3,"17":1,"18":3,"19":3,"20":3,"21":3,"22":3,"23":15,"24":15,"25":1,"26":14,"27":9,"28":9,"29":9,"30":3,"31":14,"32":3,"33":3,"34":1,"35":2,"36":2,"37":3,"38":5,"39":0,"40":5,"41":5,"42":5,"43":2,"44":2,"45":0,"46":0,"47":0,"48":3,"49":3,"50":1,"51":3,"52":1,"53":1,"54":0,"55":0,"56":0,"57":0},"f":{"0":7,"1":3,"2":5,"3":1},"b":{"0":[13,5],"1":[13,0],"2":[6,7],"3":[0],"4":[0,3],"5":[3,0],"6":[1,2],"7":[15,0],"8":[1,14],"9":[9,5],"10":[3,6],"11":[1,2],"12":[2,0],"13":[0,5],"14":[5,0],"15":[2,3],"16":[5,2],"17":[2,0],"18":[2,2],"19":[0,0],"20":[1,2],"21":[3,1],"22":[1,0],"23":[1,1,0]},"_coverageSchema":"1a1c01bbd47fc00a2c39e90264f33305004495a9","hash":"01199420606a4c1feae8d83f463fbda7a289093c"},"C:\\Users\\Ash.Davies\\Sites\\personal\\FairShare\\src\\core\\Calculations.js":{"path":"C:\\Users\\Ash.Davies\\Sites\\personal\\FairShare\\src\\core\\Calculations.js","statementMap":{"0":{"start":{"line":9,"column":26},"end":{"line":68,"column":1}},"1":{"start":{"line":17,"column":21},"end":{"line":17,"column":121}},"2":{"start":{"line":18,"column":26},"end":{"line":18,"column":109}},"3":{"start":{"line":19,"column":29},"end":{"line":19,"column":93}},"4":{"start":{"line":21,"column":29},"end":{"line":21,"column":81}},"5":{"start":{"line":22,"column":26},"end":{"line":22,"column":53}},"6":{"start":{"line":23,"column":26},"end":{"line":23,"column":59}},"7":{"start":{"line":26,"column":25},"end":{"line":30,"column":9}},"8":{"start":{"line":27,"column":25},"end":{"line":27,"column":55}},"9":{"start":{"line":28,"column":22},"end":{"line":28,"column":58}},"10":{"start":{"line":29,"column":12},"end":{"line":29,"column":66}},"11":{"start":{"line":32,"column":22},"end":{"line":46,"column":9}},"12":{"start":{"line":48,"column":33},"end":{"line":48,"column":90}},"13":{"start":{"line":48,"column":73},"end":{"line":48,"column":86}},"14":{"start":{"line":49,"column":24},"end":{"line":49,"column":78}},"15":{"start":{"line":49,"column":64},"end":{"line":49,"column":74}},"16":{"start":{"line":50,"column":24},"end":{"line":50,"column":78}},"17":{"start":{"line":50,"column":64},"end":{"line":50,"column":74}},"18":{"start":{"line":52,"column":8},"end":{"line":66,"column":10}}},"fnMap":{"0":{"name":"(anonymous_0)","decl":{"start":{"line":15,"column":4},"end":{"line":15,"column":5}},"loc":{"start":{"line":15,"column":29},"end":{"line":67,"column":5}},"line":15},"1":{"name":"(anonymous_1)","decl":{"start":{"line":26,"column":25},"end":{"line":26,"column":26}},"loc":{"start":{"line":26,"column":39},"end":{"line":30,"column":9}},"line":26},"2":{"name":"(anonymous_2)","decl":{"start":{"line":48,"column":61},"end":{"line":48,"column":62}},"loc":{"start":{"line":48,"column":73},"end":{"line":48,"column":86}},"line":48},"3":{"name":"(anonymous_3)","decl":{"start":{"line":49,"column":52},"end":{"line":49,"column":53}},"loc":{"start":{"line":49,"column":64},"end":{"line":49,"column":74}},"line":49},"4":{"name":"(anonymous_4)","decl":{"start":{"line":50,"column":52},"end":{"line":50,"column":53}},"loc":{"start":{"line":50,"column":64},"end":{"line":50,"column":74}},"line":50}},"branchMap":{"0":{"loc":{"start":{"line":18,"column":26},"end":{"line":18,"column":109}},"type":"cond-expr","locations":[{"start":{"line":18,"column":58},"end":{"line":18,"column":62}},{"start":{"line":18,"column":66},"end":{"line":18,"column":108}}],"line":18},"1":{"loc":{"start":{"line":18,"column":66},"end":{"line":18,"column":108}},"type":"cond-expr","locations":[{"start":{"line":18,"column":97},"end":{"line":18,"column":101}},{"start":{"line":18,"column":104},"end":{"line":18,"column":108}}],"line":18},"2":{"loc":{"start":{"line":19,"column":69},"end":{"line":19,"column":92}},"type":"binary-expr","locations":[{"start":{"line":19,"column":69},"end":{"line":19,"column":87}},{"start":{"line":19,"column":91},"end":{"line":19,"column":92}}],"line":19},"3":{"loc":{"start":{"line":21,"column":29},"end":{"line":21,"column":81}},"type":"cond-expr","locations":[{"start":{"line":21,"column":62},"end":{"line":21,"column":75}},{"start":{"line":21,"column":78},"end":{"line":21,"column":81}}],"line":21},"4":{"loc":{"start":{"line":27,"column":25},"end":{"line":27,"column":55}},"type":"binary-expr","locations":[{"start":{"line":27,"column":25},"end":{"line":27,"column":46}},{"start":{"line":27,"column":50},"end":{"line":27,"column":55}}],"line":27},"5":{"loc":{"start":{"line":28,"column":22},"end":{"line":28,"column":58}},"type":"cond-expr","locations":[{"start":{"line":28,"column":39},"end":{"line":28,"column":52}},{"start":{"line":28,"column":55},"end":{"line":28,"column":58}}],"line":28},"6":{"loc":{"start":{"line":33,"column":47},"end":{"line":33,"column":72}},"type":"binary-expr","locations":[{"start":{"line":33,"column":47},"end":{"line":33,"column":67}},{"start":{"line":33,"column":71},"end":{"line":33,"column":72}}],"line":33},"7":{"loc":{"start":{"line":34,"column":39},"end":{"line":34,"column":60}},"type":"binary-expr","locations":[{"start":{"line":34,"column":39},"end":{"line":34,"column":55}},{"start":{"line":34,"column":59},"end":{"line":34,"column":60}}],"line":34},"8":{"loc":{"start":{"line":35,"column":37},"end":{"line":35,"column":57}},"type":"binary-expr","locations":[{"start":{"line":35,"column":37},"end":{"line":35,"column":52}},{"start":{"line":35,"column":56},"end":{"line":35,"column":57}}],"line":35},"9":{"loc":{"start":{"line":36,"column":45},"end":{"line":36,"column":69}},"type":"binary-expr","locations":[{"start":{"line":36,"column":45},"end":{"line":36,"column":64}},{"start":{"line":36,"column":68},"end":{"line":36,"column":69}}],"line":36},"10":{"loc":{"start":{"line":37,"column":45},"end":{"line":37,"column":69}},"type":"binary-expr","locations":[{"start":{"line":37,"column":45},"end":{"line":37,"column":64}},{"start":{"line":37,"column":68},"end":{"line":37,"column":69}}],"line":37},"11":{"loc":{"start":{"line":38,"column":45},"end":{"line":38,"column":69}},"type":"binary-expr","locations":[{"start":{"line":38,"column":45},"end":{"line":38,"column":64}},{"start":{"line":38,"column":68},"end":{"line":38,"column":69}}],"line":38},"12":{"loc":{"start":{"line":39,"column":45},"end":{"line":39,"column":69}},"type":"binary-expr","locations":[{"start":{"line":39,"column":45},"end":{"line":39,"column":64}},{"start":{"line":39,"column":68},"end":{"line":39,"column":69}}],"line":39},"13":{"loc":{"start":{"line":40,"column":49},"end":{"line":40,"column":76}},"type":"binary-expr","locations":[{"start":{"line":40,"column":49},"end":{"line":40,"column":71}},{"start":{"line":40,"column":75},"end":{"line":40,"column":76}}],"line":40}},"s":{"0":1,"1":1,"2":1,"3":1,"4":1,"5":1,"6":1,"7":1,"8":8,"9":8,"10":8,"11":1,"12":1,"13":9,"14":1,"15":9,"16":1,"17":9,"18":1},"f":{"0":1,"1":8,"2":9,"3":9,"4":9},"b":{"0":[0,1],"1":[0,1],"2":[1,0],"3":[1,0],"4":[8,1],"5":[7,1],"6":[1,0],"7":[1,0],"8":[1,0],"9":[1,0],"10":[1,0],"11":[1,1],"12":[1,0],"13":[1,0]},"_coverageSchema":"1a1c01bbd47fc00a2c39e90264f33305004495a9","hash":"9e97a622581212e75ef709535cef14d7213df75e"},"C:\\Users\\Ash.Davies\\Sites\\personal\\FairShare\\src\\core\\State.js":{"path":"C:\\Users\\Ash.Davies\\Sites\\personal\\FairShare\\src\\core\\State.js","statementMap":{"0":{"start":{"line":6,"column":22},"end":{"line":50,"column":1}},"1":{"start":{"line":52,"column":14},"end":{"line":154,"column":1}},"2":{"start":{"line":56,"column":17},"end":{"line":56,"column":34}},"3":{"start":{"line":63,"column":8},"end":{"line":63,"column":42}},"4":{"start":{"line":65,"column":8},"end":{"line":65,"column":41}},"5":{"start":{"line":67,"column":21},"end":{"line":67,"column":25}},"6":{"start":{"line":69,"column":24},"end":{"line":83,"column":9}},"7":{"start":{"line":71,"column":16},"end":{"line":71,"column":56}},"8":{"start":{"line":71,"column":44},"end":{"line":71,"column":56}},"9":{"start":{"line":72,"column":16},"end":{"line":72,"column":37}},"10":{"start":{"line":73,"column":16},"end":{"line":73,"column":31}},"11":{"start":{"line":74,"column":16},"end":{"line":74,"column":63}},"12":{"start":{"line":74,"column":36},"end":{"line":74,"column":63}},"13":{"start":{"line":75,"column":16},"end":{"line":75,"column":28}},"14":{"start":{"line":78,"column":16},"end":{"line":80,"column":17}},"15":{"start":{"line":79,"column":20},"end":{"line":79,"column":60}},"16":{"start":{"line":81,"column":16},"end":{"line":81,"column":36}},"17":{"start":{"line":86,"column":8},"end":{"line":86,"column":52}},"18":{"start":{"line":95,"column":8},"end":{"line":95,"column":43}},"19":{"start":{"line":96,"column":8},"end":{"line":96,"column":23}},"20":{"start":{"line":97,"column":8},"end":{"line":97,"column":55}},"21":{"start":{"line":97,"column":28},"end":{"line":97,"column":55}},"22":{"start":{"line":105,"column":8},"end":{"line":105,"column":68}},"23":{"start":{"line":105,"column":61},"end":{"line":105,"column":68}},"24":{"start":{"line":107,"column":8},"end":{"line":107,"column":41}},"25":{"start":{"line":107,"column":34},"end":{"line":107,"column":41}},"26":{"start":{"line":109,"column":8},"end":{"line":112,"column":16}},"27":{"start":{"line":110,"column":12},"end":{"line":110,"column":78}},"28":{"start":{"line":111,"column":12},"end":{"line":111,"column":40}},"29":{"start":{"line":120,"column":8},"end":{"line":120,"column":79}},"30":{"start":{"line":120,"column":61},"end":{"line":120,"column":79}},"31":{"start":{"line":122,"column":23},"end":{"line":122,"column":60}},"32":{"start":{"line":123,"column":8},"end":{"line":130,"column":9}},"33":{"start":{"line":124,"column":12},"end":{"line":129,"column":13}},"34":{"start":{"line":125,"column":31},"end":{"line":125,"column":49}},"35":{"start":{"line":126,"column":16},"end":{"line":126,"column":36}},"36":{"start":{"line":128,"column":16},"end":{"line":128,"column":61}},"37":{"start":{"line":131,"column":8},"end":{"line":131,"column":26}},"38":{"start":{"line":139,"column":8},"end":{"line":142,"column":9}},"39":{"start":{"line":140,"column":12},"end":{"line":140,"column":47}},"40":{"start":{"line":141,"column":12},"end":{"line":141,"column":40}},"41":{"start":{"line":143,"column":8},"end":{"line":143,"column":49}},"42":{"start":{"line":144,"column":8},"end":{"line":144,"column":35}},"43":{"start":{"line":152,"column":8},"end":{"line":152,"column":26}}},"fnMap":{"0":{"name":"(anonymous_0)","decl":{"start":{"line":62,"column":4},"end":{"line":62,"column":5}},"loc":{"start":{"line":62,"column":71},"end":{"line":87,"column":5}},"line":62},"1":{"name":"(anonymous_1)","decl":{"start":{"line":70,"column":17},"end":{"line":70,"column":18}},"loc":{"start":{"line":70,"column":42},"end":{"line":76,"column":13}},"line":70},"2":{"name":"(anonymous_2)","decl":{"start":{"line":77,"column":17},"end":{"line":77,"column":18}},"loc":{"start":{"line":77,"column":35},"end":{"line":82,"column":13}},"line":77},"3":{"name":"(anonymous_3)","decl":{"start":{"line":93,"column":4},"end":{"line":93,"column":5}},"loc":{"start":{"line":93,"column":20},"end":{"line":98,"column":5}},"line":93},"4":{"name":"(anonymous_4)","decl":{"start":{"line":104,"column":4},"end":{"line":104,"column":5}},"loc":{"start":{"line":104,"column":14},"end":{"line":113,"column":5}},"line":104},"5":{"name":"(anonymous_5)","decl":{"start":{"line":109,"column":42},"end":{"line":109,"column":43}},"loc":{"start":{"line":109,"column":48},"end":{"line":112,"column":9}},"line":109},"6":{"name":"(anonymous_6)","decl":{"start":{"line":119,"column":4},"end":{"line":119,"column":5}},"loc":{"start":{"line":119,"column":14},"end":{"line":132,"column":5}},"line":119},"7":{"name":"(anonymous_7)","decl":{"start":{"line":138,"column":4},"end":{"line":138,"column":5}},"loc":{"start":{"line":138,"column":12},"end":{"line":145,"column":5}},"line":138},"8":{"name":"(anonymous_8)","decl":{"start":{"line":151,"column":4},"end":{"line":151,"column":5}},"loc":{"start":{"line":151,"column":15},"end":{"line":153,"column":5}},"line":151}},"branchMap":{"0":{"loc":{"start":{"line":62,"column":16},"end":{"line":62,"column":44}},"type":"default-arg","locations":[{"start":{"line":62,"column":31},"end":{"line":62,"column":44}}],"line":62},"1":{"loc":{"start":{"line":62,"column":46},"end":{"line":62,"column":69}},"type":"default-arg","locations":[{"start":{"line":62,"column":65},"end":{"line":62,"column":69}}],"line":62},"2":{"loc":{"start":{"line":71,"column":16},"end":{"line":71,"column":56}},"type":"if","locations":[{"start":{"line":71,"column":16},"end":{"line":71,"column":56}},{"start":{},"end":{}}],"line":71},"3":{"loc":{"start":{"line":74,"column":16},"end":{"line":74,"column":63}},"type":"if","locations":[{"start":{"line":74,"column":16},"end":{"line":74,"column":63}},{"start":{},"end":{}}],"line":74},"4":{"loc":{"start":{"line":78,"column":16},"end":{"line":80,"column":17}},"type":"if","locations":[{"start":{"line":78,"column":16},"end":{"line":80,"column":17}},{"start":{},"end":{}}],"line":78},"5":{"loc":{"start":{"line":78,"column":20},"end":{"line":78,"column":77}},"type":"binary-expr","locations":[{"start":{"line":78,"column":20},"end":{"line":78,"column":52}},{"start":{"line":78,"column":56},"end":{"line":78,"column":77}}],"line":78},"6":{"loc":{"start":{"line":97,"column":8},"end":{"line":97,"column":55}},"type":"if","locations":[{"start":{"line":97,"column":8},"end":{"line":97,"column":55}},{"start":{},"end":{}}],"line":97},"7":{"loc":{"start":{"line":105,"column":8},"end":{"line":105,"column":68}},"type":"if","locations":[{"start":{"line":105,"column":8},"end":{"line":105,"column":68}},{"start":{},"end":{}}],"line":105},"8":{"loc":{"start":{"line":105,"column":12},"end":{"line":105,"column":59}},"type":"binary-expr","locations":[{"start":{"line":105,"column":12},"end":{"line":105,"column":41}},{"start":{"line":105,"column":45},"end":{"line":105,"column":59}}],"line":105},"9":{"loc":{"start":{"line":107,"column":8},"end":{"line":107,"column":41}},"type":"if","locations":[{"start":{"line":107,"column":8},"end":{"line":107,"column":41}},{"start":{},"end":{}}],"line":107},"10":{"loc":{"start":{"line":120,"column":8},"end":{"line":120,"column":79}},"type":"if","locations":[{"start":{"line":120,"column":8},"end":{"line":120,"column":79}},{"start":{},"end":{}}],"line":120},"11":{"loc":{"start":{"line":120,"column":12},"end":{"line":120,"column":59}},"type":"binary-expr","locations":[{"start":{"line":120,"column":12},"end":{"line":120,"column":41}},{"start":{"line":120,"column":45},"end":{"line":120,"column":59}}],"line":120},"12":{"loc":{"start":{"line":123,"column":8},"end":{"line":130,"column":9}},"type":"if","locations":[{"start":{"line":123,"column":8},"end":{"line":130,"column":9}},{"start":{},"end":{}}],"line":123},"13":{"loc":{"start":{"line":139,"column":8},"end":{"line":142,"column":9}},"type":"if","locations":[{"start":{"line":139,"column":8},"end":{"line":142,"column":9}},{"start":{},"end":{}}],"line":139}},"s":{"0":1,"1":1,"2":5,"3":5,"4":5,"5":5,"6":5,"7":38,"8":0,"9":38,"10":38,"11":38,"12":3,"13":38,"14":7,"15":0,"16":7,"17":5,"18":3,"19":3,"20":3,"21":1,"22":41,"23":0,"24":41,"25":37,"26":4,"27":0,"28":0,"29":1,"30":0,"31":1,"32":1,"33":1,"34":1,"35":1,"36":0,"37":1,"38":1,"39":0,"40":0,"41":1,"42":1,"43":8},"f":{"0":5,"1":38,"2":7,"3":3,"4":41,"5":0,"6":1,"7":1,"8":8},"b":{"0":[0],"1":[3],"2":[0,38],"3":[3,35],"4":[0,7],"5":[7,0],"6":[1,2],"7":[0,41],"8":[41,41],"9":[37,4],"10":[0,1],"11":[1,1],"12":[1,0],"13":[0,1]},"_coverageSchema":"1a1c01bbd47fc00a2c39e90264f33305004495a9","hash":"848e3d5ed987ff599e7b634b9e9e2d4dce51e052"},"C:\\Users\\Ash.Davies\\Sites\\personal\\FairShare\\src\\core\\Validator.js":{"path":"C:\\Users\\Ash.Davies\\Sites\\personal\\FairShare\\src\\core\\Validator.js","statementMap":{"0":{"start":{"line":7,"column":15},"end":{"line":25,"column":1}},"1":{"start":{"line":27,"column":18},"end":{"line":115,"column":1}},"2":{"start":{"line":35,"column":21},"end":{"line":35,"column":34}},"3":{"start":{"line":36,"column":8},"end":{"line":36,"column":31}},"4":{"start":{"line":36,"column":19},"end":{"line":36,"column":31}},"5":{"start":{"line":38,"column":8},"end":{"line":38,"column":99}},"6":{"start":{"line":38,"column":86},"end":{"line":38,"column":99}},"7":{"start":{"line":40,"column":8},"end":{"line":45,"column":9}},"8":{"start":{"line":41,"column":24},"end":{"line":41,"column":41}},"9":{"start":{"line":42,"column":12},"end":{"line":42,"column":41}},"10":{"start":{"line":42,"column":28},"end":{"line":42,"column":41}},"11":{"start":{"line":43,"column":12},"end":{"line":43,"column":71}},"12":{"start":{"line":43,"column":58},"end":{"line":43,"column":71}},"13":{"start":{"line":44,"column":12},"end":{"line":44,"column":71}},"14":{"start":{"line":44,"column":58},"end":{"line":44,"column":71}},"15":{"start":{"line":47,"column":8},"end":{"line":49,"column":9}},"16":{"start":{"line":48,"column":12},"end":{"line":48,"column":25}},"17":{"start":{"line":51,"column":8},"end":{"line":53,"column":9}},"18":{"start":{"line":52,"column":12},"end":{"line":52,"column":25}},"19":{"start":{"line":55,"column":8},"end":{"line":55,"column":20}},"20":{"start":{"line":65,"column":23},"end":{"line":65,"column":25}},"21":{"start":{"line":66,"column":22},"end":{"line":66,"column":26}},"22":{"start":{"line":68,"column":25},"end":{"line":71,"column":9}},"23":{"start":{"line":69,"column":12},"end":{"line":69,"column":28}},"24":{"start":{"line":70,"column":12},"end":{"line":70,"column":31}},"25":{"start":{"line":73,"column":8},"end":{"line":111,"column":9}},"26":{"start":{"line":75,"column":16},"end":{"line":75,"column":89}},"27":{"start":{"line":75,"column":68},"end":{"line":75,"column":89}},"28":{"start":{"line":76,"column":16},"end":{"line":76,"column":89}},"29":{"start":{"line":76,"column":68},"end":{"line":76,"column":89}},"30":{"start":{"line":78,"column":16},"end":{"line":81,"column":17}},"31":{"start":{"line":79,"column":20},"end":{"line":79,"column":41}},"32":{"start":{"line":80,"column":20},"end":{"line":80,"column":41}},"33":{"start":{"line":82,"column":16},"end":{"line":82,"column":22}},"34":{"start":{"line":85,"column":16},"end":{"line":85,"column":89}},"35":{"start":{"line":85,"column":68},"end":{"line":85,"column":89}},"36":{"start":{"line":86,"column":16},"end":{"line":86,"column":104}},"37":{"start":{"line":86,"column":78},"end":{"line":86,"column":104}},"38":{"start":{"line":87,"column":16},"end":{"line":87,"column":86}},"39":{"start":{"line":87,"column":66},"end":{"line":87,"column":86}},"40":{"start":{"line":88,"column":16},"end":{"line":88,"column":22}},"41":{"start":{"line":91,"column":16},"end":{"line":95,"column":17}},"42":{"start":{"line":92,"column":20},"end":{"line":92,"column":120}},"43":{"start":{"line":92,"column":90},"end":{"line":92,"column":120}},"44":{"start":{"line":94,"column":20},"end":{"line":94,"column":108}},"45":{"start":{"line":94,"column":82},"end":{"line":94,"column":108}},"46":{"start":{"line":96,"column":16},"end":{"line":96,"column":125}},"47":{"start":{"line":96,"column":92},"end":{"line":96,"column":125}},"48":{"start":{"line":97,"column":16},"end":{"line":97,"column":101}},"49":{"start":{"line":97,"column":76},"end":{"line":97,"column":101}},"50":{"start":{"line":98,"column":16},"end":{"line":98,"column":22}},"51":{"start":{"line":101,"column":16},"end":{"line":103,"column":19}},"52":{"start":{"line":102,"column":20},"end":{"line":102,"column":69}},"53":{"start":{"line":102,"column":57},"end":{"line":102,"column":69}},"54":{"start":{"line":104,"column":16},"end":{"line":104,"column":22}},"55":{"start":{"line":107,"column":16},"end":{"line":109,"column":19}},"56":{"start":{"line":108,"column":20},"end":{"line":108,"column":69}},"57":{"start":{"line":108,"column":57},"end":{"line":108,"column":69}},"58":{"start":{"line":110,"column":16},"end":{"line":110,"column":22}},"59":{"start":{"line":113,"column":8},"end":{"line":113,"column":35}}},"fnMap":{"0":{"name":"(anonymous_0)","decl":{"start":{"line":34,"column":4},"end":{"line":34,"column":5}},"loc":{"start":{"line":34,"column":39},"end":{"line":56,"column":5}},"line":34},"1":{"name":"(anonymous_1)","decl":{"start":{"line":64,"column":4},"end":{"line":64,"column":5}},"loc":{"start":{"line":64,"column":42},"end":{"line":114,"column":5}},"line":64},"2":{"name":"(anonymous_2)","decl":{"start":{"line":68,"column":25},"end":{"line":68,"column":26}},"loc":{"start":{"line":68,"column":36},"end":{"line":71,"column":9}},"line":68},"3":{"name":"(anonymous_3)","decl":{"start":{"line":101,"column":87},"end":{"line":101,"column":88}},"loc":{"start":{"line":101,"column":92},"end":{"line":103,"column":17}},"line":101},"4":{"name":"(anonymous_4)","decl":{"start":{"line":107,"column":96},"end":{"line":107,"column":97}},"loc":{"start":{"line":107,"column":101},"end":{"line":109,"column":17}},"line":107}},"branchMap":{"0":{"loc":{"start":{"line":36,"column":8},"end":{"line":36,"column":31}},"type":"if","locations":[{"start":{"line":36,"column":8},"end":{"line":36,"column":31}},{"start":{},"end":{}}],"line":36},"1":{"loc":{"start":{"line":38,"column":8},"end":{"line":38,"column":99}},"type":"if","locations":[{"start":{"line":38,"column":8},"end":{"line":38,"column":99}},{"start":{},"end":{}}],"line":38},"2":{"loc":{"start":{"line":38,"column":12},"end":{"line":38,"column":84}},"type":"binary-expr","locations":[{"start":{"line":38,"column":12},"end":{"line":38,"column":25}},{"start":{"line":38,"column":30},"end":{"line":38,"column":49}},{"start":{"line":38,"column":53},"end":{"line":38,"column":67}},{"start":{"line":38,"column":71},"end":{"line":38,"column":83}}],"line":38},"3":{"loc":{"start":{"line":40,"column":8},"end":{"line":45,"column":9}},"type":"if","locations":[{"start":{"line":40,"column":8},"end":{"line":45,"column":9}},{"start":{},"end":{}}],"line":40},"4":{"loc":{"start":{"line":42,"column":12},"end":{"line":42,"column":41}},"type":"if","locations":[{"start":{"line":42,"column":12},"end":{"line":42,"column":41}},{"start":{},"end":{}}],"line":42},"5":{"loc":{"start":{"line":43,"column":12},"end":{"line":43,"column":71}},"type":"if","locations":[{"start":{"line":43,"column":12},"end":{"line":43,"column":71}},{"start":{},"end":{}}],"line":43},"6":{"loc":{"start":{"line":43,"column":16},"end":{"line":43,"column":56}},"type":"binary-expr","locations":[{"start":{"line":43,"column":16},"end":{"line":43,"column":38}},{"start":{"line":43,"column":42},"end":{"line":43,"column":56}}],"line":43},"7":{"loc":{"start":{"line":44,"column":12},"end":{"line":44,"column":71}},"type":"if","locations":[{"start":{"line":44,"column":12},"end":{"line":44,"column":71}},{"start":{},"end":{}}],"line":44},"8":{"loc":{"start":{"line":44,"column":16},"end":{"line":44,"column":56}},"type":"binary-expr","locations":[{"start":{"line":44,"column":16},"end":{"line":44,"column":38}},{"start":{"line":44,"column":42},"end":{"line":44,"column":56}}],"line":44},"9":{"loc":{"start":{"line":47,"column":8},"end":{"line":49,"column":9}},"type":"if","locations":[{"start":{"line":47,"column":8},"end":{"line":49,"column":9}},{"start":{},"end":{}}],"line":47},"10":{"loc":{"start":{"line":47,"column":12},"end":{"line":47,"column":79}},"type":"binary-expr","locations":[{"start":{"line":47,"column":12},"end":{"line":47,"column":34}},{"start":{"line":47,"column":38},"end":{"line":47,"column":50}},{"start":{"line":47,"column":54},"end":{"line":47,"column":79}}],"line":47},"11":{"loc":{"start":{"line":51,"column":8},"end":{"line":53,"column":9}},"type":"if","locations":[{"start":{"line":51,"column":8},"end":{"line":53,"column":9}},{"start":{},"end":{}}],"line":51},"12":{"loc":{"start":{"line":51,"column":12},"end":{"line":51,"column":51}},"type":"binary-expr","locations":[{"start":{"line":51,"column":12},"end":{"line":51,"column":21}},{"start":{"line":51,"column":25},"end":{"line":51,"column":51}}],"line":51},"13":{"loc":{"start":{"line":73,"column":8},"end":{"line":111,"column":9}},"type":"switch","locations":[{"start":{"line":74,"column":12},"end":{"line":82,"column":22}},{"start":{"line":84,"column":12},"end":{"line":88,"column":22}},{"start":{"line":90,"column":12},"end":{"line":98,"column":22}},{"start":{"line":100,"column":12},"end":{"line":104,"column":22}},{"start":{"line":106,"column":12},"end":{"line":110,"column":22}}],"line":73},"14":{"loc":{"start":{"line":75,"column":16},"end":{"line":75,"column":89}},"type":"if","locations":[{"start":{"line":75,"column":16},"end":{"line":75,"column":89}},{"start":{},"end":{}}],"line":75},"15":{"loc":{"start":{"line":76,"column":16},"end":{"line":76,"column":89}},"type":"if","locations":[{"start":{"line":76,"column":16},"end":{"line":76,"column":89}},{"start":{},"end":{}}],"line":76},"16":{"loc":{"start":{"line":78,"column":16},"end":{"line":81,"column":17}},"type":"if","locations":[{"start":{"line":78,"column":16},"end":{"line":81,"column":17}},{"start":{},"end":{}}],"line":78},"17":{"loc":{"start":{"line":78,"column":21},"end":{"line":78,"column":51}},"type":"binary-expr","locations":[{"start":{"line":78,"column":21},"end":{"line":78,"column":46}},{"start":{"line":78,"column":50},"end":{"line":78,"column":51}}],"line":78},"18":{"loc":{"start":{"line":78,"column":56},"end":{"line":78,"column":86}},"type":"binary-expr","locations":[{"start":{"line":78,"column":56},"end":{"line":78,"column":81}},{"start":{"line":78,"column":85},"end":{"line":78,"column":86}}],"line":78},"19":{"loc":{"start":{"line":85,"column":16},"end":{"line":85,"column":89}},"type":"if","locations":[{"start":{"line":85,"column":16},"end":{"line":85,"column":89}},{"start":{},"end":{}}],"line":85},"20":{"loc":{"start":{"line":86,"column":16},"end":{"line":86,"column":104}},"type":"if","locations":[{"start":{"line":86,"column":16},"end":{"line":86,"column":104}},{"start":{},"end":{}}],"line":86},"21":{"loc":{"start":{"line":87,"column":16},"end":{"line":87,"column":86}},"type":"if","locations":[{"start":{"line":87,"column":16},"end":{"line":87,"column":86}},{"start":{},"end":{}}],"line":87},"22":{"loc":{"start":{"line":91,"column":16},"end":{"line":95,"column":17}},"type":"if","locations":[{"start":{"line":91,"column":16},"end":{"line":95,"column":17}},{"start":{"line":93,"column":23},"end":{"line":95,"column":17}}],"line":91},"23":{"loc":{"start":{"line":92,"column":20},"end":{"line":92,"column":120}},"type":"if","locations":[{"start":{"line":92,"column":20},"end":{"line":92,"column":120}},{"start":{},"end":{}}],"line":92},"24":{"loc":{"start":{"line":94,"column":20},"end":{"line":94,"column":108}},"type":"if","locations":[{"start":{"line":94,"column":20},"end":{"line":94,"column":108}},{"start":{},"end":{}}],"line":94},"25":{"loc":{"start":{"line":96,"column":16},"end":{"line":96,"column":125}},"type":"if","locations":[{"start":{"line":96,"column":16},"end":{"line":96,"column":125}},{"start":{},"end":{}}],"line":96},"26":{"loc":{"start":{"line":97,"column":16},"end":{"line":97,"column":101}},"type":"if","locations":[{"start":{"line":97,"column":16},"end":{"line":97,"column":101}},{"start":{},"end":{}}],"line":97},"27":{"loc":{"start":{"line":102,"column":20},"end":{"line":102,"column":69}},"type":"if","locations":[{"start":{"line":102,"column":20},"end":{"line":102,"column":69}},{"start":{},"end":{}}],"line":102},"28":{"loc":{"start":{"line":108,"column":20},"end":{"line":108,"column":69}},"type":"if","locations":[{"start":{"line":108,"column":20},"end":{"line":108,"column":69}},{"start":{},"end":{}}],"line":108}},"s":{"0":1,"1":1,"2":23,"3":23,"4":0,"5":23,"6":1,"7":22,"8":11,"9":11,"10":1,"11":10,"12":2,"13":8,"14":1,"15":18,"16":2,"17":16,"18":1,"19":15,"20":4,"21":4,"22":4,"23":5,"24":5,"25":4,"26":2,"27":0,"28":2,"29":0,"30":2,"31":1,"32":1,"33":2,"34":2,"35":1,"36":2,"37":1,"38":2,"39":1,"40":2,"41":0,"42":0,"43":0,"44":0,"45":0,"46":0,"47":0,"48":0,"49":0,"50":0,"51":0,"52":0,"53":0,"54":0,"55":0,"56":0,"57":0,"58":0,"59":4},"f":{"0":23,"1":4,"2":5,"3":0,"4":0},"b":{"0":[0,23],"1":[1,22],"2":[23,21,21,21],"3":[11,11],"4":[1,10],"5":[2,8],"6":[10,10],"7":[1,7],"8":[8,2],"9":[2,16],"10":[18,11,8],"11":[1,15],"12":[16,3],"13":[2,2,0,0,0],"14":[0,2],"15":[0,2],"16":[1,1],"17":[2,1],"18":[2,2],"19":[1,1],"20":[1,1],"21":[1,1],"22":[0,0],"23":[0,0],"24":[0,0],"25":[0,0],"26":[0,0],"27":[0,0],"28":[0,0]},"_coverageSchema":"1a1c01bbd47fc00a2c39e90264f33305004495a9","hash":"2507debef6d9e5299cb6aa89ee2f47f50efd7e4c"},"C:\\Users\\Ash.Davies\\Sites\\personal\\FairShare\\src\\ui\\Components.js":{"path":"C:\\Users\\Ash.Davies\\Sites\\personal\\FairShare\\src\\ui\\Components.js","statementMap":{"0":{"start":{"line":6,"column":26},"end":{"line":11,"column":2}},"1":{"start":{"line":13,"column":34},"end":{"line":18,"column":2}},"2":{"start":{"line":26,"column":23},"end":{"line":28,"column":1}},"3":{"start":{"line":27,"column":4},"end":{"line":27,"column":98}},"4":{"start":{"line":39,"column":24},"end":{"line":48,"column":1}},"5":{"start":{"line":40,"column":19},"end":{"line":40,"column":41}},"6":{"start":{"line":41,"column":23},"end":{"line":41,"column":45}},"7":{"start":{"line":42,"column":4},"end":{"line":47,"column":6}}},"fnMap":{"0":{"name":"(anonymous_0)","decl":{"start":{"line":26,"column":47},"end":{"line":26,"column":48}},"loc":{"start":{"line":26,"column":70},"end":{"line":28,"column":1}},"line":26},"1":{"name":"(anonymous_1)","decl":{"start":{"line":39,"column":49},"end":{"line":39,"column":50}},"loc":{"start":{"line":39,"column":103},"end":{"line":48,"column":1}},"line":39}},"branchMap":{"0":{"loc":{"start":{"line":26,"column":53},"end":{"line":26,"column":65}},"type":"default-arg","locations":[{"start":{"line":26,"column":64},"end":{"line":26,"column":65}}],"line":26},"1":{"loc":{"start":{"line":27,"column":11},"end":{"line":27,"column":97}},"type":"cond-expr","locations":[{"start":{"line":27,"column":28},"end":{"line":27,"column":57}},{"start":{"line":27,"column":60},"end":{"line":27,"column":97}}],"line":27},"2":{"loc":{"start":{"line":39,"column":75},"end":{"line":39,"column":82}},"type":"default-arg","locations":[{"start":{"line":39,"column":80},"end":{"line":39,"column":82}}],"line":39},"3":{"loc":{"start":{"line":39,"column":84},"end":{"line":39,"column":98}},"type":"default-arg","locations":[{"start":{"line":39,"column":93},"end":{"line":39,"column":98}}],"line":39},"4":{"loc":{"start":{"line":40,"column":19},"end":{"line":40,"column":41}},"type":"cond-expr","locations":[{"start":{"line":40,"column":24},"end":{"line":40,"column":36}},{"start":{"line":40,"column":39},"end":{"line":40,"column":41}}],"line":40},"5":{"loc":{"start":{"line":41,"column":23},"end":{"line":41,"column":45}},"type":"cond-expr","locations":[{"start":{"line":41,"column":32},"end":{"line":41,"column":40}},{"start":{"line":41,"column":43},"end":{"line":41,"column":45}}],"line":41}},"s":{"0":1,"1":1,"2":1,"3":9,"4":1,"5":2,"6":2,"7":2},"f":{"0":9,"1":2},"b":{"0":[7],"1":[7,2],"2":[0],"3":[0],"4":[2,0],"5":[1,1]},"_coverageSchema":"1a1c01bbd47fc00a2c39e90264f33305004495a9","hash":"71a16cf39b8d3f69d3a76699fe900ada3b77192c"},"C:\\Users\\Ash.Davies\\Sites\\personal\\FairShare\\src\\services\\ApiService.js":{"path":"C:\\Users\\Ash.Davies\\Sites\\personal\\FairShare\\src\\services\\ApiService.js","statementMap":{"0":{"start":{"line":9,"column":19},"end":{"line":88,"column":1}},"1":{"start":{"line":16,"column":19},"end":{"line":16,"column":48}},"2":{"start":{"line":17,"column":8},"end":{"line":17,"column":29}},"3":{"start":{"line":17,"column":17},"end":{"line":17,"column":29}},"4":{"start":{"line":18,"column":26},"end":{"line":18,"column":45}},"5":{"start":{"line":19,"column":8},"end":{"line":19,"column":36}},"6":{"start":{"line":19,"column":24},"end":{"line":19,"column":36}},"7":{"start":{"line":20,"column":21},"end":{"line":20,"column":33}},"8":{"start":{"line":21,"column":8},"end":{"line":25,"column":9}},"9":{"start":{"line":22,"column":12},"end":{"line":24,"column":13}},"10":{"start":{"line":23,"column":16},"end":{"line":23,"column":65}},"11":{"start":{"line":26,"column":8},"end":{"line":26,"column":20}},"12":{"start":{"line":36,"column":23},"end":{"line":36,"column":59}},"13":{"start":{"line":37,"column":25},"end":{"line":37,"column":50}},"14":{"start":{"line":38,"column":8},"end":{"line":38,"column":59}},"15":{"start":{"line":49,"column":28},"end":{"line":57,"column":9}},"16":{"start":{"line":58,"column":28},"end":{"line":58,"column":81}},"17":{"start":{"line":59,"column":20},"end":{"line":59,"column":77}},"18":{"start":{"line":61,"column":8},"end":{"line":86,"column":9}},"19":{"start":{"line":62,"column":29},"end":{"line":65,"column":14}},"20":{"start":{"line":66,"column":12},"end":{"line":66,"column":88}},"21":{"start":{"line":66,"column":30},"end":{"line":66,"column":88}},"22":{"start":{"line":67,"column":25},"end":{"line":67,"column":46}},"23":{"start":{"line":68,"column":29},"end":{"line":68,"column":50}},"24":{"start":{"line":70,"column":12},"end":{"line":70,"column":72}},"25":{"start":{"line":70,"column":39},"end":{"line":70,"column":72}},"26":{"start":{"line":72,"column":26},"end":{"line":72,"column":94}},"27":{"start":{"line":72,"column":57},"end":{"line":72,"column":90}},"28":{"start":{"line":73,"column":28},"end":{"line":73,"column":51}},"29":{"start":{"line":74,"column":12},"end":{"line":74,"column":53}},"30":{"start":{"line":77,"column":35},"end":{"line":77,"column":53}},"31":{"start":{"line":78,"column":28},"end":{"line":78,"column":34}},"32":{"start":{"line":79,"column":12},"end":{"line":80,"column":135}},"33":{"start":{"line":79,"column":73},"end":{"line":79,"column":92}},"34":{"start":{"line":80,"column":17},"end":{"line":80,"column":135}},"35":{"start":{"line":80,"column":116},"end":{"line":80,"column":135}},"36":{"start":{"line":81,"column":12},"end":{"line":81,"column":50}},"37":{"start":{"line":82,"column":12},"end":{"line":85,"column":14}}},"fnMap":{"0":{"name":"(anonymous_0)","decl":{"start":{"line":15,"column":4},"end":{"line":15,"column":5}},"loc":{"start":{"line":15,"column":43},"end":{"line":27,"column":5}},"line":15},"1":{"name":"(anonymous_1)","decl":{"start":{"line":35,"column":4},"end":{"line":35,"column":5}},"loc":{"start":{"line":35,"column":50},"end":{"line":39,"column":5}},"line":35},"2":{"name":"(anonymous_2)","decl":{"start":{"line":48,"column":4},"end":{"line":48,"column":5}},"loc":{"start":{"line":48,"column":63},"end":{"line":87,"column":5}},"line":48},"3":{"name":"(anonymous_3)","decl":{"start":{"line":72,"column":42},"end":{"line":72,"column":43}},"loc":{"start":{"line":72,"column":57},"end":{"line":72,"column":90}},"line":72}},"branchMap":{"0":{"loc":{"start":{"line":17,"column":8},"end":{"line":17,"column":29}},"type":"if","locations":[{"start":{"line":17,"column":8},"end":{"line":17,"column":29}},{"start":{},"end":{}}],"line":17},"1":{"loc":{"start":{"line":19,"column":8},"end":{"line":19,"column":36}},"type":"if","locations":[{"start":{"line":19,"column":8},"end":{"line":19,"column":36}},{"start":{},"end":{}}],"line":19},"2":{"loc":{"start":{"line":22,"column":12},"end":{"line":24,"column":13}},"type":"if","locations":[{"start":{"line":22,"column":12},"end":{"line":24,"column":13}},{"start":{},"end":{}}],"line":22},"3":{"loc":{"start":{"line":37,"column":25},"end":{"line":37,"column":50}},"type":"cond-expr","locations":[{"start":{"line":37,"column":34},"end":{"line":37,"column":45}},{"start":{"line":37,"column":48},"end":{"line":37,"column":50}}],"line":37},"4":{"loc":{"start":{"line":66,"column":12},"end":{"line":66,"column":88}},"type":"if","locations":[{"start":{"line":66,"column":12},"end":{"line":66,"column":88}},{"start":{},"end":{}}],"line":66},"5":{"loc":{"start":{"line":70,"column":12},"end":{"line":70,"column":72}},"type":"if","locations":[{"start":{"line":70,"column":12},"end":{"line":70,"column":72}},{"start":{},"end":{}}],"line":70},"6":{"loc":{"start":{"line":79,"column":12},"end":{"line":80,"column":135}},"type":"if","locations":[{"start":{"line":79,"column":12},"end":{"line":80,"column":135}},{"start":{"line":80,"column":17},"end":{"line":80,"column":135}}],"line":79},"7":{"loc":{"start":{"line":80,"column":17},"end":{"line":80,"column":135}},"type":"if","locations":[{"start":{"line":80,"column":17},"end":{"line":80,"column":135}},{"start":{},"end":{}}],"line":80},"8":{"loc":{"start":{"line":80,"column":21},"end":{"line":80,"column":114}},"type":"binary-expr","locations":[{"start":{"line":80,"column":21},"end":{"line":80,"column":56}},{"start":{"line":80,"column":60},"end":{"line":80,"column":85}},{"start":{"line":80,"column":89},"end":{"line":80,"column":114}}],"line":80}},"s":{"0":1,"1":7,"2":7,"3":0,"4":7,"5":7,"6":0,"7":7,"8":7,"9":33,"10":6,"11":1,"12":2,"13":2,"14":2,"15":0,"16":0,"17":0,"18":0,"19":0,"20":0,"21":0,"22":0,"23":0,"24":0,"25":0,"26":0,"27":0,"28":0,"29":0,"30":0,"31":0,"32":0,"33":0,"34":0,"35":0,"36":0,"37":0},"f":{"0":7,"1":2,"2":0,"3":0},"b":{"0":[0,7],"1":[0,7],"2":[6,27],"3":[2,0],"4":[0,0],"5":[0,0],"6":[0,0],"7":[0,0],"8":[0,0,0]},"_coverageSchema":"1a1c01bbd47fc00a2c39e90264f33305004495a9","hash":"76318c301db5a7e01294b06726a537204eb713f5"},"C:\\Users\\Ash.Davies\\Sites\\personal\\FairShare\\src\\ui\\UIManager.js":{"path":"C:\\Users\\Ash.Davies\\Sites\\personal\\FairShare\\src\\ui\\UIManager.js","statementMap":{"0":{"start":{"line":9,"column":18},"end":{"line":250,"column":1}},"1":{"start":{"line":10,"column":14},"end":{"line":10,"column":24}},"2":{"start":{"line":17,"column":8},"end":{"line":17,"column":33}},"3":{"start":{"line":18,"column":8},"end":{"line":18,"column":37}},"4":{"start":{"line":27,"column":8},"end":{"line":27,"column":60}},"5":{"start":{"line":28,"column":23},"end":{"line":28,"column":50}},"6":{"start":{"line":29,"column":8},"end":{"line":32,"column":9}},"7":{"start":{"line":30,"column":12},"end":{"line":30,"column":60}},"8":{"start":{"line":31,"column":12},"end":{"line":31,"column":19}},"9":{"start":{"line":34,"column":24},"end":{"line":34,"column":50}},"10":{"start":{"line":38,"column":8},"end":{"line":41,"column":9}},"11":{"start":{"line":39,"column":12},"end":{"line":39,"column":53}},"12":{"start":{"line":40,"column":12},"end":{"line":40,"column":60}},"13":{"start":{"line":44,"column":8},"end":{"line":46,"column":11}},"14":{"start":{"line":45,"column":12},"end":{"line":45,"column":42}},"15":{"start":{"line":49,"column":8},"end":{"line":49,"column":41}},"16":{"start":{"line":50,"column":8},"end":{"line":50,"column":101}},"17":{"start":{"line":52,"column":8},"end":{"line":52,"column":43}},"18":{"start":{"line":52,"column":28},"end":{"line":52,"column":43}},"19":{"start":{"line":54,"column":8},"end":{"line":54,"column":32}},"20":{"start":{"line":55,"column":8},"end":{"line":55,"column":38}},"21":{"start":{"line":56,"column":8},"end":{"line":56,"column":39}},"22":{"start":{"line":59,"column":8},"end":{"line":61,"column":9}},"23":{"start":{"line":60,"column":12},"end":{"line":60,"column":44}},"24":{"start":{"line":69,"column":28},"end":{"line":77,"column":9}},"25":{"start":{"line":79,"column":25},"end":{"line":79,"column":62}},"26":{"start":{"line":80,"column":8},"end":{"line":84,"column":9}},"27":{"start":{"line":81,"column":12},"end":{"line":81,"column":69}},"28":{"start":{"line":82,"column":12},"end":{"line":82,"column":80}},"29":{"start":{"line":83,"column":12},"end":{"line":83,"column":84}},"30":{"start":{"line":85,"column":8},"end":{"line":87,"column":9}},"31":{"start":{"line":86,"column":12},"end":{"line":86,"column":66}},"32":{"start":{"line":95,"column":21},"end":{"line":95,"column":84}},"33":{"start":{"line":96,"column":8},"end":{"line":96,"column":26}},"34":{"start":{"line":96,"column":19},"end":{"line":96,"column":26}},"35":{"start":{"line":98,"column":8},"end":{"line":104,"column":9}},"36":{"start":{"line":99,"column":12},"end":{"line":99,"column":43}},"37":{"start":{"line":100,"column":12},"end":{"line":100,"column":66}},"38":{"start":{"line":102,"column":12},"end":{"line":102,"column":44}},"39":{"start":{"line":103,"column":12},"end":{"line":103,"column":66}},"40":{"start":{"line":112,"column":33},"end":{"line":120,"column":9}},"41":{"start":{"line":122,"column":25},"end":{"line":122,"column":51}},"42":{"start":{"line":123,"column":8},"end":{"line":125,"column":9}},"43":{"start":{"line":124,"column":12},"end":{"line":124,"column":87}},"44":{"start":{"line":134,"column":20},"end":{"line":134,"column":45}},"45":{"start":{"line":135,"column":20},"end":{"line":135,"column":45}},"46":{"start":{"line":136,"column":8},"end":{"line":139,"column":9}},"47":{"start":{"line":137,"column":12},"end":{"line":137,"column":56}},"48":{"start":{"line":138,"column":12},"end":{"line":138,"column":54}},"49":{"start":{"line":140,"column":8},"end":{"line":143,"column":9}},"50":{"start":{"line":141,"column":12},"end":{"line":141,"column":56}},"51":{"start":{"line":142,"column":12},"end":{"line":142,"column":54}},"52":{"start":{"line":144,"column":8},"end":{"line":146,"column":9}},"53":{"start":{"line":145,"column":12},"end":{"line":145,"column":108}},"54":{"start":{"line":154,"column":21},"end":{"line":154,"column":42}},"55":{"start":{"line":155,"column":24},"end":{"line":155,"column":54}},"56":{"start":{"line":156,"column":8},"end":{"line":160,"column":9}},"57":{"start":{"line":157,"column":12},"end":{"line":157,"column":172}},"58":{"start":{"line":159,"column":12},"end":{"line":159,"column":91}},"59":{"start":{"line":171,"column":8},"end":{"line":171,"column":112}},"60":{"start":{"line":171,"column":44},"end":{"line":171,"column":112}},"61":{"start":{"line":172,"column":8},"end":{"line":172,"column":103}},"62":{"start":{"line":172,"column":41},"end":{"line":172,"column":103}},"63":{"start":{"line":173,"column":8},"end":{"line":173,"column":103}},"64":{"start":{"line":173,"column":41},"end":{"line":173,"column":103}},"65":{"start":{"line":182,"column":24},"end":{"line":182,"column":78}},"66":{"start":{"line":183,"column":8},"end":{"line":183,"column":29}},"67":{"start":{"line":183,"column":22},"end":{"line":183,"column":29}},"68":{"start":{"line":184,"column":8},"end":{"line":184,"column":116}},"69":{"start":{"line":192,"column":24},"end":{"line":192,"column":78}},"70":{"start":{"line":193,"column":8},"end":{"line":193,"column":56}},"71":{"start":{"line":193,"column":21},"end":{"line":193,"column":56}},"72":{"start":{"line":201,"column":28},"end":{"line":201,"column":35}},"73":{"start":{"line":202,"column":21},"end":{"line":202,"column":54}},"74":{"start":{"line":203,"column":28},"end":{"line":203,"column":86}},"75":{"start":{"line":205,"column":8},"end":{"line":210,"column":9}},"76":{"start":{"line":206,"column":26},"end":{"line":206,"column":74}},"77":{"start":{"line":207,"column":25},"end":{"line":207,"column":57}},"78":{"start":{"line":208,"column":12},"end":{"line":208,"column":150}},"79":{"start":{"line":209,"column":12},"end":{"line":209,"column":66}},"80":{"start":{"line":212,"column":8},"end":{"line":218,"column":9}},"81":{"start":{"line":213,"column":30},"end":{"line":213,"column":37}},"82":{"start":{"line":214,"column":30},"end":{"line":214,"column":116}},"83":{"start":{"line":215,"column":35},"end":{"line":215,"column":154}},"84":{"start":{"line":217,"column":12},"end":{"line":217,"column":391}},"85":{"start":{"line":226,"column":19},"end":{"line":226,"column":32}},"86":{"start":{"line":227,"column":8},"end":{"line":227,"column":84}},"87":{"start":{"line":227,"column":27},"end":{"line":227,"column":84}},"88":{"start":{"line":228,"column":8},"end":{"line":228,"column":84}},"89":{"start":{"line":228,"column":27},"end":{"line":228,"column":84}},"90":{"start":{"line":229,"column":8},"end":{"line":229,"column":107}},"91":{"start":{"line":229,"column":30},"end":{"line":229,"column":107}},"92":{"start":{"line":230,"column":8},"end":{"line":230,"column":88}},"93":{"start":{"line":230,"column":25},"end":{"line":230,"column":88}},"94":{"start":{"line":231,"column":8},"end":{"line":231,"column":88}},"95":{"start":{"line":231,"column":25},"end":{"line":231,"column":88}},"96":{"start":{"line":232,"column":8},"end":{"line":232,"column":99}},"97":{"start":{"line":232,"column":32},"end":{"line":232,"column":99}},"98":{"start":{"line":233,"column":8},"end":{"line":233,"column":100}},"99":{"start":{"line":233,"column":30},"end":{"line":233,"column":100}},"100":{"start":{"line":234,"column":8},"end":{"line":234,"column":93}},"101":{"start":{"line":234,"column":30},"end":{"line":234,"column":93}},"102":{"start":{"line":235,"column":8},"end":{"line":235,"column":127}},"103":{"start":{"line":235,"column":35},"end":{"line":235,"column":127}},"104":{"start":{"line":236,"column":8},"end":{"line":236,"column":108}},"105":{"start":{"line":236,"column":35},"end":{"line":236,"column":108}},"106":{"start":{"line":237,"column":8},"end":{"line":237,"column":94}},"107":{"start":{"line":237,"column":31},"end":{"line":237,"column":94}},"108":{"start":{"line":238,"column":8},"end":{"line":238,"column":80}},"109":{"start":{"line":238,"column":31},"end":{"line":238,"column":80}},"110":{"start":{"line":239,"column":8},"end":{"line":239,"column":113}},"111":{"start":{"line":239,"column":33},"end":{"line":239,"column":113}},"112":{"start":{"line":240,"column":8},"end":{"line":240,"column":105}},"113":{"start":{"line":240,"column":33},"end":{"line":240,"column":105}},"114":{"start":{"line":248,"column":8},"end":{"line":248,"column":58}}},"fnMap":{"0":{"name":"(anonymous_0)","decl":{"start":{"line":16,"column":4},"end":{"line":16,"column":5}},"loc":{"start":{"line":16,"column":38},"end":{"line":19,"column":5}},"line":16},"1":{"name":"(anonymous_1)","decl":{"start":{"line":26,"column":4},"end":{"line":26,"column":5}},"loc":{"start":{"line":26,"column":44},"end":{"line":62,"column":5}},"line":26},"2":{"name":"(anonymous_2)","decl":{"start":{"line":44,"column":65},"end":{"line":44,"column":66}},"loc":{"start":{"line":44,"column":71},"end":{"line":46,"column":9}},"line":44},"3":{"name":"(anonymous_3)","decl":{"start":{"line":68,"column":4},"end":{"line":68,"column":5}},"loc":{"start":{"line":68,"column":23},"end":{"line":88,"column":5}},"line":68},"4":{"name":"(anonymous_4)","decl":{"start":{"line":94,"column":4},"end":{"line":94,"column":5}},"loc":{"start":{"line":94,"column":29},"end":{"line":105,"column":5}},"line":94},"5":{"name":"(anonymous_5)","decl":{"start":{"line":111,"column":4},"end":{"line":111,"column":5}},"loc":{"start":{"line":111,"column":36},"end":{"line":126,"column":5}},"line":111},"6":{"name":"(anonymous_6)","decl":{"start":{"line":133,"column":4},"end":{"line":133,"column":5}},"loc":{"start":{"line":133,"column":37},"end":{"line":147,"column":5}},"line":133},"7":{"name":"(anonymous_7)","decl":{"start":{"line":153,"column":4},"end":{"line":153,"column":5}},"loc":{"start":{"line":153,"column":29},"end":{"line":161,"column":5}},"line":153},"8":{"name":"(anonymous_8)","decl":{"start":{"line":170,"column":4},"end":{"line":170,"column":5}},"loc":{"start":{"line":170,"column":43},"end":{"line":174,"column":5}},"line":170},"9":{"name":"(anonymous_9)","decl":{"start":{"line":181,"column":4},"end":{"line":181,"column":5}},"loc":{"start":{"line":181,"column":32},"end":{"line":185,"column":5}},"line":181},"10":{"name":"(anonymous_10)","decl":{"start":{"line":191,"column":4},"end":{"line":191,"column":5}},"loc":{"start":{"line":191,"column":27},"end":{"line":194,"column":5}},"line":191},"11":{"name":"(anonymous_11)","decl":{"start":{"line":200,"column":4},"end":{"line":200,"column":5}},"loc":{"start":{"line":200,"column":34},"end":{"line":219,"column":5}},"line":200},"12":{"name":"(anonymous_12)","decl":{"start":{"line":225,"column":4},"end":{"line":225,"column":5}},"loc":{"start":{"line":225,"column":37},"end":{"line":241,"column":5}},"line":225},"13":{"name":"(anonymous_13)","decl":{"start":{"line":247,"column":4},"end":{"line":247,"column":5}},"loc":{"start":{"line":247,"column":18},"end":{"line":249,"column":5}},"line":247}},"branchMap":{"0":{"loc":{"start":{"line":26,"column":21},"end":{"line":26,"column":42}},"type":"default-arg","locations":[{"start":{"line":26,"column":37},"end":{"line":26,"column":42}}],"line":26},"1":{"loc":{"start":{"line":29,"column":8},"end":{"line":32,"column":9}},"type":"if","locations":[{"start":{"line":29,"column":8},"end":{"line":32,"column":9}},{"start":{},"end":{}}],"line":29},"2":{"loc":{"start":{"line":38,"column":8},"end":{"line":41,"column":9}},"type":"if","locations":[{"start":{"line":38,"column":8},"end":{"line":41,"column":9}},{"start":{},"end":{}}],"line":38},"3":{"loc":{"start":{"line":38,"column":12},"end":{"line":38,"column":45}},"type":"binary-expr","locations":[{"start":{"line":38,"column":12},"end":{"line":38,"column":26}},{"start":{"line":38,"column":30},"end":{"line":38,"column":45}}],"line":38},"4":{"loc":{"start":{"line":39,"column":35},"end":{"line":39,"column":52}},"type":"binary-expr","locations":[{"start":{"line":39,"column":35},"end":{"line":39,"column":46}},{"start":{"line":39,"column":50},"end":{"line":39,"column":52}}],"line":39},"5":{"loc":{"start":{"line":52,"column":8},"end":{"line":52,"column":43}},"type":"if","locations":[{"start":{"line":52,"column":8},"end":{"line":52,"column":43}},{"start":{},"end":{}}],"line":52},"6":{"loc":{"start":{"line":59,"column":8},"end":{"line":61,"column":9}},"type":"if","locations":[{"start":{"line":59,"column":8},"end":{"line":61,"column":9}},{"start":{},"end":{}}],"line":59},"7":{"loc":{"start":{"line":59,"column":12},"end":{"line":59,"column":53}},"type":"binary-expr","locations":[{"start":{"line":59,"column":12},"end":{"line":59,"column":22}},{"start":{"line":59,"column":26},"end":{"line":59,"column":53}}],"line":59},"8":{"loc":{"start":{"line":79,"column":25},"end":{"line":79,"column":62}},"type":"binary-expr","locations":[{"start":{"line":79,"column":25},"end":{"line":79,"column":40}},{"start":{"line":79,"column":44},"end":{"line":79,"column":62}}],"line":79},"9":{"loc":{"start":{"line":80,"column":8},"end":{"line":84,"column":9}},"type":"if","locations":[{"start":{"line":80,"column":8},"end":{"line":84,"column":9}},{"start":{},"end":{}}],"line":80},"10":{"loc":{"start":{"line":85,"column":8},"end":{"line":87,"column":9}},"type":"if","locations":[{"start":{"line":85,"column":8},"end":{"line":87,"column":9}},{"start":{},"end":{}}],"line":85},"11":{"loc":{"start":{"line":96,"column":8},"end":{"line":96,"column":26}},"type":"if","locations":[{"start":{"line":96,"column":8},"end":{"line":96,"column":26}},{"start":{},"end":{}}],"line":96},"12":{"loc":{"start":{"line":98,"column":8},"end":{"line":104,"column":9}},"type":"if","locations":[{"start":{"line":98,"column":8},"end":{"line":104,"column":9}},{"start":{"line":101,"column":15},"end":{"line":104,"column":9}}],"line":98},"13":{"loc":{"start":{"line":123,"column":8},"end":{"line":125,"column":9}},"type":"if","locations":[{"start":{"line":123,"column":8},"end":{"line":125,"column":9}},{"start":{},"end":{}}],"line":123},"14":{"loc":{"start":{"line":136,"column":8},"end":{"line":139,"column":9}},"type":"if","locations":[{"start":{"line":136,"column":8},"end":{"line":139,"column":9}},{"start":{},"end":{}}],"line":136},"15":{"loc":{"start":{"line":140,"column":8},"end":{"line":143,"column":9}},"type":"if","locations":[{"start":{"line":140,"column":8},"end":{"line":143,"column":9}},{"start":{},"end":{}}],"line":140},"16":{"loc":{"start":{"line":144,"column":8},"end":{"line":146,"column":9}},"type":"if","locations":[{"start":{"line":144,"column":8},"end":{"line":146,"column":9}},{"start":{},"end":{}}],"line":144},"17":{"loc":{"start":{"line":156,"column":8},"end":{"line":160,"column":9}},"type":"if","locations":[{"start":{"line":156,"column":8},"end":{"line":160,"column":9}},{"start":{},"end":{}}],"line":156},"18":{"loc":{"start":{"line":171,"column":8},"end":{"line":171,"column":112}},"type":"if","locations":[{"start":{"line":171,"column":8},"end":{"line":171,"column":112}},{"start":{},"end":{}}],"line":171},"19":{"loc":{"start":{"line":172,"column":8},"end":{"line":172,"column":103}},"type":"if","locations":[{"start":{"line":172,"column":8},"end":{"line":172,"column":103}},{"start":{},"end":{}}],"line":172},"20":{"loc":{"start":{"line":173,"column":8},"end":{"line":173,"column":103}},"type":"if","locations":[{"start":{"line":173,"column":8},"end":{"line":173,"column":103}},{"start":{},"end":{}}],"line":173},"21":{"loc":{"start":{"line":183,"column":8},"end":{"line":183,"column":29}},"type":"if","locations":[{"start":{"line":183,"column":8},"end":{"line":183,"column":29}},{"start":{},"end":{}}],"line":183},"22":{"loc":{"start":{"line":193,"column":8},"end":{"line":193,"column":56}},"type":"if","locations":[{"start":{"line":193,"column":8},"end":{"line":193,"column":56}},{"start":{},"end":{}}],"line":193},"23":{"loc":{"start":{"line":205,"column":8},"end":{"line":210,"column":9}},"type":"if","locations":[{"start":{"line":205,"column":8},"end":{"line":210,"column":9}},{"start":{},"end":{}}],"line":205},"24":{"loc":{"start":{"line":206,"column":26},"end":{"line":206,"column":74}},"type":"cond-expr","locations":[{"start":{"line":206,"column":52},"end":{"line":206,"column":57}},{"start":{"line":206,"column":60},"end":{"line":206,"column":74}}],"line":206},"25":{"loc":{"start":{"line":207,"column":25},"end":{"line":207,"column":57}},"type":"cond-expr","locations":[{"start":{"line":207,"column":43},"end":{"line":207,"column":48}},{"start":{"line":207,"column":51},"end":{"line":207,"column":57}}],"line":207},"26":{"loc":{"start":{"line":208,"column":36},"end":{"line":208,"column":149}},"type":"cond-expr","locations":[{"start":{"line":208,"column":50},"end":{"line":208,"column":85}},{"start":{"line":208,"column":88},"end":{"line":208,"column":149}}],"line":208},"27":{"loc":{"start":{"line":212,"column":8},"end":{"line":218,"column":9}},"type":"if","locations":[{"start":{"line":212,"column":8},"end":{"line":218,"column":9}},{"start":{},"end":{}}],"line":212},"28":{"loc":{"start":{"line":227,"column":8},"end":{"line":227,"column":84}},"type":"if","locations":[{"start":{"line":227,"column":8},"end":{"line":227,"column":84}},{"start":{},"end":{}}],"line":227},"29":{"loc":{"start":{"line":228,"column":8},"end":{"line":228,"column":84}},"type":"if","locations":[{"start":{"line":228,"column":8},"end":{"line":228,"column":84}},{"start":{},"end":{}}],"line":228},"30":{"loc":{"start":{"line":229,"column":8},"end":{"line":229,"column":107}},"type":"if","locations":[{"start":{"line":229,"column":8},"end":{"line":229,"column":107}},{"start":{},"end":{}}],"line":229},"31":{"loc":{"start":{"line":230,"column":8},"end":{"line":230,"column":88}},"type":"if","locations":[{"start":{"line":230,"column":8},"end":{"line":230,"column":88}},{"start":{},"end":{}}],"line":230},"32":{"loc":{"start":{"line":231,"column":8},"end":{"line":231,"column":88}},"type":"if","locations":[{"start":{"line":231,"column":8},"end":{"line":231,"column":88}},{"start":{},"end":{}}],"line":231},"33":{"loc":{"start":{"line":232,"column":8},"end":{"line":232,"column":99}},"type":"if","locations":[{"start":{"line":232,"column":8},"end":{"line":232,"column":99}},{"start":{},"end":{}}],"line":232},"34":{"loc":{"start":{"line":233,"column":8},"end":{"line":233,"column":100}},"type":"if","locations":[{"start":{"line":233,"column":8},"end":{"line":233,"column":100}},{"start":{},"end":{}}],"line":233},"35":{"loc":{"start":{"line":234,"column":8},"end":{"line":234,"column":93}},"type":"if","locations":[{"start":{"line":234,"column":8},"end":{"line":234,"column":93}},{"start":{},"end":{}}],"line":234},"36":{"loc":{"start":{"line":235,"column":8},"end":{"line":235,"column":127}},"type":"if","locations":[{"start":{"line":235,"column":8},"end":{"line":235,"column":127}},{"start":{},"end":{}}],"line":235},"37":{"loc":{"start":{"line":235,"column":69},"end":{"line":235,"column":126}},"type":"cond-expr","locations":[{"start":{"line":235,"column":102},"end":{"line":235,"column":116}},{"start":{"line":235,"column":119},"end":{"line":235,"column":126}}],"line":235},"38":{"loc":{"start":{"line":236,"column":8},"end":{"line":236,"column":108}},"type":"if","locations":[{"start":{"line":236,"column":8},"end":{"line":236,"column":108}},{"start":{},"end":{}}],"line":236},"39":{"loc":{"start":{"line":237,"column":8},"end":{"line":237,"column":94}},"type":"if","locations":[{"start":{"line":237,"column":8},"end":{"line":237,"column":94}},{"start":{},"end":{}}],"line":237},"40":{"loc":{"start":{"line":238,"column":8},"end":{"line":238,"column":80}},"type":"if","locations":[{"start":{"line":238,"column":8},"end":{"line":238,"column":80}},{"start":{},"end":{}}],"line":238},"41":{"loc":{"start":{"line":239,"column":8},"end":{"line":239,"column":113}},"type":"if","locations":[{"start":{"line":239,"column":8},"end":{"line":239,"column":113}},{"start":{},"end":{}}],"line":239},"42":{"loc":{"start":{"line":240,"column":8},"end":{"line":240,"column":105}},"type":"if","locations":[{"start":{"line":240,"column":8},"end":{"line":240,"column":105}},{"start":{},"end":{}}],"line":240}},"s":{"0":1,"1":1,"2":1,"3":1,"4":0,"5":0,"6":0,"7":0,"8":0,"9":0,"10":0,"11":0,"12":0,"13":0,"14":0,"15":0,"16":0,"17":0,"18":0,"19":0,"20":0,"21":0,"22":0,"23":0,"24":0,"25":0,"26":0,"27":0,"28":0,"29":0,"30":0,"31":0,"32":0,"33":0,"34":0,"35":0,"36":0,"37":0,"38":0,"39":0,"40":0,"41":0,"42":0,"43":0,"44":0,"45":0,"46":0,"47":0,"48":0,"49":0,"50":0,"51":0,"52":0,"53":0,"54":0,"55":0,"56":0,"57":0,"58":0,"59":0,"60":0,"61":0,"62":0,"63":0,"64":0,"65":1,"66":1,"67":0,"68":1,"69":0,"70":0,"71":0,"72":0,"73":0,"74":0,"75":0,"76":0,"77":0,"78":0,"79":0,"80":0,"81":0,"82":0,"83":0,"84":0,"85":1,"86":1,"87":1,"88":1,"89":1,"90":1,"91":1,"92":1,"93":1,"94":1,"95":1,"96":1,"97":1,"98":1,"99":1,"100":1,"101":1,"102":1,"103":1,"104":1,"105":1,"106":1,"107":1,"108":1,"109":1,"110":1,"111":1,"112":1,"113":1,"114":0},"f":{"0":1,"1":0,"2":0,"3":0,"4":0,"5":0,"6":0,"7":0,"8":0,"9":1,"10":0,"11":0,"12":1,"13":0},"b":{"0":[0],"1":[0,0],"2":[0,0],"3":[0,0],"4":[0,0],"5":[0,0],"6":[0,0],"7":[0,0],"8":[0,0],"9":[0,0],"10":[0,0],"11":[0,0],"12":[0,0],"13":[0,0],"14":[0,0],"15":[0,0],"16":[0,0],"17":[0,0],"18":[0,0],"19":[0,0],"20":[0,0],"21":[0,1],"22":[0,0],"23":[0,0],"24":[0,0],"25":[0,0],"26":[0,0],"27":[0,0],"28":[1,0],"29":[1,0],"30":[1,0],"31":[1,0],"32":[1,0],"33":[1,0],"34":[1,0],"35":[1,0],"36":[1,0],"37":[1,0],"38":[1,0],"39":[1,0],"40":[1,0],"41":[1,0],"42":[1,0]},"_coverageSchema":"1a1c01bbd47fc00a2c39e90264f33305004495a9","hash":"bf52971c22a88c27148e7416611024c9d9df1a75"},"C:\\Users\\Ash.Davies\\Sites\\personal\\FairShare\\src\\ui\\Export.js":{"path":"C:\\Users\\Ash.Davies\\Sites\\personal\\FairShare\\src\\ui\\Export.js","statementMap":{"0":{"start":{"line":6,"column":12},"end":{"line":68,"column":1}},"1":{"start":{"line":14,"column":8},"end":{"line":14,"column":30}},"2":{"start":{"line":14,"column":20},"end":{"line":14,"column":30}},"3":{"start":{"line":16,"column":25},"end":{"line":16,"column":60}},"4":{"start":{"line":17,"column":8},"end":{"line":17,"column":123}},"5":{"start":{"line":19,"column":28},"end":{"line":19,"column":104}},"6":{"start":{"line":20,"column":8},"end":{"line":20,"column":51}},"7":{"start":{"line":21,"column":8},"end":{"line":21,"column":64}},"8":{"start":{"line":22,"column":8},"end":{"line":22,"column":67}},"9":{"start":{"line":23,"column":8},"end":{"line":23,"column":76}},"10":{"start":{"line":24,"column":8},"end":{"line":24,"column":81}},"11":{"start":{"line":26,"column":8},"end":{"line":26,"column":47}},"12":{"start":{"line":27,"column":8},"end":{"line":27,"column":64}},"13":{"start":{"line":28,"column":8},"end":{"line":28,"column":64}},"14":{"start":{"line":29,"column":8},"end":{"line":29,"column":87}},"15":{"start":{"line":31,"column":8},"end":{"line":31,"column":49}},"16":{"start":{"line":32,"column":21},"end":{"line":32,"column":49}},"17":{"start":{"line":33,"column":8},"end":{"line":42,"column":11}},"18":{"start":{"line":34,"column":25},"end":{"line":34,"column":55}},"19":{"start":{"line":35,"column":12},"end":{"line":41,"column":13}},"20":{"start":{"line":36,"column":32},"end":{"line":39,"column":18}},"21":{"start":{"line":37,"column":33},"end":{"line":37,"column":71}},"22":{"start":{"line":38,"column":20},"end":{"line":38,"column":60}},"23":{"start":{"line":40,"column":16},"end":{"line":40,"column":55}},"24":{"start":{"line":44,"column":8},"end":{"line":44,"column":26}},"25":{"start":{"line":53,"column":27},"end":{"line":53,"column":60}},"26":{"start":{"line":54,"column":8},"end":{"line":57,"column":9}},"27":{"start":{"line":55,"column":12},"end":{"line":55,"column":66}},"28":{"start":{"line":56,"column":12},"end":{"line":56,"column":19}},"29":{"start":{"line":59,"column":27},"end":{"line":59,"column":81}},"30":{"start":{"line":60,"column":21},"end":{"line":60,"column":48}},"31":{"start":{"line":61,"column":8},"end":{"line":61,"column":46}},"32":{"start":{"line":62,"column":8},"end":{"line":62,"column":103}},"33":{"start":{"line":64,"column":8},"end":{"line":64,"column":40}},"34":{"start":{"line":65,"column":8},"end":{"line":65,"column":21}},"35":{"start":{"line":66,"column":8},"end":{"line":66,"column":40}}},"fnMap":{"0":{"name":"(anonymous_0)","decl":{"start":{"line":13,"column":4},"end":{"line":13,"column":5}},"loc":{"start":{"line":13,"column":40},"end":{"line":45,"column":5}},"line":13},"1":{"name":"(anonymous_1)","decl":{"start":{"line":33,"column":21},"end":{"line":33,"column":22}},"loc":{"start":{"line":33,"column":28},"end":{"line":42,"column":9}},"line":33},"2":{"name":"(anonymous_2)","decl":{"start":{"line":36,"column":53},"end":{"line":36,"column":54}},"loc":{"start":{"line":36,"column":60},"end":{"line":39,"column":17}},"line":36},"3":{"name":"(anonymous_3)","decl":{"start":{"line":52,"column":4},"end":{"line":52,"column":5}},"loc":{"start":{"line":52,"column":34},"end":{"line":67,"column":5}},"line":52}},"branchMap":{"0":{"loc":{"start":{"line":14,"column":8},"end":{"line":14,"column":30}},"type":"if","locations":[{"start":{"line":14,"column":8},"end":{"line":14,"column":30}},{"start":{},"end":{}}],"line":14},"1":{"loc":{"start":{"line":19,"column":28},"end":{"line":19,"column":104}},"type":"cond-expr","locations":[{"start":{"line":19,"column":59},"end":{"line":19,"column":84}},{"start":{"line":19,"column":87},"end":{"line":19,"column":104}}],"line":19},"2":{"loc":{"start":{"line":35,"column":12},"end":{"line":41,"column":13}},"type":"if","locations":[{"start":{"line":35,"column":12},"end":{"line":41,"column":13}},{"start":{},"end":{}}],"line":35},"3":{"loc":{"start":{"line":37,"column":33},"end":{"line":37,"column":71}},"type":"binary-expr","locations":[{"start":{"line":37,"column":33},"end":{"line":37,"column":48}},{"start":{"line":37,"column":52},"end":{"line":37,"column":65}},{"start":{"line":37,"column":69},"end":{"line":37,"column":71}}],"line":37},"4":{"loc":{"start":{"line":54,"column":8},"end":{"line":57,"column":9}},"type":"if","locations":[{"start":{"line":54,"column":8},"end":{"line":57,"column":9}},{"start":{},"end":{}}],"line":54}},"s":{"0":1,"1":1,"2":0,"3":1,"4":1,"5":1,"6":1,"7":1,"8":1,"9":1,"10":1,"11":1,"12":1,"13":1,"14":1,"15":1,"16":1,"17":1,"18":2,"19":2,"20":2,"21":4,"22":4,"23":2,"24":1,"25":0,"26":0,"27":0,"28":0,"29":0,"30":0,"31":0,"32":0,"33":0,"34":0,"35":0},"f":{"0":1,"1":2,"2":4,"3":0},"b":{"0":[0,1],"1":[1,0],"2":[2,0],"3":[4,0,0],"4":[0,0]},"_coverageSchema":"1a1c01bbd47fc00a2c39e90264f33305004495a9","hash":"1a1050f72ddb63b71b95af43c31c0e35c0567918"},"C:\\Users\\Ash.Davies\\Sites\\personal\\FairShare\\src\\main.js":{"path":"C:\\Users\\Ash.Davies\\Sites\\personal\\FairShare\\src\\main.js","statementMap":{"0":{"start":{"line":16,"column":12},"end":{"line":847,"column":1}},"1":{"start":{"line":21,"column":8},"end":{"line":21,"column":26}},"2":{"start":{"line":22,"column":8},"end":{"line":22,"column":29}},"3":{"start":{"line":23,"column":8},"end":{"line":23,"column":60}},"4":{"start":{"line":24,"column":8},"end":{"line":24,"column":78}},"5":{"start":{"line":24,"column":56},"end":{"line":24,"column":76}},"6":{"start":{"line":26,"column":8},"end":{"line":26,"column":29}},"7":{"start":{"line":27,"column":8},"end":{"line":27,"column":26}},"8":{"start":{"line":28,"column":8},"end":{"line":28,"column":31}},"9":{"start":{"line":31,"column":8},"end":{"line":31,"column":102}},"10":{"start":{"line":31,"column":71},"end":{"line":31,"column":100}},"11":{"start":{"line":34,"column":30},"end":{"line":34,"column":94}},"12":{"start":{"line":35,"column":8},"end":{"line":35,"column":105}},"13":{"start":{"line":42,"column":23},"end":{"line":42,"column":61}},"14":{"start":{"line":43,"column":8},"end":{"line":43,"column":28}},"15":{"start":{"line":43,"column":21},"end":{"line":43,"column":28}},"16":{"start":{"line":45,"column":28},"end":{"line":49,"column":9}},"17":{"start":{"line":46,"column":12},"end":{"line":46,"column":46}},"18":{"start":{"line":48,"column":12},"end":{"line":48,"column":51}},"19":{"start":{"line":48,"column":29},"end":{"line":48,"column":44}},"20":{"start":{"line":51,"column":8},"end":{"line":55,"column":9}},"21":{"start":{"line":52,"column":12},"end":{"line":52,"column":70}},"22":{"start":{"line":54,"column":12},"end":{"line":54,"column":41}},"23":{"start":{"line":58,"column":8},"end":{"line":58,"column":38}},"24":{"start":{"line":66,"column":8},"end":{"line":66,"column":27}},"25":{"start":{"line":67,"column":20},"end":{"line":94,"column":9}},"26":{"start":{"line":96,"column":8},"end":{"line":103,"column":11}},"27":{"start":{"line":97,"column":23},"end":{"line":97,"column":50}},"28":{"start":{"line":98,"column":12},"end":{"line":102,"column":13}},"29":{"start":{"line":100,"column":28},"end":{"line":100,"column":78}},"30":{"start":{"line":100,"column":59},"end":{"line":100,"column":77}},"31":{"start":{"line":101,"column":16},"end":{"line":101,"column":40}},"32":{"start":{"line":105,"column":8},"end":{"line":105,"column":77}},"33":{"start":{"line":106,"column":8},"end":{"line":106,"column":80}},"34":{"start":{"line":114,"column":8},"end":{"line":141,"column":11}},"35":{"start":{"line":115,"column":23},"end":{"line":115,"column":131}},"36":{"start":{"line":115,"column":74},"end":{"line":115,"column":92}},"37":{"start":{"line":116,"column":12},"end":{"line":116,"column":28}},"38":{"start":{"line":116,"column":21},"end":{"line":116,"column":28}},"39":{"start":{"line":118,"column":36},"end":{"line":127,"column":19}},"40":{"start":{"line":119,"column":26},"end":{"line":119,"column":34}},"41":{"start":{"line":120,"column":16},"end":{"line":120,"column":72}},"42":{"start":{"line":120,"column":45},"end":{"line":120,"column":72}},"43":{"start":{"line":121,"column":16},"end":{"line":121,"column":68}},"44":{"start":{"line":124,"column":16},"end":{"line":124,"column":94}},"45":{"start":{"line":124,"column":50},"end":{"line":124,"column":94}},"46":{"start":{"line":125,"column":16},"end":{"line":125,"column":116}},"47":{"start":{"line":125,"column":86},"end":{"line":125,"column":116}},"48":{"start":{"line":126,"column":16},"end":{"line":126,"column":120}},"49":{"start":{"line":126,"column":88},"end":{"line":126,"column":120}},"50":{"start":{"line":129,"column":12},"end":{"line":140,"column":15}},"51":{"start":{"line":130,"column":16},"end":{"line":130,"column":47}},"52":{"start":{"line":131,"column":16},"end":{"line":134,"column":17}},"53":{"start":{"line":132,"column":20},"end":{"line":132,"column":44}},"54":{"start":{"line":133,"column":20},"end":{"line":133,"column":56}},"55":{"start":{"line":135,"column":16},"end":{"line":138,"column":17}},"56":{"start":{"line":136,"column":20},"end":{"line":136,"column":82}},"57":{"start":{"line":137,"column":20},"end":{"line":137,"column":42}},"58":{"start":{"line":139,"column":16},"end":{"line":139,"column":34}},"59":{"start":{"line":144,"column":8},"end":{"line":146,"column":9}},"60":{"start":{"line":145,"column":12},"end":{"line":145,"column":88}},"61":{"start":{"line":145,"column":59},"end":{"line":145,"column":87}},"62":{"start":{"line":148,"column":8},"end":{"line":150,"column":9}},"63":{"start":{"line":149,"column":12},"end":{"line":149,"column":73}},"64":{"start":{"line":149,"column":54},"end":{"line":149,"column":72}},"65":{"start":{"line":152,"column":8},"end":{"line":154,"column":9}},"66":{"start":{"line":153,"column":12},"end":{"line":153,"column":76}},"67":{"start":{"line":153,"column":58},"end":{"line":153,"column":75}},"68":{"start":{"line":156,"column":8},"end":{"line":158,"column":9}},"69":{"start":{"line":157,"column":12},"end":{"line":157,"column":89}},"70":{"start":{"line":157,"column":70},"end":{"line":157,"column":88}},"71":{"start":{"line":161,"column":8},"end":{"line":169,"column":11}},"72":{"start":{"line":162,"column":12},"end":{"line":168,"column":14}},"73":{"start":{"line":163,"column":16},"end":{"line":163,"column":63}},"74":{"start":{"line":164,"column":16},"end":{"line":164,"column":57}},"75":{"start":{"line":165,"column":16},"end":{"line":165,"column":45}},"76":{"start":{"line":166,"column":16},"end":{"line":166,"column":45}},"77":{"start":{"line":167,"column":16},"end":{"line":167,"column":38}},"78":{"start":{"line":171,"column":8},"end":{"line":183,"column":11}},"79":{"start
[...]
},{"start":{},"end":{}}],"line":409},"62":{"loc":{"start":{"line":417,"column":25},"end":{"line":417,"column":68}},"type":"binary-expr","locations":[{"start":{"line":417,"column":25},"end":{"line":417,"column":63}},{"start":{"line":417,"column":67},"end":{"line":417,"column":68}}],"line":417},"63":{"loc":{"start":{"line":418,"column":8},"end":{"line":418,"column":30}},"type":"if","locations":[{"start":{"line":418,"column":8},"end":{"line":418,"column":30}},{"start":{},"end":{}}],"line":418},"64":{"loc":{"start":{"line":423,"column":22},"end":{"line":423,"column":72}},"type":"cond-expr","locations":[{"start":{"line":423,"column":51},"end":{"line":423,"column":63}},{"start":{"line":423,"column":66},"end":{"line":423,"column":72}}],"line":423},"65":{"loc":{"start":{"line":441,"column":12},"end":{"line":444,"column":13}},"type":"if","locations":[{"start":{"line":441,"column":12},"end":{"line":444,"column":13}},{"start":{},"end":{}}],"line":441},"66":{"loc":{"start":{"line":456,"column":8},"end":{"line":458,"column":9}},"type":"if","locations":[{"start":{"line":456,"column":8},"end":{"line":458,"column":9}},{"start":{},"end":{}}],"line":456},"67":{"loc":{"start":{"line":468,"column":8},"end":{"line":468,"column":30}},"type":"if","locations":[{"start":{"line":468,"column":8},"end":{"line":468,"column":30}},{"start":{},"end":{}}],"line":468},"68":{"loc":{"start":{"line":470,"column":8},"end":{"line":487,"column":9}},"type":"if","locations":[{"start":{"line":470,"column":8},"end":{"line":487,"column":9}},{"start":{"line":485,"column":15},"end":{"line":487,"column":9}}],"line":470},"69":{"loc":{"start":{"line":476,"column":25},"end":{"line":478,"column":51}},"type":"cond-expr","locations":[{"start":{"line":477,"column":18},"end":{"line":477,"column":79}},{"start":{"line":478,"column":18},"end":{"line":478,"column":51}}],"line":476},"70":{"loc":{"start":{"line":496,"column":8},"end":{"line":499,"column":9}},"type":"if","locations":[{"start":{"line":496,"column":8},"end":{"line":499,"column":9}},{"start":{},"end":{}}],"line":496},"71":{"loc":{"start":{"line":497,"column":12},"end":{"line":498,"column":57}},"type":"if","locations":[{"start":{"line":497,"column":12},"end":{"line":498,"column":57}},{"start":{"line":498,"column":17},"end":{"line":498,"column":57}}],"line":497},"72":{"loc":{"start":{"line":509,"column":8},"end":{"line":509,"column":29}},"type":"if","locations":[{"start":{"line":509,"column":8},"end":{"line":509,"column":29}},{"start":{},"end":{}}],"line":509},"73":{"loc":{"start":{"line":510,"column":8},"end":{"line":524,"column":9}},"type":"if","locations":[{"start":{"line":510,"column":8},"end":{"line":524,"column":9}},{"start":{"line":519,"column":15},"end":{"line":524,"column":9}}],"line":510},"74":{"loc":{"start":{"line":512,"column":30},"end":{"line":512,"column":108}},"type":"cond-expr","locations":[{"start":{"line":512,"column":44},"end":{"line":512,"column":76}},{"start":{"line":512,"column":79},"end":{"line":512,"column":108}}],"line":512},"75":{"loc":{"start":{"line":515,"column":12},"end":{"line":518,"column":13}},"type":"if","locations":[{"start":{"line":515,"column":12},"end":{"line":518,"column":13}},{"start":{},"end":{}}],"line":515},"76":{"loc":{"start":{"line":521,"column":12},"end":{"line":523,"column":13}},"type":"if","locations":[{"start":{"line":521,"column":12},"end":{"line":523,"column":13}},{"start":{},"end":{}}],"line":521},"77":{"loc":{"start":{"line":532,"column":20},"end":{"line":532,"column":70}},"type":"binary-expr","locations":[{"start":{"line":532,"column":20},"end":{"line":532,"column":65}},{"start":{"line":532,"column":69},"end":{"line":532,"column":70}}],"line":532},"78":{"loc":{"start":{"line":534,"column":8},"end":{"line":534,"column":27}},"type":"if","locations":[{"start":{"line":534,"column":8},"end":{"line":534,"column":27}},{"start":{},"end":{}}],"line":534},"79":{"loc":{"start":{"line":536,"column":8},"end":{"line":539,"column":9}},"type":"if","locations":[{"start":{"line":536,"column":8},"end":{"line":539,"column":9}},{"start":{},"end":{}}],"line":536},"80":{"loc":{"start":{"line":536,"column":12},"end":{"line":536,"column":62}},"type":"binary-expr","locations":[{"start":{"line":536,"column":12},"end":{"line":536,"column":50}},{"start":{"line":536,"column":54},"end":{"line":536,"column":62}}],"line":536},"81":{"loc":{"start":{"line":552,"column":23},"end":{"line":554,"column":68}},"type":"cond-expr","locations":[{"start":{"line":553,"column":14},"end":{"line":553,"column":60}},{"start":{"line":554,"column":14},"end":{"line":554,"column":68}}],"line":552},"82":{"loc":{"start":{"line":559,"column":12},"end":{"line":559,"column":44}},"type":"if","locations":[{"start":{"line":559,"column":12},"end":{"line":559,"column":44}},{"start":{},"end":{}}],"line":559},"83":{"loc":{"start":{"line":573,"column":8},"end":{"line":573,"column":123}},"type":"if","locations":[{"start":{"line":573,"column":8},"end":{"line":573,"column":123}},{"start":{},"end":{}}],"line":573},"84":{"loc":{"start":{"line":574,"column":8},"end":{"line":574,"column":112}},"type":"if","locations":[{"start":{"line":574,"column":8},"end":{"line":574,"column":112}},{"start":{},"end":{}}],"line":574},"85":{"loc":{"start":{"line":575,"column":8},"end":{"line":575,"column":112}},"type":"if","locations":[{"start":{"line":575,"column":8},"end":{"line":575,"column":112}},{"start":{},"end":{}}],"line":575},"86":{"loc":{"start":{"line":577,"column":8},"end":{"line":577,"column":101}},"type":"if","locations":[{"start":{"line":577,"column":8},"end":{"line":577,"column":101}},{"start":{},"end":{}}],"line":577},"87":{"loc":{"start":{"line":578,"column":8},"end":{"line":578,"column":101}},"type":"if","locations":[{"start":{"line":578,"column":8},"end":{"line":578,"column":101}},{"start":{},"end":{}}],"line":578},"88":{"loc":{"start":{"line":579,"column":8},"end":{"line":579,"column":120}},"type":"if","locations":[{"start":{"line":579,"column":8},"end":{"line":579,"column":120}},{"start":{},"end":{}}],"line":579},"89":{"loc":{"start":{"line":606,"column":27},"end":{"line":606,"column":55}},"type":"binary-expr","locations":[{"start":{"line":606,"column":27},"end":{"line":606,"column":50}},{"start":{"line":606,"column":54},"end":{"line":606,"column":55}}],"line":606},"90":{"loc":{"start":{"line":608,"column":8},"end":{"line":608,"column":41}},"type":"if","locations":[{"start":{"line":608,"column":8},"end":{"line":608,"column":41}},{"start":{},"end":{}}],"line":608},"91":{"loc":{"start":{"line":609,"column":8},"end":{"line":609,"column":70}},"type":"if","locations":[{"start":{"line":609,"column":8},"end":{"line":609,"column":70}},{"start":{},"end":{}}],"line":609},"92":{"loc":{"start":{"line":619,"column":8},"end":{"line":619,"column":90}},"type":"if","locations":[{"start":{"line":619,"column":8},"end":{"line":619,"column":90}},{"start":{},"end":{}}],"line":619},"93":{"loc":{"start":{"line":620,"column":8},"end":{"line":620,"column":90}},"type":"if","locations":[{"start":{"line":620,"column":8},"end":{"line":620,"column":90}},{"start":{},"end":{}}],"line":620},"94":{"loc":{"start":{"line":621,"column":8},"end":{"line":621,"column":87}},"type":"if","locations":[{"start":{"line":621,"column":8},"end":{"line":621,"column":87}},{"start":{},"end":{}}],"line":621},"95":{"loc":{"start":{"line":630,"column":24},"end":{"line":630,"column":134}},"type":"binary-expr","locations":[{"start":{"line":630,"column":24},"end":{"line":630,"column":67}},{"start":{"line":630,"column":71},"end":{"line":630,"column":134}}],"line":630},"96":{"loc":{"start":{"line":638,"column":8},"end":{"line":640,"column":9}},"type":"if","locations":[{"start":{"line":638,"column":8},"end":{"line":640,"column":9}},{"start":{},"end":{}}],"line":638},"97":{"loc":{"start":{"line":666,"column":28},"end":{"line":666,"column":138}},"type":"binary-expr","locations":[{"start":{"line":666,"column":28},"end":{"line":666,"column":71}},{"start":{"line":666,"column":75},"end":{"line":666,"column":138}}],"line":666},"98":{"loc":{"start":{"line":667,"column":26},"end":{"line":667,"column":90}},"type":"binary-expr","locations":[{"start":{"line":667,"column":26},"end":{"line":667,"column":53}},{"start":{"line":667,"column":57},"end":{"line":667,"column":90}}],"line":667},"99":{"loc":{"start":{"line":669,"column":12},"end":{"line":675,"column":13}},"type":"if","locations":[{"start":{"line":669,"column":12},"end":{"line":675,"column":13}},{"start":{"line":672,"column":19},"end":{"line":675,"column":13}}],"line":669},"100":{"loc":{"start":{"line":679,"column":9},"end":{"line":679,"column":37}},"type":"binary-expr","locations":[{"start":{"line":679,"column":9},"end":{"line":679,"column":31}},{"start":{"line":679,"column":35},"end":{"line":679,"column":37}}],"line":679},"101":{"loc":{"start":{"line":695,"column":12},"end":{"line":699,"column":13}},"type":"if","locations":[{"start":{"line":695,"column":12},"end":{"line":699,"column":13}},{"start":{},"end":{}}],"line":695},"102":{"loc":{"start":{"line":697,"column":16},"end":{"line":697,"column":72}},"type":"if","locations":[{"start":{"line":697,"column":16},"end":{"line":697,"column":72}},{"start":{},"end":{}}],"line":697},"103":{"loc":{"start":{"line":697,"column":51},"end":{"line":697,"column":71}},"type":"binary-expr","locations":[{"start":{"line":697,"column":51},"end":{"line":697,"column":66}},{"start":{"line":697,"column":70},"end":{"line":697,"column":71}}],"line":697},"104":{"loc":{"start":{"line":698,"column":28},"end":{"line":698,"column":49}},"type":"binary-expr","locations":[{"start":{"line":698,"column":28},"end":{"line":698,"column":37}},{"start":{"line":698,"column":41},"end":{"line":698,"column":49}}],"line":698},"105":{"loc":{"start":{"line":709,"column":12},"end":{"line":724,"column":13}},"type":"if","locations":[{"start":{"line":709,"column":12},"end":{"line":724,"column":13}},{"start":{},"end":{}}],"line":709},"106":{"loc":{"start":{"line":711,"column":16},"end":{"line":723,"column":17}},"type":"if","locations":[{"start":{"line":711,"column":16},"end":{"line":723,"column":17}},{"start":{"line":717,"column":21},"end":{"line":723,"column":17}}],"line":711},"107":{"loc":{"start":{"line":712,"column":20},"end":{"line":712,"column":108}},"type":"if","locations":[{"start":{"line":712,"column":20},"end":{"line":712,"column":108}},{"start":{},"end":{}}],"line":712},"108":{"loc":{"start":{"line":717,"column":21},"end":{"line":723,"column":17}},"type":"if","locations":[{"start":{"line":717,"column":21},"end":{"line":723,"column":17}},{"start":{"line":721,"column":21},"end":{"line":723,"column":17}}],"line":717},"109":{"loc":{"start":{"line":739,"column":8},"end":{"line":741,"column":9}},"type":"if","locations":[{"start":{"line":739,"column":8},"end":{"line":741,"column":9}},{"start":{},"end":{}}],"line":739},"110":{"loc":{"start":{"line":742,"column":8},"end":{"line":745,"column":9}},"type":"if","locations":[{"start":{"line":742,"column":8},"end":{"line":745,"column":9}},{"start":{},"end":{}}],"line":742},"111":{"loc":{"start":{"line":746,"column":8},"end":{"line":748,"column":9}},"type":"if","locations":[{"start":{"line":746,"column":8},"end":{"line":748,"column":9}},{"start":{},"end":{}}],"line":746},"112":{"loc":{"start":{"line":749,"column":8},"end":{"line":751,"column":9}},"type":"if","locations":[{"start":{"line":749,"column":8},"end":{"line":751,"column":9}},{"start":{},"end":{}}],"line":749},"113":{"loc":{"start":{"line":756,"column":8},"end":{"line":759,"column":9}},"type":"if","locations":[{"start":{"line":756,"column":8},"end":{"line":759,"column":9}},{"start":{},"end":{}}],"line":756},"114":{"loc":{"start":{"line":772,"column":8},"end":{"line":774,"column":9}},"type":"if","locations":[{"start":{"line":772,"column":8},"end":{"line":774,"column":9}},{"start":{},"end":{}}],"line":772},"115":{"loc":{"start":{"line":794,"column":8},"end":{"line":794,"column":35}},"type":"if","locations":[{"start":{"line":794,"column":8},"end":{"line":794,"column":35}},{"start":{},"end":{}}],"line":794},"116":{"loc":{"start":{"line":794,"column":12},"end":{"line":794,"column":26}},"type":"binary-expr","locations":[{"start":{"line":794,"column":12},"end":{"line":794,"column":17}},{"start":{"line":794,"column":21},"end":{"line":794,"column":26}}],"line":794},"117":{"loc":{"start":{"line":807,"column":8},"end":{"line":812,"column":9}},"type":"if","locations":[{"start":{"line":807,"column":8},"end":{"line":812,"column":9}},{"start":{"line":810,"column":15},"end":{"line":812,"column":9}}],"line":807},"118":{"loc":{"start":{"line":815,"column":25},"end":{"line":815,"column":46}},"type":"binary-expr","locations":[{"start":{"line":815,"column":25},"end":{"line":815,"column":36}},{"start":{"line":815,"column":40},"end":{"line":815,"column":46}}],"line":815},"119":{"loc":{"start":{"line":825,"column":8},"end":{"line":825,"column":66}},"type":"if","locations":[{"start":{"line":825,"column":8},"end":{"line":825,"column":66}},{"start":{},"end":{}}],"line":825},"120":{"loc":{"start":{"line":838,"column":24},"end":{"line":838,"column":87}},"type":"binary-expr","locations":[{"start":{"line":838,"column":24},"end":{"line":838,"column":52}},{"start":{"line":838,"column":56},"end":{"line":838,"column":87}}],"line":838},"121":{"loc":{"start":{"line":839,"column":8},"end":{"line":839,"column":81}},"type":"if","locations":[{"start":{"line":839,"column":8},"end":{"line":839,"column":81}},{"start":{},"end":{}}],"line":839},"122":{"loc":{"start":{"line":839,"column":12},"end":{"line":839,"column":72}},"type":"binary-expr","locations":[{"start":{"line":839,"column":13},"end":{"line":839,"column":34}},{"start":{"line":839,"column":38},"end":{"line":839,"column":60}},{"start":{"line":839,"column":65},"end":{"line":839,"column":72}}],"line":839},"123":{"loc":{"start":{"line":841,"column":8},"end":{"line":845,"column":9}},"type":"if","locations":[{"start":{"line":841,"column":8},"end":{"line":845,"column":9}},{"start":{"line":843,"column":15},"end":{"line":845,"column":9}}],"line":841},"124":{"loc":{"start":{"line":841,"column":12},"end":{"line":841,"column":55}},"type":"binary-expr","locations":[{"start":{"line":841,"column":12},"end":{"line":841,"column":34}},{"start":{"line":841,"column":38},"end":{"line":841,"column":55}}],"line":841},"125":{"loc":{"start":{"line":843,"column":15},"end":{"line":845,"column":9}},"type":"if","locations":[{"start":{"line":843,"column":15},"end":{"line":845,"column":9}},{"start":{},"end":{}}],"line":843}},"s":{"0":1,"1":0,"2":0,"3":0,"4":0,"5":0,"6":0,"7":0,"8":0,"9":0,"10":0,"11":0,"12":0,"13":0,"14":0,"15":0,"16":0,"17":0,"18":0,"19":0,"20":0,"21":0,"22":0,"23":0,"24":0,"25":0,"26":0,"27":0,"28":0,"29":0,"30":0,"31":0,"32":0,"33":0,"34":0,"35":0,"36":0,"37":0,"38":0,"39":0,"40":0,"41":0,"42":0,"43":0,"44":0,"45":0,"46":0,"47":0,"48":0,"49":0,"50":0,"51":0,"52":0,"53":0,"54":0,"55":0,"56":0,"57":0,"58":0,"59":0,"60":0,"61":0,"62":0,"63":0,"64":0,"65":0,"66":0,"67":0,"68":0,"69":0,"70":0,"71":0,"72":0,"73":0,"74":0,"75":0,"76":0,"77":0,"78":0,"79":0,"80":0,"81":0,"82":0,"83":0,"84":0,"85":0,"86":0,"87":0,"88":0,"89":0,"90":0,"91":0,"92":0,"93":0,"94":0,"95":0,"96":0,"97":0,"98":0,"99":0,"100":0,"101":0,"102":0,"103":0,"104":0,"105":0,"106":0,"107":0,"108":0,"109":0,"110":0,"111":0,"112":0,"113":0,"114":0,"115":0,"116":0,"117":0,"118":0,"119":0,"120":0,"121":0,"122":0,"123":0,"124":0,"125":0,"126":0,"127":0,"128":0,"129":0,"130":0,"131":0,"132":0,"133":0,"134":0,"135":0,"136":0,"137":0,"138":0,"139":0,"140":0,"141":0,"142":0,"143":0,"144":0,"145":0,"146":0,"147":0,"148":0,"149":0,"150":0,"151":0,"152":0,"153":0,"154":0,"155":0,"156":0,"157":0,"158":0,"159":0,"160":0,"161":0,"162":0,"163":0,"164":0,"165":0,"166":0,"167":0,"168":0,"169":0,"170":0,"171":0,"172":0,"173":0,"174":0,"175":0,"176":0,"177":0,"178":0,"179":0,"180":0,"181":0,"182":0,"183":0,"184":0,"185":0,"186":0,"187":0,"188":0,"189":0,"190":0,"191":0,"192":0,"193":0,"194":0,"195":0,"196":0,"197":0,"198":0,"199":0,"200":0,"201":0,"202":0,"203":0,"204":0,"205":0,"206":0,"207":0,"208":0,"209":0,"210":0,"211":0,"212":0,"213":0,"214":0,"215":0,"216":0,"217":0,"218":0,"219":0,"220":0,"221":0,"222":0,"223":0,"224":0,"225":0,"226":0,"227":0,"228":0,"229":0,"230":0,"231":0,"232":0,"233":0,"234":0,"235":0,"236":0,"237":0,"238":0,"239":0,"240":0,"241":0,"242":0,"243":0,"244":0,"245":0,"246":0,"247":0,"248":0,"249":0,"250":0,"251":0,"252":0,"253":0,"254":0,"255":0,"256":0,"257":0,"258":0,"259":0,"260":0,"261":0,"262":0,"263":0,"264":0,"265":0,"266":0,"267":0,"268":0,"269":0,"270":0,"271":0,"272":0,"273":0,"274":0,"275":0,"276":0,"277":0,"278":0,"279":0,"280":0,"281":0,"282":0,"283":0,"284":0,"285":0,"286":0,"287":0,"288":0,"289":0,"290":0,"291":0,"292":0,"293":0,"294":0,"295":0,"296":0,"297":0,"298":0,"299":0,"300":0,"301":0,"302":0,"303":0,"304":0,"305":0,"306":0,"307":0,"308":0,"309":0,"310":0,"311":0,"312":0,"313":0,"314":0,"315":0,"316":0,"317":0,"318":0,"319":0,"320":0,"321":0,"322":0,"323":0,"324":0,"325":0,"326":0,"327":0,"328":0,"329":0,"330":0,"331":0,"332":0,"333":0,"334":0,"335":0,"336":0,"337":0,"338":0,"339":0,"340":0,"341":0,"342":0,"343":0,"344":0,"345":0,"346":0,"347":0,"348":0,"349":0,"350":0,"351":0,"352":0,"353":0,"354":0,"355":0,"356":0,"357":0,"358":0,"359":0,"360":0,"361":0,"362":0,"363":0,"364":0,"365":0,"366":0,"367":0,"368":0,"369":0,"370":0,"371":0,"372":0,"373":0,"374":0,"375":0,"376":0,"377":0,"378":0,"379":0,"380":0,"381":0,"382":0,"383":0,"384":0,"385":0,"386":0,"387":0,"388":0,"389":0,"390":0,"391":0,"392":0,"393":0,"394":0,"395":0,"396":0,"397":0,"398":0,"399":0,"400":0,"401":0,"402":0,"403":0,"404":0,"405":0,"406":0,"407":0,"408":0,"409":0,"410":0,"411":0,"412":0,"413":0,"414":0,"415":0,"416":0,"417":0,"418":0,"419":0,"420":0,"421":0,"422":0,"423":0,"424":0,"425":0,"426":0,"427":0,"428":0,"429":0,"430":0,"431":0,"432":0,"433":0,"434":0,"435":0,"436":0,"437":1,"438":1,"439":0},"f":{"0":0,"1":0,"2":0,"3":0,"4":0,"5":0,"6":0,"7":0,"8":0,"9":0,"10":0,"11":0,"12":0,"13":0,"14":0,"15":0,"16":0,"17":0,"18":0,"19":0,"20":0,"21":0,"22":0,"23":0,"24":0,"25":0,"26":0,"27":0,"28":0,"29":0,"30":0,"31":0,"32":0,"33":0,"34":0,"35":0,"36":0,"37":0,"38":0,"39":0,"40":0,"41":0,"42":0,"43":0,"44":0,"45":0,"46":0,"47":0,"48":0,"49":0,"50":0,"51":0,"52":0,"53":0,"54":0,"55":0,"56":0,"57":0,"58":0,"59":0,"60":0,"61":0,"62":0,"63":0,"64":0,"65":0,"66":0,"67":0,"68":0,"69":0,"70":0,"71":0,"72":0,"73":0,"74":0,"75":0,"76":0,"77":0,"78":0,"79":0,"80":0,"81":0,"82":0,"83":0,"84":0,"85":0,"86":0},"b":{"0":[0,0],"1":[0,0],"2":[0,0],"3":[0,0],"4":[0,0],"5":[0,0],"6":[0,0],"7":[0,0],"8":[0,0],"9":[0,0],"10":[0,0],"11":[0,0],"12":[0,0],"13":[0,0],"14":[0,0],"15":[0,0],"16":[0,0],"17":[0,0],"18":[0,0],"19":[0,0],"20":[0,0],"21":[0,0],"22":[0,0],"23":[0,0],"24":[0,0],"25":[0,0],"26":[0,0],"27":[0,0],"28":[0,0],"29":[0,0],"30":[0,0],"31":[0,0],"32":[0,0],"33":[0,0],"34":[0,0],"35":[0,0],"36":[0,0],"37":[0,0],"38":[0,0],"39":[0,0],"40":[0,0],"41":[0,0],"42":[0,0],"43":[0,0],"44":[0,0],"45":[0,0],"46":[0,0],"47":[0,0],"48":[0,0],"49":[0,0],"50":[0,0],"51":[0,0],"52":[0,0],"53":[0,0],"54":[0,0],"55":[0,0],"56":[0,0],"57":[0,0],"58":[0,0],"59":[0,0],"60":[0,0],"61":[0,0],"62":[0,0],"63":[0,0],"64":[0,0],"65":[0,0],"66":[0,0],"67":[0,0],"68":[0,0],"69":[0,0],"70":[0,0],"71":[0,0],"72":[0,0],"73":[0,0],"74":[0,0],"75":[0,0],"76":[0,0],"77":[0,0],"78":[0,0],"79":[0,0],"80":[0,0],"81":[0,0],"82":[0,0],"83":[0,0],"84":[0,0],"85":[0,0],"86":[0,0],"87":[0,0],"88":[0,0],"89":[0,0],"90":[0,0],"91":[0,0],"92":[0,0],"93":[0,0],"94":[0,0],"95":[0,0],"96":[0,0],"97":[0,0],"98":[0,0],"99":[0,0],"100":[0,0],"101":[0,0],"102":[0,0],"103":[0,0],"104":[0,0],"105":[0,0],"106":[0,0],"107":[0,0],"108":[0,0],"109":[0,0],"110":[0,0],"111":[0,0],"112":[0,0],"113":[0,0],"114":[0,0],"115":[0,0],"116":[0,0],"117":[0,0],"118":[0,0],"119":[0,0],"120":[0,0],"121":[0,0],"122":[0,0,0],"123":[0,0],"124":[0,0],"125":[0,0]},"_coverageSchema":"1a1c01bbd47fc00a2c39e90264f33305004495a9","hash":"bf4f7cb78d4c1476bde19bd695624f8653812462"}}